"../../../Engine/Content/EditorResources/S_Actor.uasset" 0
"../../../Engine/Content/EngineResources/AICON-Red.uasset" 1
"../../../Engine/Content/EngineResources/AICON-Green.uasset" 2
"../../../Engine/Content/EngineFonts/Roboto.uasset" 3
"../../../Engine/Content/Functions/Engine_MaterialFunctions01/Shading/PowerToRoughness.uasset" 4
"../../../Engine/Content/Functions/Engine_MaterialFunctions01/Shading/ConvertFromDiffSpec.uasset" 5
"../../../Engine/Content/EngineMaterials/DefaultDiffuse.uasset" 6
"../../../Engine/Content/EngineMaterials/DefaultDeferredDecalMaterial.uasset" 7
"../../../Engine/Content/EngineMaterials/DefaultLightFunctionMaterial.uasset" 8
"../../../Engine/Content/Functions/Engine_MaterialFunctions02/Utility/BreakOutFloat2Components.uasset" 9
"../../../Engine/Content/EngineMaterials/DefaultPostProcessMaterial.uasset" 10
"../../../Engine/Content/EngineResources/DefaultTexture.uasset" 11
"../../../Engine/Content/Functions/Engine_MaterialFunctions01/Texturing/ScaleUVsByCenter.uasset" 12
"../../../Engine/Content/Functions/Engine_MaterialFunctions02/ScreenResolution.uasset" 13
"../../../Engine/Content/Functions/Engine_MaterialFunctions02/Texturing/ScreenAlignedUVs.uasset" 14
"../../../Engine/Content/EngineResources/WhiteSquareTexture.uasset" 15
"../../../Engine/Content/EngineMaterials/Widget3DPassThrough.uasset" 16
"../../../Engine/Content/EngineMaterials/Widget3DPassThrough_Translucent.uasset" 17
"../../../Engine/Content/EngineMaterials/Widget3DPassThrough_Translucent_OneSided.uasset" 18
"../../../Engine/Content/EngineMaterials/Widget3DPassThrough_Opaque.uasset" 19
"../../../Engine/Content/EngineMaterials/Widget3DPassThrough_Opaque_OneSided.uasset" 20
"../../../Engine/Content/EngineMaterials/Widget3DPassThrough_Masked.uasset" 21
"../../../Engine/Content/EngineMaterials/Widget3DPassThrough_Masked_OneSided.uasset" 22
"../../../Engine/Content/Maps/Templates/Thumbnails/Default.uasset" 23
"../../../Engine/Content/Maps/Templates/Thumbnails/VR-Basic.uasset" 24
"../../../Engine/Content/EditorMaterials/ParticleSystems/PSysThumbnail_NoImage.uasset" 25
"../../../Engine/Content/EditorMaterials/ParticleSystems/PSysThumbnail_OOD.uasset" 26
"../../../Engine/Content/EditorLandscapeResources/DataLayer.uasset" 27
"../../../Engine/Content/EngineDamageTypes/DmgTypeBP_Environmental.uasset" 28
"../../../Engine/Content/EngineMeshes/Sphere.uasset" 29
"../../../Engine/Content/EngineFonts/RobotoDistanceField.uasset" 30
"../../../Engine/Content/EngineMaterials/DefaultTextMaterialOpaque.uasset" 31
"../../../Engine/Content/EditorResources/S_Trigger.uasset" 32
"../../../Engine/Content/EngineResources/GradientTexture0.uasset" 33
"../../../Engine/Content/EngineResources/Black.uasset" 34
"../../../Engine/Content/EditorMaterials/MatineeGroups/MAT_Groups_Float.uasset" 35
"../../../Engine/Content/EditorMaterials/MatineeGroups/MAT_Groups_Director.uasset" 36
"../../../Engine/Content/EditorMaterials/MatineeGroups/MAT_Groups_Event.uasset" 37
"../../../Engine/Content/EditorMaterials/MatineeGroups/MAT_Groups_Anim.uasset" 38
"../../../Engine/Content/EditorMaterials/MatineeGroups/MAT_Groups_Fade.uasset" 39
"../../../Engine/Content/EditorMaterials/MatineeGroups/MAT_Groups_Move.uasset" 40
"../../../Engine/Content/EditorMaterials/MatineeGroups/MAT_Groups_Slomo.uasset" 41
"../../../Engine/Content/EditorMaterials/MatineeGroups/MAT_ColorTrack.uasset" 42
"../../../Engine/Content/EditorMaterials/MAT_Groups_Toggle.uasset" 43
"../../../Engine/Content/EditorMaterials/MatineeGroups/MAT_Groups_AudioMaster.uasset" 44
"../../../Engine/Content/EditorMaterials/MatineeGroups/MAT_Groups_Sound.uasset" 45
"../../../Engine/Content/EditorMaterials/MatineeGroups/MAT_Groups_Vector.uasset" 46
"../../../Engine/Content/EditorMaterials/MAT_Groups_Visibility.uasset" 47
"../../../Engine/Content/EngineResources/DefaultTextureCube.uasset" 48
"../../../Engine/Content/Functions/Engine_MaterialFunctions01/Opacity/CameraDepthFade.uasset" 49
"../../../Engine/Content/EngineMaterials/T_Default_Material_Grid_M.uasset" 50
"../../../Engine/Content/EngineMaterials/T_Default_Material_Grid_N.uasset" 51
"../../../Engine/Content/EngineMaterials/DefaultMaterial.uasset" 52
"../../../Engine/Content/EngineMeshes/Cylinder.uasset" 53
"../../../Engine/Content/EngineTireTypes/DefaultTireType.uasset" 54
"../../../Engine/Content/EditorMaterials/Camera/CineMat.uasset" 55
"../../../Engine/Content/EditorMaterials/Camera/MI_CineMat_Rig.uasset" 56
"../../../Engine/Content/EditorMeshes/Camera/SM_CraneRig_Base.uasset" 57
"../../../Engine/Content/EditorMeshes/Camera/SM_CraneRig_Arm.uasset" 58
"../../../Engine/Content/EditorMeshes/Camera/SM_CraneRig_Mount.uasset" 59
"../../../Engine/Content/EditorMeshes/Camera/SM_CraneRig_Body.uasset" 60
"../../../Engine/Content/EditorMeshes/Camera/SM_RailRig_Track.uasset" 61
"../../../Engine/Content/EditorMeshes/Camera/SM_RailRig_Mount.uasset" 62
"../../../Engine/Content/VREditor/LaserPointer/VR_LaserPower_01.uasset" 63
"../../../Engine/Content/VREditor/TransformGizmo/TransformGizmoMaterial.uasset" 64
"../../../Engine/Content/VREditor/TransformGizmo/TranslucentTransformGizmoMaterial.uasset" 65
"../../../Engine/Content/VREditor/TransformGizmo/TranslationHandle.uasset" 66
"../../../Engine/Content/VREditor/TransformGizmo/PlaneTranslationHandle.uasset" 67
"../../../Engine/Content/VREditor/TransformGizmo/RotationHandle.uasset" 68
"../../../Engine/Content/VREditor/TransformGizmo/StretchingHandle.uasset" 69
"../../../Engine/Content/VREditor/TransformGizmo/BoundingBoxCorner.uasset" 70
"../../../Engine/Content/VREditor/TransformGizmo/BoundingBoxEdge.uasset" 71
"../../../Engine/Content/VREditor/TransformGizmo/UniformScaleHandle.uasset" 72
"../../../Engine/Content/VREditor/FloatingText/LineMaterial.uasset" 73
"../../../Engine/Content/VREditor/FloatingText/LineSegmentCylinder.uasset" 74
"../../../Engine/Content/VREditor/FloatingText/JointSphere.uasset" 75
"../../../Engine/Content/VREditor/Fonts/VRText_RobotoLarge.uasset" 76
"../../../Engine/Content/VREditor/Fonts/VRTextMaterial.uasset" 77
"../../../Engine/Content/VREditor/Fonts/TranslucentVRTextMaterial.uasset" 78
"../../../Engine/Content/VREditor/UI/SelectionBarMesh.uasset" 79
"../../../Engine/Content/VREditor/UI/CloseButtonMesh.uasset" 80
"../../../Engine/Content/Tutorial/Mobile/TutorialAssets/android_Icon.uasset" 81
"../../../Engine/Content/Tutorial/ContentIntroCurve.uasset" 82
"../../../Engine/Plugins/2D/Paper2D/Content/DefaultSpriteMaterial.uasset" 83
"../../../Engine/Plugins/2D/Paper2D/Content/OpaqueUnlitSpriteMaterial.uasset" 84
"../../../Engine/Plugins/2D/Paper2D/Content/DummySprite.uasset" 85
"../../../Engine/Plugins/2D/Paper2D/Content/DefaultPaperTerrainMaterial.uasset" 86
"../../../Engine/Content/EngineMaterials/RemoveSurfaceMaterial.uasset" 87
"../../../Engine/Content/EngineDebugMaterials/DebugMeshMaterial.uasset" 88
"../../../Engine/Content/EngineMaterials/InvalidLightmapSettings.uasset" 89
"../../../Engine/Content/EngineMaterials/M_InvalidLightmapSettings.uasset" 90
"../../../Engine/Content/EditorMaterials/GizmoMaterial.uasset" 91
"../../../Engine/Content/EngineMaterials/Good64x64TilingNoiseHighFreq.uasset" 92
"../../../Engine/Content/EngineMaterials/DefaultBokeh.uasset" 93
"../../../Engine/Content/EngineMaterials/PreintegratedSkinBRDF.uasset" 94
"../../../Engine/Content/EngineMaterials/MiniFont.uasset" 95
"../../../Engine/Content/EngineMaterials/WeightMapPlaceholderTexture.uasset" 96
"../../../Engine/Content/EngineMaterials/DefaultWhiteGrid.uasset" 97
"../../../Engine/Content/EngineMaterials/DefaultPhysicalMaterial.uasset" 98
"../../../Engine/Content/EngineFonts/RobotoTiny.uasset" 99
"../../../Engine/Content/EditorSounds/Notifications/CompileSuccess.uasset" 100
"../../../Engine/Content/EditorSounds/Notifications/CompileStart_Cue.uasset" 101
"../../../Engine/Content/EditorSounds/Notifications/CompileSuccess_Cue.uasset" 102
"../../../Engine/Content/EditorSounds/Notifications/CompileFailed.uasset" 103
"../../../Engine/Content/EditorSounds/Notifications/CompileFailed_Cue.uasset" 104
"../../../Engine/Content/MobileResources/HUD/MobileHUDButton2_on.uasset" 105
"../../../Engine/Content/MobileResources/T_MobileControls_texture.uasset" 106
"../../../Engine/Content/MobileResources/HUD/MobileHUDButton1_on.uasset" 107
"../../../Engine/Content/MobileResources/HUD/MobileHUDButton1_off.uasset" 108
"../../../Engine/Content/MobileResources/T_MobileMenu2.uasset" 109
"../../../Engine/Content/MobileResources/HUD/MobileHUDDirectionPad2.uasset" 110
"../../../Engine/Content/MobileResources/HUD/MobileHUDButton2_off.uasset" 111
"../../../Engine/Content/MobileResources/HUD/MobileHUDButtonFire.uasset" 112
"../../../Engine/Content/MobileResources/HUD/MobileHUDDirectionPad3.uasset" 113
"../../../Engine/Content/MobileResources/HUD/MobileHUDDirectionPad.uasset" 114
"../../../Engine/Content/EditorResources/EmptyActor.uasset" 115
"../../../Engine/Content/MobileResources/HUD/MobileHUDButton3.uasset" 116
"../../../Engine/Content/MobileResources/HUD/T_Castle_ThumbstickInner.uasset" 117
"../../../Engine/Content/MobileResources/HUD/MobileHUDDirectionStick.uasset" 118
"../../../SwordEnhanceMaster/Content/Resources/mario__luigi__peach_and_toad_by_hama_girl-d5h5pvf.uasset" 119
"../../../SwordEnhanceMaster/Content/Resources/mario__luigi__peach_and_toad_by_hama_girl-d5h5pvf_Sprite.uasset" 120
"../../../SwordEnhanceMaster/Content/Resources/Sword/RandomSword.uasset" 121
"../../../SwordEnhanceMaster/Content/Sprites/Sword/RandomSword_Sprite.uasset" 122
"../../../Engine/Content/MobileResources/HUD/AnalogHat.uasset" 123
"../../../Engine/Content/MobileResources/HUD/VirtualJoystick_Background.uasset" 124
"../../../Engine/Content/MobileResources/HUD/VirtualJoystick_Thumb.uasset" 125
"../../../Engine/Content/MobileResources/HUD/DefaultVirtualJoysticks.uasset" 126
"../../../Engine/Content/MobileResources/HUD/LeftVirtualJoystickOnly.uasset" 127
"../../../SwordEnhanceMaster/Content/Fonts/TestFonts1.uasset" 128
"../../../SwordEnhanceMaster/Content/Materials/Check_M.uasset" 129
"../../../SwordEnhanceMaster/Content/Resources/DefaultButtonTileset.uasset" 130
"../../../SwordEnhanceMaster/Content/Resources/DefaultButtonTileset_TileSet.uasset" 131
"../../../SwordEnhanceMaster/Content/Resources/DefaultButtonTileset_TileMap.uasset" 132
"../../../Engine/Content/MobileResources/HUD/T_Castle_ThumbstickOutter.uasset" 133
"../../../SwordEnhanceMaster/Content/Blueprints/HouseMenuView.uasset" 134
"../../../SwordEnhanceMaster/Content/Blueprints/InventoryHUD.uasset" 135
"../../../Engine/Content/BasicShapes/Cone.uasset" 136
"../../../Engine/Content/EngineMaterials/WorldGridMaterial.uasset" 137
"../../../Engine/Content/BasicShapes/Cube.uasset" 138
"../../../Engine/Content/BasicShapes/Cylinder.uasset" 139
"../../../Engine/Content/BasicShapes/Sphere.uasset" 140
"../../../Engine/Content/EditorMaterials/PhAT_JointLimitMaterial.uasset" 141
"../../../Engine/Content/EditorMaterials/PreviewShadowIndicator.uasset" 142
"../../../Engine/Content/EditorMaterials/PreviewShadowIndicatorMaterial.uasset" 143
"../../../Engine/Content/EditorMeshes/ColorCalibrator/M_ChromeBall.uasset" 144
"../../../Engine/Content/EditorMeshes/ColorCalibrator/M_ClearCoat.uasset" 145
"../../../Engine/Content/EditorMeshes/ColorCalibrator/M_ClearCoatBlack.uasset" 146
"../../../Engine/Content/EditorMeshes/ColorCalibrator/T_ColorGrid.uasset" 147
"../../../Engine/Content/EditorMeshes/ColorCalibrator/M_ColorGrid.uasset" 148
"../../../Engine/Content/EditorMeshes/ColorCalibrator/M_GreyBall.uasset" 149
"../../../Engine/Content/EditorMeshes/ColorCalibrator/SM_ColorCalibrator.uasset" 150
"../../../Engine/Content/EditorResources/BSPVertex.uasset" 151
"../../../Engine/Content/EngineDebugMaterials/HeatmapGradient.uasset" 152
"../../../Engine/Content/EngineDebugMaterials/BoneWeightMaterial.uasset" 153
"../../../Engine/Content/EngineDebugMaterials/GeomMaterial.uasset" 154
"../../../Engine/Content/EngineMaterials/EditorBrushMaterial.uasset" 155
"../../../Engine/Content/EngineMeshes/Cube.uasset" 156
"../../../Engine/Content/Tutorial/Basics/TutorialAssets/icon_tab_Levels_40x.uasset" 157
"../../../Engine/Content/Tutorial/BlueprintTutorials/TutorialAssets/BlueprintInterface_64x.uasset" 158
"../../../Engine/Content/Tutorial/BlueprintTutorials/TutorialAssets/BlueprintMacroLibrary_64x.uasset" 159
"../../../Engine/Content/Tutorial/BlueprintTutorials/TutorialAssets/Blueprint_64x.uasset" 160
"../../../Engine/Content/Tutorial/BlueprintTutorials/TutorialAssets/Tutorial_BP_Interface.uasset" 161
"../../../Engine/Content/Tutorial/Foliage/TutorialAssets/Foliage.uasset" 162
"../../../Engine/Content/Tutorial/Landscape/TutorialAssets/Landscape.uasset" 163
"../../../Engine/Content/Tutorial/Paper2D/TutorialAssets/Paper2DFlipbook_TutorialIcon.uasset" 164
"../../../Engine/Content/Tutorial/Paper2D/TutorialAssets/Paper2DSprite_TutorialIcon.uasset" 165
"../../../Engine/Content/Tutorial/SubEditors/TutorialAssets/icon_Editor_Preferences_General_40x.uasset" 166
"../../../Engine/Content/Tutorial/SubEditors/TutorialAssets/icon_ShowSkeletalMeshes_40x.uasset" 167
"../../../Engine/Content/Tutorial/SubEditors/TutorialAssets/TutorialMaterial.uasset" 168
"../../../Engine/Content/Tutorial/SubEditors/TutorialAssets/T_SmokeSubUV_8X8.uasset" 169
"../../../Engine/Content/Tutorial/SubEditors/TutorialAssets/T_soft_smoke.uasset" 170
"../../../Engine/Content/Tutorial/SubEditors/TutorialAssets/M_smoke_subUV_blackbody.uasset" 171
"../../../Engine/Content/Tutorial/SubEditors/TutorialAssets/TutorialParticleSystem.uasset" 172
"../../../Engine/Content/EditorMeshes/EditorCube.uasset" 173
"../../../Engine/Content/Tutorial/SubEditors/TutorialAssets/Tutorial_DM.uasset" 174
"../../../SwordEnhanceMaster/Content/Blueprints/MainMenuView.uasset" 175
"../../../SwordEnhanceMaster/Content/Resources/testfolder/Test_Sprite.uasset" 176
"../../../SwordEnhanceMaster/Content/Resources/OrthoWidth-144/Edge.uasset" 177
"../../../SwordEnhanceMaster/Content/Sprites/OrthoWidth-144/Edge_Sprite.uasset" 178
"../../../SwordEnhanceMaster/Content/Resources/OrthoWidth-144/IngredientInventoryPanel.uasset" 179
"../../../SwordEnhanceMaster/Content/Sprites/OrthoWidth-144/IngredientInventoryPanel_Sprite.uasset" 180
"../../../SwordEnhanceMaster/Content/Blueprints/GameManager/GameManagerInterface.uasset" 181
"../../../SwordEnhanceMaster/Content/Blueprints/SwordInfo.uasset" 182
"../../../SwordEnhanceMaster/Content/Blueprints/GameSetting/GameSaveData.uasset" 183
"../../../Engine/Content/EditorBlueprintResources/StandardMacros.uasset" 184
"../../../SwordEnhanceMaster/Content/Blueprints/Inventory/InventoryManager.uasset" 185
"../../../SwordEnhanceMaster/Content/Blueprints/WindowManager.uasset" 186
"../../../SwordEnhanceMaster/Content/Fonts/TempGameFont.uasset" 187
"../../../SwordEnhanceMaster/Content/Materials/TempGameFont_M.uasset" 188
"../../../SwordEnhanceMaster/Content/Resources/OrthoWidth-144/BackGroundPanel.uasset" 189
"../../../SwordEnhanceMaster/Content/Sprites/OrthoWidth-144/BackGroundPanel_Sprite.uasset" 190
"../../../SwordEnhanceMaster/Content/Resources/OrthoWidth-144/ButtonPanel.uasset" 191
"../../../SwordEnhanceMaster/Content/Sprites/OrthoWidth-144/ButtonPanel_Sprite.uasset" 192
"../../../SwordEnhanceMaster/Content/Blueprints/OneButtonWindow.uasset" 193
"../../../SwordEnhanceMaster/Content/Resources/bar.uasset" 194
"../../../SwordEnhanceMaster/Content/Sprites/bar_Sprite.uasset" 195
"../../../SwordEnhanceMaster/Content/Blueprints/ProgressBar.uasset" 196
"../../../SwordEnhanceMaster/Content/Resources/OrthoWidth-144/ItemSlotPanel.uasset" 197
"../../../SwordEnhanceMaster/Content/Sprites/OrthoWidth-144/ItemSlotPanel_Sprite.uasset" 198
"../../../SwordEnhanceMaster/Content/Blueprints/TextBar.uasset" 199
"../../../SwordEnhanceMaster/Content/Blueprints/TwoButtonsWindow.uasset" 200
"../../../SwordEnhanceMaster/Content/Blueprints/HouseMenu/HouseMenu.uasset" 201
"../../../SwordEnhanceMaster/Content/Blueprints/Inventory/Slot.uasset" 202
"../../../Engine/Plugins/2D/Paper2D/Content/MaskedUnlitSpriteMaterial.uasset" 203
"../../../SwordEnhanceMaster/Content/Resources/CloseButton.uasset" 204
"../../../SwordEnhanceMaster/Content/Sprites/CloseButton_Sprite.uasset" 205
"../../../Engine/Plugins/2D/Paper2D/Content/TranslucentUnlitSpriteMaterial.uasset" 206
"../../../SwordEnhanceMaster/Content/Resources/MainButton.uasset" 207
"../../../SwordEnhanceMaster/Content/Sprites/MainButton_Sprite.uasset" 208
"../../../SwordEnhanceMaster/Content/Resources/OrthoWidth-144/Edge_Thick.uasset" 209
"../../../SwordEnhanceMaster/Content/Sprites/OrthoWidth-144/Edge_Thick_Sprite.uasset" 210
"../../../SwordEnhanceMaster/Content/Resources/OrthoWidth-144/InfoPanel.uasset" 211
"../../../SwordEnhanceMaster/Content/Sprites/OrthoWidth-144/InfoPanel_Sprite.uasset" 212
"../../../SwordEnhanceMaster/Content/Resources/OrthoWidth-144/WeaponAreaPanel.uasset" 213
"../../../SwordEnhanceMaster/Content/Sprites/OrthoWidth-144/WeaponAreaPanel_Sprite.uasset" 214
"../../../SwordEnhanceMaster/Content/Blueprints/Inventory/WeaponInventory.uasset" 215
"../../../SwordEnhanceMaster/Content/Blueprints/SwordStruct.uasset" 216
"../../../SwordEnhanceMaster/Content/Blueprints/SwordList.uasset" 217
"../../../SwordEnhanceMaster/Content/Resources/OrthoWidth-144/Check.uasset" 218
"../../../SwordEnhanceMaster/Content/Sprites/OrthoWidth-144/Check_Sprite.uasset" 219
"../../../SwordEnhanceMaster/Content/Resources/OrthoWidth-144/IngredientAreaPanel.uasset" 220
"../../../SwordEnhanceMaster/Content/Sprites/OrthoWidth-144/IngredientAreaPanel_Sprite.uasset" 221
"../../../SwordEnhanceMaster/Content/Blueprints/GuildMenu.uasset" 222
"../../../SwordEnhanceMaster/Content/Blueprints/EnhanceRateStruct.uasset" 223
"../../../SwordEnhanceMaster/Content/Blueprints/Inventory/IngredientSlot.uasset" 224
"../../../SwordEnhanceMaster/Content/Blueprints/Inventory/IngredientInventory.uasset" 225
"../../../SwordEnhanceMaster/Content/Blueprints/EnhanceRate.uasset" 226
"../../../SwordEnhanceMaster/Content/Blueprints/RareIngredientNameAndInfo.uasset" 227
"../../../SwordEnhanceMaster/Content/Blueprints/HouseMenu/Enhancement.uasset" 228
"../../../SwordEnhanceMaster/Content/Blueprints/HouseMenu/HouseMain.uasset" 229
"../../../SwordEnhanceMaster/Content/Blueprints/HouseMenu/Laboratory.uasset" 230
"../../../SwordEnhanceMaster/Content/Blueprints/GameManager/SceneManager.uasset" 231
"../../../SwordEnhanceMaster/Content/Blueprints/ActionList.uasset" 232
"../../../SwordEnhanceMaster/Content/Blueprints/MainMenu.uasset" 233
"../../../SwordEnhanceMaster/Content/Fonts/NewForceFeedbackEffect.uasset" 234
"../../../SwordEnhanceMaster/Content/Blueprints/TestPage.uasset" 235
"../../../SwordEnhanceMaster/Content/Materials/Transparency.uasset" 236
"../../../SwordEnhanceMaster/Content/Resources/Ingredient/Copper.uasset" 237
"../../../SwordEnhanceMaster/Content/Sprites/Ingredient/Guri_Sprite.uasset" 238
"../../../SwordEnhanceMaster/Content/Resources/Ingredient/CopperStone.uasset" 239
"../../../SwordEnhanceMaster/Content/Sprites/Ingredient/GuriStone_Sprite.uasset" 240
"../../../SwordEnhanceMaster/Content/Resources/Ingredient/Iron.uasset" 241
"../../../SwordEnhanceMaster/Content/Sprites/Ingredient/Iron_Sprite.uasset" 242
"../../../SwordEnhanceMaster/Content/Resources/Ingredient/IronStone.uasset" 243
"../../../SwordEnhanceMaster/Content/Sprites/Ingredient/IronStone_Sprite.uasset" 244
"../../../SwordEnhanceMaster/Content/Resources/Ingredient/CopperBar.uasset" 245
"../../../SwordEnhanceMaster/Content/Sprites/Ingredient/PureGuri_Sprite.uasset" 246
"../../../SwordEnhanceMaster/Content/Resources/Ingredient/IronBar.uasset" 247
"../../../SwordEnhanceMaster/Content/Sprites/Ingredient/PureIron_Sprite.uasset" 248
"../../../SwordEnhanceMaster/Content/Resources/Ingredient/Silver.uasset" 249
"../../../SwordEnhanceMaster/Content/Sprites/Ingredient/Silver_Sprite.uasset" 250
"../../../SwordEnhanceMaster/Content/Resources/Ingredient/SilverBar.uasset" 251
"../../../SwordEnhanceMaster/Content/Sprites/Ingredient/SilverBar_Sprite.uasset" 252
"../../../SwordEnhanceMaster/Content/Resources/Ingredient/SilverStone.uasset" 253
"../../../SwordEnhanceMaster/Content/Sprites/Ingredient/SilverStone_Sprite.uasset" 254
"../../../SwordEnhanceMaster/Content/Resources/NoImage20.uasset" 255
"../../../SwordEnhanceMaster/Content/Sprites/NoImage20_Sprite.uasset" 256
"../../../SwordEnhanceMaster/Content/Resources/nonamesword.uasset" 257
"../../../SwordEnhanceMaster/Content/Sprites/nonamesword_Sprite.uasset" 258
"../../../SwordEnhanceMaster/Content/Resources/Sword/Bardiche.uasset" 259
"../../../SwordEnhanceMaster/Content/Sprites/Sword/Bardiche_Sprite.uasset" 260
"../../../SwordEnhanceMaster/Content/Resources/Sword/Battleaxe.uasset" 261
"../../../SwordEnhanceMaster/Content/Sprites/Sword/Battleaxe_Sprite.uasset" 262
"../../../SwordEnhanceMaster/Content/Resources/Sword/BowieKnife.uasset" 263
"../../../SwordEnhanceMaster/Content/Sprites/Sword/BowieKnife_Sprite.uasset" 264
"../../../SwordEnhanceMaster/Content/Resources/Sword/Cleaver.uasset" 265
"../../../SwordEnhanceMaster/Content/Sprites/Sword/Cleaver_Sprite.uasset" 266
"../../../SwordEnhanceMaster/Content/Resources/Sword/Dangpa.uasset" 267
"../../../SwordEnhanceMaster/Content/Sprites/Sword/Dangpa_Sprite.uasset" 268
"../../../SwordEnhanceMaster/Content/Resources/Sword/Flamberge.uasset" 269
"../../../SwordEnhanceMaster/Content/Sprites/Sword/Flamberge_Sprite.uasset" 270
"../../../SwordEnhanceMaster/Content/Resources/Sword/Halberd.uasset" 271
"../../../SwordEnhanceMaster/Content/Sprites/Sword/Halberd_Sprite.uasset" 272
"../../../SwordEnhanceMaster/Content/Resources/Sword/Hwando.uasset" 273
"../../../SwordEnhanceMaster/Content/Sprites/Sword/Hwando_Sprite.uasset" 274
"../../../SwordEnhanceMaster/Content/Resources/Sword/Kampilan.uasset" 275
"../../../SwordEnhanceMaster/Content/Sprites/Sword/Kampilan_Sprite.uasset" 276
"../../../SwordEnhanceMaster/Content/Resources/Sword/Katana.uasset" 277
"../../../SwordEnhanceMaster/Content/Sprites/Sword/Katana_Sprite.uasset" 278
"../../../SwordEnhanceMaster/Content/Resources/Sword/Khopesh.uasset" 279
"../../../SwordEnhanceMaster/Content/Sprites/Sword/Khopesh_Sprite.uasset" 280
"../../../SwordEnhanceMaster/Content/Resources/Sword/Khukri.uasset" 281
"../../../SwordEnhanceMaster/Content/Sprites/Sword/Khukri_Sprite.uasset" 282
"../../../SwordEnhanceMaster/Content/Resources/Sword/Kwa.uasset" 283
"../../../SwordEnhanceMaster/Content/Sprites/Sword/Kwa_Sprite.uasset" 284
"../../../SwordEnhanceMaster/Content/Resources/Sword/Lance.uasset" 285
"../../../SwordEnhanceMaster/Content/Sprites/Sword/Lance_Sprite.uasset" 286
"../../../SwordEnhanceMaster/Content/Resources/Sword/LongSword.uasset" 287
"../../../SwordEnhanceMaster/Content/Sprites/Sword/LongSword_Sprite.uasset" 288
"../../../SwordEnhanceMaster/Content/Resources/Sword/Mace.uasset" 289
"../../../SwordEnhanceMaster/Content/Sprites/Sword/Mace_Sprite.uasset" 290
"../../../SwordEnhanceMaster/Content/Resources/Sword/Morningstar.uasset" 291
"../../../SwordEnhanceMaster/Content/Sprites/Sword/Morningstar_Sprite.uasset" 292
"../../../SwordEnhanceMaster/Content/Resources/Sword/naginata.uasset" 293
"../../../SwordEnhanceMaster/Content/Sprites/Sword/naginata_Sprite.uasset" 294
"../../../SwordEnhanceMaster/Content/Resources/Sword/NoImageNamedSword.uasset" 295
"../../../SwordEnhanceMaster/Content/Sprites/Sword/NoImageNamedSword_Sprite.uasset" 296
"../../../SwordEnhanceMaster/Content/Resources/Sword/Pike.uasset" 297
"../../../SwordEnhanceMaster/Content/Sprites/Sword/Pike_Sprite.uasset" 298
"../../../SwordEnhanceMaster/Content/Resources/Sword/Rapier.uasset" 299
"../../../SwordEnhanceMaster/Content/Sprites/Sword/Rapier_Sprite.uasset" 300
"../../../SwordEnhanceMaster/Content/Resources/Sword/RustySword.uasset" 301
"../../../SwordEnhanceMaster/Content/Sprites/Sword/RustySword_Sprite.uasset" 302
"../../../SwordEnhanceMaster/Content/Resources/Sword/Sabre.uasset" 303
"../../../SwordEnhanceMaster/Content/Sprites/Sword/Sabre_Sprite.uasset" 304
"../../../SwordEnhanceMaster/Content/Resources/Sword/Scimitar.uasset" 305
"../../../SwordEnhanceMaster/Content/Sprites/Sword/Scimitar_Sprite.uasset" 306
"../../../SwordEnhanceMaster/Content/Resources/Sword/ShortSword.uasset" 307
"../../../SwordEnhanceMaster/Content/Sprites/Sword/ShortSword_Sprite.uasset" 308
"../../../SwordEnhanceMaster/Content/Resources/Sword/Shotel.uasset" 309
"../../../SwordEnhanceMaster/Content/Sprites/Sword/Shotel_Sprite.uasset" 310
"../../../SwordEnhanceMaster/Content/Resources/Sword/Ssangsudo.uasset" 311
"../../../SwordEnhanceMaster/Content/Sprites/Sword/Ssangsudo_Sprite.uasset" 312
"../../../SwordEnhanceMaster/Content/Resources/Sword/Talwar.uasset" 313
"../../../SwordEnhanceMaster/Content/Sprites/Sword/Talwar_Sprite.uasset" 314
"../../../SwordEnhanceMaster/Content/Resources/Sword/TwoHandedSword.uasset" 315
"../../../SwordEnhanceMaster/Content/Sprites/Sword/TwoHandedSword_Sprite.uasset" 316
"../../../SwordEnhanceMaster/Content/Resources/Sword/Urumi.uasset" 317
"../../../SwordEnhanceMaster/Content/Sprites/Sword/Urumi_Sprite.uasset" 318
"../../../SwordEnhanceMaster/Content/Resources/Sword/Wakizashi.uasset" 319
"../../../SwordEnhanceMaster/Content/Sprites/Sword/Wakizashi_Sprite.uasset" 320
"../../../SwordEnhanceMaster/Content/Resources/Sword/Warhammer.uasset" 321
"../../../SwordEnhanceMaster/Content/Sprites/Sword/Warhammer_Sprite.uasset" 322
"../../../SwordEnhanceMaster/Content/Resources/Sword/Woldo.uasset" 323
"../../../SwordEnhanceMaster/Content/Sprites/Sword/Woldo_Sprite.uasset" 324
"../../../SwordEnhanceMaster/Content/Blueprints/GameManager/GameManager.uasset" 325
"../../../SwordEnhanceMaster/Content/Blueprints/GameManager/CameraManager.uasset" 326
"../../../SwordEnhanceMaster/Content/Blueprints/GameManager/Initiation.uasset" 327
"../../../SwordEnhanceMaster/Content/Blueprints/GameSetting/GamePawn.uasset" 328
"../../../SwordEnhanceMaster/Content/Blueprints/GameSetting/GamePlayer.uasset" 329
"../../../SwordEnhanceMaster/Content/Blueprints/GameSetting/GameMode.uasset" 330
"../../../Engine/Plugins/2D/Paper2D/Content/PlaceholderTextures/DummySpriteTexture.uasset" 331
"../../../SwordEnhanceMaster/Content/Materials/UnlitSprite_M.uasset" 332
"../../../Engine/Content/EditorResources/MatineeCam_D.uasset" 333
"../../../SwordEnhanceMaster/Content/Resources/HouseImage.uasset" 334
"../../../SwordEnhanceMaster/Content/Sprites/HouseImage_Sprite.uasset" 335
"../../../SwordEnhanceMaster/Content/Maps/MainMap.umap" 336
