Log file open, 07/13/16 22:46:23
LogInit:Display: Running engine for game: SwordEnhanceMaster
LogPlatformFile: Not using cached read wrapper
LogInit:Display: RandInit(1591217554) SRandInit(1591217556).
LogTaskGraph: Started task graph with 4 named threads and 7 total threads with 1 sets of task threads.
LogStats: Stats thread started at 0.076072
LogInit: Version: 4.12.5-3039270+++UE4+Release-4.12
LogInit: API Version: 2992821
LogInit: Net Version: 3039270
LogDevObjectVersion: Number of dev versions registered: 13
LogDevObjectVersion:   Dev-Blueprints (B0D832E4-1F89-4F0D-ACCF-7EB736FD4AA2): 3
LogDevObjectVersion:   Dev-Build (E1C64328-A22C-4D53-A36C-8E866417BD8C): 0
LogDevObjectVersion:   Dev-Core (375EC13C-06E4-48FB-B500-84F0262A717E): 1
LogDevObjectVersion:   Dev-Editor (E4B068ED-F494-42E9-A231-DA0B2E46BB41): 2
LogDevObjectVersion:   Dev-Framework (CFFC743F-43B0-4480-9391-14DF171D2073): 6
LogDevObjectVersion:   Dev-Mobile (B02B49B5-BB20-44E9-A304-32B752E40360): 0
LogDevObjectVersion:   Dev-Networking (A4E4105C-59A1-49B5-A7C5-40C4547EDFEE): 0
LogDevObjectVersion:   Dev-Online (39C831C9-5AE6-47DC-9A44-9C173E1C8E7C): 0
LogDevObjectVersion:   Dev-Physics (78F01B33-EBEA-4F98-B9B4-84EACCB95AA2): 0
LogDevObjectVersion:   Dev-Platform (6631380F-2D4D-43E0-8009-CF276956A95A): 0
LogDevObjectVersion:   Dev-Rendering (12F88B9F-8875-4AFC-A67C-D90C383ABD29): 2
LogDevObjectVersion:   Dev-Sequencer (7B5AE74C-D270-4C10-A958-57980B212A5A): 0
LogDevObjectVersion:   Dev-VR (D7296918-1DD6-4BDD-9DE2-64A83CC13884): 0
LogInit: Compiled (64-bit): Jul  6 2016 09:09:46
LogInit: Compiled with Visual C++: 19.00.23026.00
LogInit: Build Configuration: Development
LogInit: Branch Name: ++UE4+Release-4.12
LogInit: Command line:  
LogInit: Base directory: C:/Program Files (x86)/Epic Games/4.12/Engine/Binaries/Win64/
LogInit: Installed Engine Build: 1
LogInit: Using libcurl 7.41.0
LogInit:  - built for x86_64-pc-win32
LogInit:  - supports SSL with WinSSL
LogInit:  - other features:
LogInit:      CURL_VERSION_SSL
LogInit:      CURL_VERSION_IPV6
LogInit:      CURL_VERSION_ASYNCHDNS
LogInit:      CURL_VERSION_LARGEFILE
LogInit:      CURL_VERSION_IDN
LogInit:  CurlRequestOptions (configurable via config and command line):
LogInit:  - bVerifyPeer = true  - Libcurl will verify peer certificate
LogInit:  - bUseHttpProxy = false  - Libcurl will NOT use HTTP proxy
LogInit:  - bDontReuseConnections = false  - Libcurl will reuse connections
LogInit:  - CertBundlePath = nullptr  - Libcurl will use whatever was configured at build time.
LogInit: Presizing for max 8388607 objects, including 0 objects not considered by GC, pre-allocating 0 bytes for permanent pool.
LogInit: Object subsystem initialized
[2016.07.13-13.46.23:531][  0]LogInit: Selected Device Profile: [Windows]
[2016.07.13-13.46.23:531][  0]LogInit: Applying CVar settings loaded from the selected device profile: [Windows]
[2016.07.13-13.46.23:544][  0]LogInit: Computer: MIT-PC
[2016.07.13-13.46.23:544][  0]LogInit: User: zxc99as
[2016.07.13-13.46.23:544][  0]LogInit: CPU Page size=65536, Cores=4
[2016.07.13-13.46.23:544][  0]LogInit: High frequency timer resolution =3.312794 MHz
[2016.07.13-13.46.23:544][  0]LogMemory: Memory total: Physical=16.0GB (16GB approx)
[2016.07.13-13.46.23:544][  0]LogMemory: Platform Memory Stats for Windows
[2016.07.13-13.46.23:544][  0]LogMemory: Process Physical Memory: 188.99 MB used, 188.99 MB peak
[2016.07.13-13.46.23:544][  0]LogMemory: Process Virtual Memory: 194.73 MB used, 194.73 MB peak
[2016.07.13-13.46.23:544][  0]LogMemory: Physical Memory: 4397.49 MB used, 16349.19 MB total
[2016.07.13-13.46.23:544][  0]LogMemory: Virtual Memory: 533.71 MB used, 134217728.00 MB total
[2016.07.13-13.46.23:585][  0]LogTextLocalizationManager: No specific translations for ('ko-KR') exist, so ('ko') translations will be used.
[2016.07.13-13.46.23:619][  0]LogTextLocalizationManager:Warning: Loaded localization resources contain conflicting entries for (Namespace:KismetSchema, Key:Default):
Localization Resource: (C:/Program Files (x86)/Epic Games/4.12/Engine/Content/Localization/EditorTutorials/ko/EditorTutorials.locres) Source String Hash: (940523119) Localized String: (디폴트)
Localization Resource: (C:/Program Files (x86)/Epic Games/4.12/Engine/Content/Localization/Engine/ko/Engine.locres) Source String Hash: (940523119) Localized String: (기본)
[2016.07.13-13.46.23:620][  0]LogTextLocalizationManager:Warning: Loaded localization resources contain conflicting entries for (Namespace:UObjectToolTips, Key:AnimNode_AssetPlayerBase:InternalTimeAccumulator):
Localization Resource: (C:/Program Files (x86)/Epic Games/4.12/Engine/Content/Localization/EditorTutorials/ko/EditorTutorials.locres) Source String Hash: (502993589) Localized String: (이 노드에서 애셋을 레퍼런싱하는 데 사용되는 누적 시간입니다.)
Localization Resource: (C:/Program Files (x86)/Epic Games/4.12/Engine/Content/Localization/Engine/ko/Engine.locres) Source String Hash: (502993589) Localized String: (이 노드에서 애셋을 레퍼런싱하는 데 사용된 누적 시간입니다.)
[2016.07.13-13.46.23:620][  0]LogTextLocalizationManager:Warning: Loaded localization resources contain conflicting entries for (Namespace:UObjectToolTips, Key:AnimNode_AssetPlayerBase:bIgnoreForRelevancyTest):
Localization Resource: (C:/Program Files (x86)/Epic Games/4.12/Engine/Content/Localization/EditorTutorials/ko/EditorTutorials.locres) Source String Hash: (319969718) Localized String: (True 면, 스테이트에서 최고 가중치 애니메이션을 찾는 "Relevant anim" 노드는 이 노드를 무시합니다.
 )
Localization Resource: (C:/Program Files (x86)/Epic Games/4.12/Engine/Content/Localization/Engine/ko/Engine.locres) Source String Hash: (319969718) Localized String: (True 면 스테이트 내 최고 웨이팅된 애니메이션을 찾는 "Relevant anim" 노드가 무시됩니다.
 )
[2016.07.13-13.46.23:620][  0]LogTextLocalizationManager:Warning: Loaded localization resources contain conflicting entries for (Namespace:UObjectToolTips, Key:AnimNode_AssetPlayerBase:BlendWeight):
Localization Resource: (C:/Program Files (x86)/Epic Games/4.12/Engine/Content/Localization/EditorTutorials/ko/EditorTutorials.locres) Source String Hash: (-1232800293) Localized String: (이 노드에 마지막 걸린 블렌드웨이트 입니다.)
Localization Resource: (C:/Program Files (x86)/Epic Games/4.12/Engine/Content/Localization/Engine/ko/Engine.locres) Source String Hash: (-1232800293) Localized String: (이 노드에 대해 마지막 접한 블렌드 웨이트)
[2016.07.13-13.46.23:715][  0]LogD3D11RHI: D3D11 adapters:
[2016.07.13-13.46.23:733][  0]LogD3D11RHI:    0. 'NVIDIA GeForce GTX 650' (Feature Level 11_0)
[2016.07.13-13.46.23:733][  0]LogD3D11RHI:       964/0/3072 MB DedicatedVideo/DedicatedSystem/SharedSystem, Outputs:1, VendorId:0x10de
[2016.07.13-13.46.23:735][  0]LogD3D11RHI:    1. 'Microsoft Basic Render Driver' (Feature Level 11_0)
[2016.07.13-13.46.23:735][  0]LogD3D11RHI:       0/0/256 MB DedicatedVideo/DedicatedSystem/SharedSystem, Outputs:0, VendorId:0x1414
[2016.07.13-13.46.23:735][  0]LogD3D11RHI: Chosen D3D11 Adapter: 0
[2016.07.13-13.46.23:739][  0]LogD3D11RHI: Creating new Direct3DDevice
[2016.07.13-13.46.23:739][  0]LogD3D11RHI:     GPU DeviceId: 0xfc6 (for the marketing name, search the web for "GPU Device Id")
[2016.07.13-13.46.23:739][  0]LogWindows: EnumDisplayDevices:
[2016.07.13-13.46.23:739][  0]LogWindows:    0. 'NVIDIA GeForce GTX 650' (P:1 D:1)
[2016.07.13-13.46.23:740][  0]LogWindows:    1. 'NVIDIA GeForce GTX 650' (P:0 D:0)
[2016.07.13-13.46.23:740][  0]LogWindows:    2. 'NVIDIA GeForce GTX 650' (P:0 D:0)
[2016.07.13-13.46.23:741][  0]LogWindows: DebugString: FoundDriverCount:3 
[2016.07.13-13.46.23:741][  0]LogD3D11RHI:     Adapter Name: NVIDIA GeForce GTX 650
[2016.07.13-13.46.23:741][  0]LogD3D11RHI:   Driver Version: 364.51 (internal:10.18.13.6451, unified:364.51)
[2016.07.13-13.46.23:741][  0]LogD3D11RHI:      Driver Date: 3-7-2016
[2016.07.13-13.46.23:741][  0]LogRHI: Texture pool is 675 MB (70% of 964 MB)
[2016.07.13-13.46.23:753][  0]LogD3D11RHI: Async texture creation enabled
[2016.07.13-13.46.23:770][  0]LogD3D11RHI: GPU Timing Frequency: 1000.000000 (Debug: 2 2)
[2016.07.13-13.46.23:770][  0]LogShaderCompilers: Guid format shader working directory is -36 characters bigger than the processId version (../../../../../../Users/zxc99as/Documents/swordenhancemaster/SwordEnhanceMaster 4.12/Intermediate/Shaders/WorkingDirectory/7728/).
[2016.07.13-13.46.23:770][  0]LogShaderCompilers: Cleaned the shader compiler working directory 'C:/Users/zxc99as/AppData/Local/Temp/UnrealShaderWorkingDir/456CD4CF415D57C4BEBD7ABBCF62E95B/'.
[2016.07.13-13.46.23:770][  0]LogShaderCompilers:Display: Using Local Shader Compiler.
[2016.07.13-13.46.24:782][  0]LogTemp:Display: Loaded TP AllDesktopTargetPlatform
[2016.07.13-13.46.24:793][  0]LogTemp:Display: Loaded TP WindowsClientTargetPlatform
[2016.07.13-13.46.24:804][  0]LogTemp:Display: Loaded TP WindowsNoEditorTargetPlatform
[2016.07.13-13.46.24:815][  0]LogTemp:Display: Loaded TP WindowsServerTargetPlatform
[2016.07.13-13.46.24:826][  0]LogTemp:Display: Loaded TP WindowsTargetPlatform
[2016.07.13-13.46.24:836][  0]LogTemp:Display: Loaded TP AndroidTargetPlatform
[2016.07.13-13.46.24:845][  0]LogTemp:Display: Loaded TP Android_ASTCTargetPlatform
[2016.07.13-13.46.24:855][  0]LogTemp:Display: Loaded TP Android_ATCTargetPlatform
[2016.07.13-13.46.24:864][  0]LogTemp:Display: Loaded TP Android_DXTTargetPlatform
[2016.07.13-13.46.24:874][  0]LogTemp:Display: Loaded TP Android_ETC1TargetPlatform
[2016.07.13-13.46.24:883][  0]LogTemp:Display: Loaded TP Android_ETC2TargetPlatform
[2016.07.13-13.46.24:903][  0]LogTemp:Display: Loaded TP Android_MultiTargetPlatform
[2016.07.13-13.46.24:903][  0]LogTemp:Display: Loaded TP Android_PVRTCTargetPlatform
[2016.07.13-13.46.24:905][  0]LogTemp:Display: Loaded TP HTML5TargetPlatform
[2016.07.13-13.46.24:929][  0]LogTemp:Display: Loaded TP IOSTargetPlatform
[2016.07.13-13.46.24:938][  0]LogTemp:Display: Loaded TP TVOSTargetPlatform
[2016.07.13-13.46.24:947][  0]LogTemp:Display: Loaded TP LinuxNoEditorTargetPlatform
[2016.07.13-13.46.24:957][  0]LogTemp:Display: Loaded TP LinuxServerTargetPlatform
[2016.07.13-13.46.24:967][  0]LogTemp:Display: Loaded TP LinuxTargetPlatform
[2016.07.13-13.46.24:967][  0]LogTargetPlatformManager:Display: Building Assets For Windows
[2016.07.13-13.46.25:057][  0]LogDerivedDataCache:Display: Max Cache Size: 512 MB
[2016.07.13-13.46.25:121][  0]LogDerivedDataCache: Loaded boot cache 0.06s 62MB C:/Users/zxc99as/AppData/Local/UnrealEngine/4.12/DerivedDataCache/Boot.ddc.
[2016.07.13-13.46.25:121][  0]LogDerivedDataCache:Display: Loaded Boot cache: C:/Users/zxc99as/AppData/Local/UnrealEngine/4.12/DerivedDataCache/Boot.ddc
[2016.07.13-13.46.25:121][  0]LogDerivedDataCache: FDerivedDataBackendGraph:  Pak pak cache file ../../../../../../Users/zxc99as/Documents/swordenhancemaster/SwordEnhanceMaster 4.12/DerivedDataCache/DDC.ddp not found, will not use a pak cache.
[2016.07.13-13.46.25:121][  0]LogDerivedDataCache: Unable to find inner node Pak for hierarchical cache Hierarchy.
[2016.07.13-13.46.25:121][  0]LogDerivedDataCache: FDerivedDataBackendGraph:  CompressedPak pak cache file ../../../../../../Users/zxc99as/Documents/swordenhancemaster/SwordEnhanceMaster 4.12/DerivedDataCache/Compressed.ddp not found, will not use a pak cache.
[2016.07.13-13.46.25:121][  0]LogDerivedDataCache: Unable to find inner node CompressedPak for hierarchical cache Hierarchy.
[2016.07.13-13.46.25:138][  0]LogDerivedDataCache:Display: Pak cache opened for reading ../../../Engine/DerivedDataCache/Compressed.ddp.
[2016.07.13-13.46.25:151][  0]LogDerivedDataCache: Using Local data cache path C:/Users/zxc99as/AppData/Local/UnrealEngine/Common/DerivedDataCache: Writable
[2016.07.13-13.46.25:411][  0]LogInit: Selected Device Profile: [Windows]
[2016.07.13-13.46.25:578][  0]LogMeshUtilities: No automatic mesh reduction module available
[2016.07.13-13.46.25:578][  0]LogMeshUtilities: No automatic mesh merging module available
[2016.07.13-13.46.25:578][  0]LogMeshUtilities: No distributed automatic mesh merging module available
[2016.07.13-13.46.25:849][  0]LogAssetRegistry: FAssetRegistry took 0.0222 seconds to start up
[2016.07.13-13.46.25:882][  0]LogPackageLocalizationCache: Processed 3 localized package path(s) for 2 prioritized culture(s) in 0.030983 seconds
[2016.07.13-13.46.25:887][  0]LogUObjectArray: 28739 objects as part of root set at end of initial load.
[2016.07.13-13.46.25:887][  0]LogUObjectAllocator: 5855624 out of 0 bytes used by permanent object pool.
[2016.07.13-13.46.25:887][  0]LogUObjectArray: CloseDisregardForGC: 0/0 objects in disregard for GC pool
[2016.07.13-13.46.25:893][  0]LogInit: WinSock: version 1.1 (2.2), MaxSocks=32767, MaxUdp=65467
[2016.07.13-13.46.26:102][  0]LogSlate: SlateFontCache - WITH_FREETYPE: 1, WITH_HARFBUZZ: 1
[2016.07.13-13.46.26:102][  0]LogSlate: SlateFontCache - WITH_FREETYPE: 1, WITH_HARFBUZZ: 1
[2016.07.13-13.46.26:838][  0]LogUdpMessaging: Initializing bridge on interface 0.0.0.0:0 to multicast group 230.0.0.1:6666.
[2016.07.13-13.46.27:075][  0]SourceControl: 정보 소스 콘트롤이 꺼졌습니다.
[2016.07.13-13.46.27:136][  0]SourceControl: 정보 소스 콘트롤이 꺼졌습니다.
[2016.07.13-13.46.27:145][  0]SourceControl: 정보 소스 콘트롤이 꺼졌습니다.
[2016.07.13-13.46.27:155][  0]SourceControl: 정보 소스 콘트롤이 꺼졌습니다.
[2016.07.13-13.46.27:380][  0]LogEngine: Initializing Engine...
[2016.07.13-13.46.27:381][  0]LogHMD: SteamVR failed to initialize.  Err: 110
[2016.07.13-13.46.27:382][  0]LogHMD: SteamVR failed to initialize.  Err: 110
[2016.07.13-13.46.27:519][  0]LogAIModule: Creating AISystem for world NewWorld
[2016.07.13-13.46.27:528][  0]LogInit: XAudio2 using '스피커(VIA HD Audio)' : 2 channels at 48 kHz using 32 bits per sample (channel mask 0x3)
[2016.07.13-13.46.27:557][  0]LogInit: FAudioDevice initialized.
[2016.07.13-13.46.27:593][  0]LogDerivedDataCache: Saved boot cache 0.04s 62MB C:/Users/zxc99as/AppData/Local/UnrealEngine/4.12/DerivedDataCache/Boot.ddc.
[2016.07.13-13.46.27:603][  0]LogInit: Texture streaming: Disabled
[2016.07.13-13.46.27:629][  0]LogInit: Transaction tracking system initialized
[2016.07.13-13.46.27:654][  0]BlueprintLog: New page: 에디터 로드
[2016.07.13-13.46.27:740][  0]LocalizationService: 정보 현지화 서비스가 비활성화되었습니다.
[2016.07.13-13.46.27:812][  0]LogConsoleResponse:Display: 
[2016.07.13-13.46.27:922][  0]LogCook:Display: Max memory allowance for cook 8192mb
[2016.07.13-13.46.27:922][  0]LogCook:Display: Mobile HDR setting 0
[2016.07.13-13.46.28:027][  0]LogFileCache: Scanning file cache for directory 'C:/Users/zxc99as/Documents/swordenhancemaster/SwordEnhanceMaster 4.12/Content/' took 0.01s
[2016.07.13-13.46.28:028][  0]SourceControl: 정보 소스 콘트롤이 꺼졌습니다.
[2016.07.13-13.46.28:028][  0]Cmd: MAP LOAD FILE="../../../../../../Users/zxc99as/Documents/swordenhancemaster/SwordEnhanceMaster 4.12/Content/Maps/MainMap.umap" TEMPLATE=0 SHOWPROGRESS=1 FEATURELEVEL=3
[2016.07.13-13.46.28:028][  0]LightingResults: New page: 라이팅 빌드
[2016.07.13-13.46.28:031][  0]MapCheck: New page: 맵 체크
[2016.07.13-13.46.28:031][  0]LightingResults: New page: 라이팅 빌드
[2016.07.13-13.46.29:296][  0]LogBlueprint:Warning: USimpleConstructionScript::FixupRootNodeParentReferences() - Couldn't find inherited parent component 'DefaultSceneRoot' for 'Black' in BlueprintGeneratedClass 'REINST_SceneManager_C_39' (it may have been removed)
[2016.07.13-13.46.34:946][  0]LogAIModule: Creating AISystem for world MainMap
[2016.07.13-13.46.35:024][  0]LogEditorServer: Finished looking for orphan Actors (0.000 secs)
[2016.07.13-13.46.35:024][  0]Cmd: MAP CHECKDEP NOCLEARLOG
[2016.07.13-13.46.35:129][  0]MapCheck: 정보 맵 체크 완료: 오류 0 회, 경고 0 회, 소요 시간 104.7ms.
[2016.07.13-13.46.35:129][  0]LogFileHelpers: Loading map 'MainMap' took 7.102
[2016.07.13-13.46.35:389][  0]LogCollectionManager: Loaded 1 collections in 0.001646 seconds
[2016.07.13-13.46.35:430][  0]LogFileCache: Scanning file cache for directory 'C:/Users/zxc99as/Documents/swordenhancemaster/SwordEnhanceMaster 4.12/Saved/Collections/' took 0.01s
[2016.07.13-13.46.35:430][  0]LogFileCache: Scanning file cache for directory 'C:/Users/zxc99as/Documents/swordenhancemaster/SwordEnhanceMaster 4.12/Content/Developers/zxc99as/Collections/' took 0.01s
[2016.07.13-13.46.35:430][  0]LogFileCache: Scanning file cache for directory 'C:/Users/zxc99as/Documents/swordenhancemaster/SwordEnhanceMaster 4.12/Content/Collections/' took 0.01s
[2016.07.13-13.46.35:430][  0]LogCollectionManager: Rebuilt the GUID cache for 1 collections in 0.000006 seconds
[2016.07.13-13.46.35:430][  0]LogCollectionManager: Rebuilt the hierarchy cache for 1 collections in 0.000000 seconds
[2016.07.13-13.46.35:439][  0]LogContentBrowser: Native class hierarchy populated in 0.0087 seconds. Added 2047 classes and 369 folders.
[2016.07.13-13.46.35:443][  0]LogStats: UGameplayTagsManager::ConstructGameplayTagTree: Construct from data asset -  0.000 s
[2016.07.13-13.46.35:443][  0]LogStats: UGameplayTagsManager::ConstructGameplayTagTree: GameplayTagTreeChangedEvent.Broadcast -  0.000 s
[2016.07.13-13.46.35:443][  0]LogContentBrowser: Native class hierarchy updated for 'GameplayTags' in 0.0005 seconds. Added 12 classes and 0 folders.
[2016.07.13-13.46.35:447][  0]LogContentBrowser: Native class hierarchy updated for 'WidgetCarousel' in 0.0003 seconds. Added 0 classes and 0 folders.
[2016.07.13-13.46.35:497][  0]LogContentBrowser: Native class hierarchy updated for 'AddContentDialog' in 0.0005 seconds. Added 0 classes and 0 folders.
[2016.07.13-13.46.35:502][  0]LogContentBrowser: Native class hierarchy updated for 'SceneOutliner' in 0.0004 seconds. Added 1 classes and 2 folders.
[2016.07.13-13.46.35:517][  0]LogCrashTracker: Crashtracker disabled due to settings.
[2016.07.13-13.46.35:522][  0]LogUObjectGlobals:Warning: 'Class 없음.' 오브젝트를 찾는 데 실패했습니다.
[2016.07.13-13.46.35:549][  0]LogContentBrowser: Native class hierarchy updated for 'HierarchicalLODOutliner' in 0.0005 seconds. Added 1 classes and 2 folders.
[2016.07.13-13.46.35:549][  0]LogLoad: Full Startup: 12.72 seconds (BP compile: 2.74 seconds)
[2016.07.13-13.46.35:550][  0]LogExternalProfiler: Found external profiler: VSPerf
[2016.07.13-13.46.35:550][  0]LogExternalProfiler: Using external profiler: VSPerf
[2016.07.13-13.46.35:566][  0]LogWindowsTextInputMethodSystem:Display: IME system now activated using TSF (Microsoft 입력기).
[2016.07.13-13.46.35:569][  0]LogOcInput: OculusInput pre-init called
[2016.07.13-13.46.35:747][  0]LogRenderer: Reallocating scene render targets to support 1208x580 (Frame:2).
[2016.07.13-13.46.35:818][  1]LogAssetRegistry: Asset discovery search completed in 9.9920 seconds
[2016.07.13-13.46.35:819][  1]LogCollectionManager: Rebuilt the object cache for 1 collections in 0.001278 seconds (found 0 objects)
[2016.07.13-13.46.35:819][  1]LogCollectionManager: Fixed up redirectors for 1 collections in 0.001353 seconds (updated 0 objects)
[2016.07.13-13.46.50:444][451]LogPlayLevel: PlayLevel: No blueprints needed recompiling
[2016.07.13-13.46.50:445][451]PIE: New page: PIE 세션: MainMap (2016. 7. 14. 오전 7:46:50)
[2016.07.13-13.46.50:445][451]LogPlayLevel: Creating play world package: /Game/Maps/UEDPIE_0_MainMap
[2016.07.13-13.46.50:461][451]LogPlayLevel: PIE: StaticDuplicateObject took: (0.015930s)
[2016.07.13-13.46.50:462][451]LogAIModule: Creating AISystem for world MainMap
[2016.07.13-13.46.50:462][451]LogPlayLevel: PIE: World Init took: (0.000815s)
[2016.07.13-13.46.50:463][451]LogPlayLevel: PIE: Created PIE world by copying editor world from /Game/Maps/MainMap.MainMap to /Game/Maps/UEDPIE_0_MainMap.MainMap (0.017118s)
[2016.07.13-13.46.50:674][451]LogInit: XAudio2 using '스피커(VIA HD Audio)' : 2 channels at 48 kHz using 32 bits per sample (channel mask 0x3)
[2016.07.13-13.46.50:688][451]LogInit: FAudioDevice initialized.
[2016.07.13-13.46.50:756][451]LogWorld: Game class is 'GameMode_C'
[2016.07.13-13.46.50:776][451]LogWorld: Bringing World /Game/Maps/UEDPIE_0_MainMap.MainMap up for play (max tick rate 0) at 2016.07.13-22.46.50
[2016.07.13-13.46.50:777][451]LogWorld: Bringing up level for play took: 0.019423
[2016.07.13-13.46.50:779][451]LogSpawn:Warning: SpawnActor failed because no class was specified
[2016.07.13-13.46.50:781][451]LogContentBrowser: Native class hierarchy updated for 'MovieSceneCapture' in 0.0005 seconds. Added 11 classes and 0 folders.
[2016.07.13-13.46.50:783][451]LogBlueprintUserMessages: [CameraManager_353] 1207.0
[2016.07.13-13.46.50:783][451]LogBlueprintUserMessages: [CameraManager_353] 578.0
[2016.07.13-13.46.50:784][451]PIE: 정보 /Game/Maps/UEDPIE_0_MainMap 에 대한 에디터에서 플레이 시작 시간: -0.256
[2016.07.13-13.47.02:109][657]LogContentBrowser: Native class hierarchy updated for 'BlueprintGraph' in 0.0008 seconds. Added 111 classes and 0 folders.
[2016.07.13-13.47.57:357][881]BlueprintLog: New page: Slot 컴파일
[2016.07.13-13.47.57:632][881]BlueprintEditorCompileResults: 정보 [0094.81] Slot 컴파일에 성공했습니다! [소요시간 275 ms] (/Game/Blueprints/Inventory/Slot.Slot)
[2016.07.13-13.47.58:502][906]LogSavePackage: Save=238.27ms
[2016.07.13-13.47.58:502][906]LogSavePackage: Moving '../../../../../../Users/zxc99as/Documents/swordenhancemaster/SwordEnhanceMaster 4.12/Saved/MainMap5CC68A62470D1CE954618F8E11F7FCE3.tmp' to '../../../../../../Users/zxc99as/Documents/swordenhancemaster/SwordEnhanceMaster 4.12/Content/Maps/MainMap.umap'
[2016.07.13-13.47.58:506][906]LogSavePackage:Display: Finished SavePackage ../../../../../../Users/zxc99as/Documents/swordenhancemaster/SwordEnhanceMaster 4.12/Content/Maps/MainMap.umap
[2016.07.13-13.47.58:547][906]LogFileHelpers: Saving map 'MainMap' took 0.449
[2016.07.13-13.47.58:621][906]LogSavePackage: Save=42.93ms
[2016.07.13-13.47.58:621][906]LogSavePackage: Moving '../../../../../../Users/zxc99as/Documents/swordenhancemaster/SwordEnhanceMaster 4.12/Saved/Slot95EDDD7449284D015A252480B2DB6EF7.tmp' to '../../../../../../Users/zxc99as/Documents/swordenhancemaster/SwordEnhanceMaster 4.12/Content/Blueprints/Inventory/Slot.uasset'
[2016.07.13-13.47.58:625][906]LogSavePackage:Display: Finished SavePackage ../../../../../../Users/zxc99as/Documents/swordenhancemaster/SwordEnhanceMaster 4.12/Content/Blueprints/Inventory/Slot.uasset
[2016.07.13-13.47.59:923][ 15]LogPlayLevel: PlayLevel: No blueprints needed recompiling
[2016.07.13-13.47.59:924][ 15]PIE: New page: PIE 세션: MainMap (2016. 7. 14. 오전 7:47:59)
[2016.07.13-13.47.59:924][ 15]LogPlayLevel: Creating play world package: /Game/Maps/UEDPIE_0_MainMap
[2016.07.13-13.47.59:939][ 15]LogPlayLevel: PIE: StaticDuplicateObject took: (0.015550s)
[2016.07.13-13.47.59:940][ 15]LogAIModule: Creating AISystem for world MainMap
[2016.07.13-13.47.59:940][ 15]LogPlayLevel: PIE: World Init took: (0.000686s)
[2016.07.13-13.47.59:940][ 15]LogPlayLevel: PIE: Created PIE world by copying editor world from /Game/Maps/MainMap.MainMap to /Game/Maps/UEDPIE_0_MainMap.MainMap (0.016575s)
[2016.07.13-13.47.59:972][ 15]LogInit: XAudio2 using '스피커(VIA HD Audio)' : 2 channels at 48 kHz using 32 bits per sample (channel mask 0x3)
[2016.07.13-13.47.59:985][ 15]LogInit: FAudioDevice initialized.
[2016.07.13-13.48.00:040][ 15]LogWorld: Game class is 'GameMode_C'
[2016.07.13-13.48.00:058][ 15]LogWorld: Bringing World /Game/Maps/UEDPIE_0_MainMap.MainMap up for play (max tick rate 0) at 2016.07.13-22.48.00
[2016.07.13-13.48.00:059][ 15]LogWorld: Bringing up level for play took: 0.017934
[2016.07.13-13.48.00:060][ 15]LogSpawn:Warning: SpawnActor failed because no class was specified
[2016.07.13-13.48.00:061][ 15]LogBlueprintUserMessages: [CameraManager_353] 1207.0
[2016.07.13-13.48.00:061][ 15]LogBlueprintUserMessages: [CameraManager_353] 578.0
[2016.07.13-13.48.00:062][ 15]PIE: 정보 /Game/Maps/UEDPIE_0_MainMap 에 대한 에디터에서 플레이 시작 시간: 1.022
[2016.07.13-13.49.16:224][833]LogRenderer: Reallocating scene render targets to support 1208x712 (Frame:13843).
[2016.07.13-13.49.32:282][560]BlueprintLog: New page: WeaponInventory 컴파일
[2016.07.13-13.49.32:664][560]BlueprintEditorCompileResults: 정보 [0189.84] WeaponInventory 컴파일에 성공했습니다! [소요시간 382 ms] (/Game/Blueprints/Inventory/WeaponInventory.WeaponInventory)
[2016.07.13-13.49.34:776][689]LogPlayLevel: PlayLevel: No blueprints needed recompiling
[2016.07.13-13.49.34:776][689]PIE: New page: PIE 세션: MainMap (2016. 7. 14. 오전 7:49:34)
[2016.07.13-13.49.34:776][689]LogPlayLevel: Creating play world package: /Game/Maps/UEDPIE_0_MainMap
[2016.07.13-13.49.34:792][689]LogPlayLevel: PIE: StaticDuplicateObject took: (0.016092s)
[2016.07.13-13.49.34:793][689]LogAIModule: Creating AISystem for world MainMap
[2016.07.13-13.49.34:793][689]LogPlayLevel: PIE: World Init took: (0.000668s)
[2016.07.13-13.49.34:793][689]LogPlayLevel: PIE: Created PIE world by copying editor world from /Game/Maps/MainMap.MainMap to /Game/Maps/UEDPIE_0_MainMap.MainMap (0.017002s)
[2016.07.13-13.49.34:825][689]LogInit: XAudio2 using '스피커(VIA HD Audio)' : 2 channels at 48 kHz using 32 bits per sample (channel mask 0x3)
[2016.07.13-13.49.34:838][689]LogInit: FAudioDevice initialized.
[2016.07.13-13.49.34:891][689]LogWorld: Game class is 'GameMode_C'
[2016.07.13-13.49.34:909][689]LogWorld: Bringing World /Game/Maps/UEDPIE_0_MainMap.MainMap up for play (max tick rate 0) at 2016.07.13-22.49.34
[2016.07.13-13.49.34:936][689]LogWorld: Bringing up level for play took: 0.043502
[2016.07.13-13.49.34:937][689]LogSpawn:Warning: SpawnActor failed because no class was specified
[2016.07.13-13.49.34:939][689]LogBlueprintUserMessages: [CameraManager_353] 1207.0
[2016.07.13-13.49.34:939][689]LogBlueprintUserMessages: [CameraManager_353] 578.0
[2016.07.13-13.49.34:943][689]PIE: 정보 /Game/Maps/UEDPIE_0_MainMap 에 대한 에디터에서 플레이 시작 시간: -0.097
[2016.07.13-13.51.36:815][599]LogActorComponent: ReregisterComponent: (/Game/Maps/MainMap.MainMap:PersistentLevel.WeaponInventory_C_0.EnableSlot) Not currently registered. Aborting.
[2016.07.13-13.51.36:815][599]LogActorComponent: ReregisterComponent: (/Engine/Transient.World_2:PersistentLevel.WeaponInventory_C_0.EnableSlot) Not currently registered. Aborting.
[2016.07.13-13.51.40:401][791]BlueprintLog: New page: WeaponInventory 컴파일
[2016.07.13-13.51.40:770][791]BlueprintEditorCompileResults: 정보 [0317.94] WeaponInventory 컴파일에 성공했습니다! [소요시간 369 ms] (/Game/Blueprints/Inventory/WeaponInventory.WeaponInventory)
[2016.07.13-13.51.43:402][964]LogPlayLevel: PlayLevel: No blueprints needed recompiling
[2016.07.13-13.51.43:402][964]PIE: New page: PIE 세션: MainMap (2016. 7. 14. 오전 7:51:43)
[2016.07.13-13.51.43:402][964]LogPlayLevel: Creating play world package: /Game/Maps/UEDPIE_0_MainMap
[2016.07.13-13.51.43:419][964]LogPlayLevel: PIE: StaticDuplicateObject took: (0.016441s)
[2016.07.13-13.51.43:420][964]LogAIModule: Creating AISystem for world MainMap
[2016.07.13-13.51.43:420][964]LogPlayLevel: PIE: World Init took: (0.000721s)
[2016.07.13-13.51.43:420][964]LogPlayLevel: PIE: Created PIE world by copying editor world from /Game/Maps/MainMap.MainMap to /Game/Maps/UEDPIE_0_MainMap.MainMap (0.017411s)
[2016.07.13-13.51.43:453][964]LogInit: XAudio2 using '스피커(VIA HD Audio)' : 2 channels at 48 kHz using 32 bits per sample (channel mask 0x3)
[2016.07.13-13.51.43:466][964]LogInit: FAudioDevice initialized.
[2016.07.13-13.51.43:518][964]LogWorld: Game class is 'GameMode_C'
[2016.07.13-13.51.43:536][964]LogWorld: Bringing World /Game/Maps/UEDPIE_0_MainMap.MainMap up for play (max tick rate 0) at 2016.07.13-22.51.43
[2016.07.13-13.51.43:537][964]LogWorld: Bringing up level for play took: 0.018151
[2016.07.13-13.51.43:538][964]LogSpawn:Warning: SpawnActor failed because no class was specified
[2016.07.13-13.51.43:540][964]LogBlueprintUserMessages: [CameraManager_353] 1207.0
[2016.07.13-13.51.43:540][964]LogBlueprintUserMessages: [CameraManager_353] 578.0
[2016.07.13-13.51.43:541][964]PIE: 정보 /Game/Maps/UEDPIE_0_MainMap 에 대한 에디터에서 플레이 시작 시간: 0.5
[2016.07.13-13.53.17:134][834]BlueprintLog: New page: WeaponInventory 컴파일
[2016.07.13-13.53.17:526][834]BlueprintEditorCompileResults: 정보 [0414.70] WeaponInventory 컴파일에 성공했습니다! [소요시간 391 ms] (/Game/Blueprints/Inventory/WeaponInventory.WeaponInventory)
[2016.07.13-13.53.18:430][852]LogSavePackage: Save=235.96ms
[2016.07.13-13.53.18:430][852]LogSavePackage: Moving '../../../../../../Users/zxc99as/Documents/swordenhancemaster/SwordEnhanceMaster 4.12/Saved/MainMap2CD0A3FA4FC93A98C90D239D1C7D6F6F.tmp' to '../../../../../../Users/zxc99as/Documents/swordenhancemaster/SwordEnhanceMaster 4.12/Content/Maps/MainMap.umap'
[2016.07.13-13.53.18:434][852]LogSavePackage:Display: Finished SavePackage ../../../../../../Users/zxc99as/Documents/swordenhancemaster/SwordEnhanceMaster 4.12/Content/Maps/MainMap.umap
[2016.07.13-13.53.18:470][852]LogFileHelpers: Saving map 'MainMap' took 0.442
[2016.07.13-13.53.18:935][852]LogSavePackage: Save=372.84ms
[2016.07.13-13.53.18:935][852]LogSavePackage: Moving '../../../../../../Users/zxc99as/Documents/swordenhancemaster/SwordEnhanceMaster 4.12/Saved/WeaponInventory80E7A177467CF1AE1278E2A94E34A47C.tmp' to '../../../../../../Users/zxc99as/Documents/swordenhancemaster/SwordEnhanceMaster 4.12/Content/Blueprints/Inventory/WeaponInventory.uasset'
[2016.07.13-13.53.18:939][852]LogSavePackage:Display: Finished SavePackage ../../../../../../Users/zxc99as/Documents/swordenhancemaster/SwordEnhanceMaster 4.12/Content/Blueprints/Inventory/WeaponInventory.uasset
[2016.07.13-13.54.27:613][414]BlueprintLog: New page: WeaponInventory 컴파일
[2016.07.13-13.54.28:004][414]BlueprintEditorCompileResults: 정보 [0485.18] WeaponInventory 컴파일에 성공했습니다! [소요시간 391 ms] (/Game/Blueprints/Inventory/WeaponInventory.WeaponInventory)
[2016.07.13-13.54.30:425][589]LogPlayLevel: PlayLevel: No blueprints needed recompiling
[2016.07.13-13.54.30:425][589]PIE: New page: PIE 세션: MainMap (2016. 7. 14. 오전 7:54:30)
[2016.07.13-13.54.30:425][589]LogPlayLevel: Creating play world package: /Game/Maps/UEDPIE_0_MainMap
[2016.07.13-13.54.30:441][589]LogPlayLevel: PIE: StaticDuplicateObject took: (0.015752s)
[2016.07.13-13.54.30:442][589]LogAIModule: Creating AISystem for world MainMap
[2016.07.13-13.54.30:442][589]LogPlayLevel: PIE: World Init took: (0.000705s)
[2016.07.13-13.54.30:442][589]LogPlayLevel: PIE: Created PIE world by copying editor world from /Game/Maps/MainMap.MainMap to /Game/Maps/UEDPIE_0_MainMap.MainMap (0.016711s)
[2016.07.13-13.54.30:476][589]LogInit: XAudio2 using '스피커(VIA HD Audio)' : 2 channels at 48 kHz using 32 bits per sample (channel mask 0x3)
[2016.07.13-13.54.30:490][589]LogInit: FAudioDevice initialized.
[2016.07.13-13.54.30:543][589]LogWorld: Game class is 'GameMode_C'
[2016.07.13-13.54.30:561][589]LogWorld: Bringing World /Game/Maps/UEDPIE_0_MainMap.MainMap up for play (max tick rate 0) at 2016.07.13-22.54.30
[2016.07.13-13.54.30:562][589]LogWorld: Bringing up level for play took: 0.017999
[2016.07.13-13.54.30:563][589]LogSpawn:Warning: SpawnActor failed because no class was specified
[2016.07.13-13.54.30:564][589]LogBlueprintUserMessages: [CameraManager_353] 1207.0
[2016.07.13-13.54.30:564][589]LogBlueprintUserMessages: [CameraManager_353] 578.0
[2016.07.13-13.54.30:565][589]PIE: 정보 /Game/Maps/UEDPIE_0_MainMap 에 대한 에디터에서 플레이 시작 시간: -0.475
[2016.07.13-13.58.43:493][245]BlueprintLog: New page: WeaponInventory 컴파일
[2016.07.13-13.58.43:864][245]BlueprintEditorCompileResults: 정보 [0741.04] WeaponInventory 컴파일에 성공했습니다! [소요시간 371 ms] (/Game/Blueprints/Inventory/WeaponInventory.WeaponInventory)
[2016.07.13-13.58.47:819][461]LogPlayLevel: PlayLevel: No blueprints needed recompiling
[2016.07.13-13.58.47:819][461]PIE: New page: PIE 세션: MainMap (2016. 7. 14. 오전 7:58:47)
[2016.07.13-13.58.47:819][461]LogPlayLevel: Creating play world package: /Game/Maps/UEDPIE_0_MainMap
[2016.07.13-13.58.47:835][461]LogPlayLevel: PIE: StaticDuplicateObject took: (0.015795s)
[2016.07.13-13.58.47:836][461]LogAIModule: Creating AISystem for world MainMap
[2016.07.13-13.58.47:836][461]LogPlayLevel: PIE: World Init took: (0.000701s)
[2016.07.13-13.58.47:836][461]LogPlayLevel: PIE: Created PIE world by copying editor world from /Game/Maps/MainMap.MainMap to /Game/Maps/UEDPIE_0_MainMap.MainMap (0.016741s)
[2016.07.13-13.58.47:868][461]LogInit: XAudio2 using '스피커(VIA HD Audio)' : 2 channels at 48 kHz using 32 bits per sample (channel mask 0x3)
[2016.07.13-13.58.47:882][461]LogInit: FAudioDevice initialized.
[2016.07.13-13.58.47:937][461]LogWorld: Game class is 'GameMode_C'
[2016.07.13-13.58.47:956][461]LogWorld: Bringing World /Game/Maps/UEDPIE_0_MainMap.MainMap up for play (max tick rate 0) at 2016.07.13-22.58.47
[2016.07.13-13.58.47:957][461]LogWorld: Bringing up level for play took: 0.018422
[2016.07.13-13.58.47:958][461]LogSpawn:Warning: SpawnActor failed because no class was specified
[2016.07.13-13.58.47:959][461]LogBlueprintUserMessages: [CameraManager_353] 1207.0
[2016.07.13-13.58.47:959][461]LogBlueprintUserMessages: [CameraManager_353] 578.0
[2016.07.13-13.58.47:960][461]PIE: 정보 /Game/Maps/UEDPIE_0_MainMap 에 대한 에디터에서 플레이 시작 시간: 0.92
[2016.07.13-14.00.44:215][195]BlueprintLog: New page: WeaponInventory 컴파일
[2016.07.13-14.00.44:590][195]BlueprintEditorCompileResults: 정보 [0861.76] WeaponInventory 컴파일에 성공했습니다! [소요시간 375 ms] (/Game/Blueprints/Inventory/WeaponInventory.WeaponInventory)
[2016.07.13-14.00.46:889][340]LogPlayLevel: PlayLevel: No blueprints needed recompiling
[2016.07.13-14.00.46:889][340]PIE: New page: PIE 세션: MainMap (2016. 7. 14. 오전 8:00:46)
[2016.07.13-14.00.46:889][340]LogPlayLevel: Creating play world package: /Game/Maps/UEDPIE_0_MainMap
[2016.07.13-14.00.46:905][340]LogPlayLevel: PIE: StaticDuplicateObject took: (0.015968s)
[2016.07.13-14.00.46:906][340]LogAIModule: Creating AISystem for world MainMap
[2016.07.13-14.00.46:906][340]LogPlayLevel: PIE: World Init took: (0.000750s)
[2016.07.13-14.00.46:906][340]LogPlayLevel: PIE: Created PIE world by copying editor world from /Game/Maps/MainMap.MainMap to /Game/Maps/UEDPIE_0_MainMap.MainMap (0.016965s)
[2016.07.13-14.00.46:938][340]LogInit: XAudio2 using '스피커(VIA HD Audio)' : 2 channels at 48 kHz using 32 bits per sample (channel mask 0x3)
[2016.07.13-14.00.46:951][340]LogInit: FAudioDevice initialized.
[2016.07.13-14.00.47:005][340]LogWorld: Game class is 'GameMode_C'
[2016.07.13-14.00.47:024][340]LogWorld: Bringing World /Game/Maps/UEDPIE_0_MainMap.MainMap up for play (max tick rate 0) at 2016.07.13-23.00.47
[2016.07.13-14.00.47:025][340]LogWorld: Bringing up level for play took: 0.018680
[2016.07.13-14.00.47:026][340]LogSpawn:Warning: SpawnActor failed because no class was specified
[2016.07.13-14.00.47:027][340]LogBlueprintUserMessages: [CameraManager_353] 1207.0
[2016.07.13-14.00.47:027][340]LogBlueprintUserMessages: [CameraManager_353] 578.0
[2016.07.13-14.00.47:028][340]PIE: 정보 /Game/Maps/UEDPIE_0_MainMap 에 대한 에디터에서 플레이 시작 시간: -0.012
[2016.07.13-14.01.16:375][647]BlueprintLog: New page: WeaponInventory 컴파일
[2016.07.13-14.01.16:747][647]BlueprintEditorCompileResults: 정보 [0893.92] WeaponInventory 컴파일에 성공했습니다! [소요시간 372 ms] (/Game/Blueprints/Inventory/WeaponInventory.WeaponInventory)
[2016.07.13-14.01.18:772][774]LogPlayLevel: PlayLevel: No blueprints needed recompiling
[2016.07.13-14.01.18:772][774]PIE: New page: PIE 세션: MainMap (2016. 7. 14. 오전 8:01:18)
[2016.07.13-14.01.18:772][774]LogPlayLevel: Creating play world package: /Game/Maps/UEDPIE_0_MainMap
[2016.07.13-14.01.18:788][774]LogPlayLevel: PIE: StaticDuplicateObject took: (0.015968s)
[2016.07.13-14.01.18:789][774]LogAIModule: Creating AISystem for world MainMap
[2016.07.13-14.01.18:789][774]LogPlayLevel: PIE: World Init took: (0.000669s)
[2016.07.13-14.01.18:789][774]LogPlayLevel: PIE: Created PIE world by copying editor world from /Game/Maps/MainMap.MainMap to /Game/Maps/UEDPIE_0_MainMap.MainMap (0.016907s)
[2016.07.13-14.01.18:821][774]LogInit: XAudio2 using '스피커(VIA HD Audio)' : 2 channels at 48 kHz using 32 bits per sample (channel mask 0x3)
[2016.07.13-14.01.18:835][774]LogInit: FAudioDevice initialized.
[2016.07.13-14.01.18:891][774]LogWorld: Game class is 'GameMode_C'
[2016.07.13-14.01.18:909][774]LogWorld: Bringing World /Game/Maps/UEDPIE_0_MainMap.MainMap up for play (max tick rate 0) at 2016.07.13-23.01.18
[2016.07.13-14.01.18:910][774]LogWorld: Bringing up level for play took: 0.018115
[2016.07.13-14.01.18:912][774]LogSpawn:Warning: SpawnActor failed because no class was specified
[2016.07.13-14.01.18:913][774]LogBlueprintUserMessages: [CameraManager_353] 1207.0
[2016.07.13-14.01.18:913][774]LogBlueprintUserMessages: [CameraManager_353] 578.0
[2016.07.13-14.01.18:914][774]PIE: 정보 /Game/Maps/UEDPIE_0_MainMap 에 대한 에디터에서 플레이 시작 시간: -0.127
[2016.07.13-14.01.26:048][582]LogPlayLevel: PlayLevel: No blueprints needed recompiling
[2016.07.13-14.01.26:048][582]PIE: New page: PIE 세션: MainMap (2016. 7. 14. 오전 8:01:26)
[2016.07.13-14.01.26:048][582]LogPlayLevel: Creating play world package: /Game/Maps/UEDPIE_0_MainMap
[2016.07.13-14.01.26:064][582]LogPlayLevel: PIE: StaticDuplicateObject took: (0.015967s)
[2016.07.13-14.01.26:065][582]LogAIModule: Creating AISystem for world MainMap
[2016.07.13-14.01.26:065][582]LogPlayLevel: PIE: World Init took: (0.000646s)
[2016.07.13-14.01.26:065][582]LogPlayLevel: PIE: Created PIE world by copying editor world from /Game/Maps/MainMap.MainMap to /Game/Maps/UEDPIE_0_MainMap.MainMap (0.016858s)
[2016.07.13-14.01.26:097][582]LogInit: XAudio2 using '스피커(VIA HD Audio)' : 2 channels at 48 kHz using 32 bits per sample (channel mask 0x3)
[2016.07.13-14.01.26:109][582]LogInit: FAudioDevice initialized.
[2016.07.13-14.01.26:162][582]LogWorld: Game class is 'GameMode_C'
[2016.07.13-14.01.26:180][582]LogWorld: Bringing World /Game/Maps/UEDPIE_0_MainMap.MainMap up for play (max tick rate 0) at 2016.07.13-23.01.26
[2016.07.13-14.01.26:181][582]LogWorld: Bringing up level for play took: 0.017936
[2016.07.13-14.01.26:182][582]LogSpawn:Warning: SpawnActor failed because no class was specified
[2016.07.13-14.01.26:183][582]LogBlueprintUserMessages: [CameraManager_353] 1207.0
[2016.07.13-14.01.26:183][582]LogBlueprintUserMessages: [CameraManager_353] 578.0
[2016.07.13-14.01.26:184][582]PIE: 정보 /Game/Maps/UEDPIE_0_MainMap 에 대한 에디터에서 플레이 시작 시간: -0.856
[2016.07.13-14.02.05:735][191]BlueprintLog: New page: WeaponInventory 컴파일
[2016.07.13-14.02.06:104][191]BlueprintEditorCompileResults: 정보 [0943.28] WeaponInventory 컴파일에 성공했습니다! [소요시간 368 ms] (/Game/Blueprints/Inventory/WeaponInventory.WeaponInventory)
[2016.07.13-14.02.08:350][330]LogPlayLevel: PlayLevel: No blueprints needed recompiling
[2016.07.13-14.02.08:350][330]PIE: New page: PIE 세션: MainMap (2016. 7. 14. 오전 8:02:08)
[2016.07.13-14.02.08:350][330]LogPlayLevel: Creating play world package: /Game/Maps/UEDPIE_0_MainMap
[2016.07.13-14.02.08:366][330]LogPlayLevel: PIE: StaticDuplicateObject took: (0.015861s)
[2016.07.13-14.02.08:366][330]LogAIModule: Creating AISystem for world MainMap
[2016.07.13-14.02.08:366][330]LogPlayLevel: PIE: World Init took: (0.000657s)
[2016.07.13-14.02.08:367][330]LogPlayLevel: PIE: Created PIE world by copying editor world from /Game/Maps/MainMap.MainMap to /Game/Maps/UEDPIE_0_MainMap.MainMap (0.016786s)
[2016.07.13-14.02.08:400][330]LogInit: XAudio2 using '스피커(VIA HD Audio)' : 2 channels at 48 kHz using 32 bits per sample (channel mask 0x3)
[2016.07.13-14.02.08:414][330]LogInit: FAudioDevice initialized.
[2016.07.13-14.02.08:468][330]LogWorld: Game class is 'GameMode_C'
[2016.07.13-14.02.08:486][330]LogWorld: Bringing World /Game/Maps/UEDPIE_0_MainMap.MainMap up for play (max tick rate 0) at 2016.07.13-23.02.08
[2016.07.13-14.02.08:487][330]LogWorld: Bringing up level for play took: 0.018420
[2016.07.13-14.02.08:489][330]LogSpawn:Warning: SpawnActor failed because no class was specified
[2016.07.13-14.02.08:490][330]LogBlueprintUserMessages: [CameraManager_353] 1207.0
[2016.07.13-14.02.08:490][330]LogBlueprintUserMessages: [CameraManager_353] 578.0
[2016.07.13-14.02.08:491][330]PIE: 정보 /Game/Maps/UEDPIE_0_MainMap 에 대한 에디터에서 플레이 시작 시간: -0.55
[2016.07.13-14.03.13:649][159]LogEditorTransaction: Undo 컴포넌트 변경
[2016.07.13-14.03.20:162][477]BlueprintLog: New page: WeaponInventory 컴파일
[2016.07.13-14.03.20:543][477]BlueprintEditorCompileResults: 정보 [1017.72] WeaponInventory 컴파일에 성공했습니다! [소요시간 379 ms] (/Game/Blueprints/Inventory/WeaponInventory.WeaponInventory)
[2016.07.13-14.03.23:086][656]LogPlayLevel: PlayLevel: No blueprints needed recompiling
[2016.07.13-14.03.23:086][656]PIE: New page: PIE 세션: MainMap (2016. 7. 14. 오전 8:03:23)
[2016.07.13-14.03.23:086][656]LogPlayLevel: Creating play world package: /Game/Maps/UEDPIE_0_MainMap
[2016.07.13-14.03.23:102][656]LogPlayLevel: PIE: StaticDuplicateObject took: (0.015795s)
[2016.07.13-14.03.23:103][656]LogAIModule: Creating AISystem for world MainMap
[2016.07.13-14.03.23:103][656]LogPlayLevel: PIE: World Init took: (0.000712s)
[2016.07.13-14.03.23:103][656]LogPlayLevel: PIE: Created PIE world by copying editor world from /Game/Maps/MainMap.MainMap to /Game/Maps/UEDPIE_0_MainMap.MainMap (0.016779s)
[2016.07.13-14.03.23:134][656]LogInit: XAudio2 using '스피커(VIA HD Audio)' : 2 channels at 48 kHz using 32 bits per sample (channel mask 0x3)
[2016.07.13-14.03.23:148][656]LogInit: FAudioDevice initialized.
[2016.07.13-14.03.23:205][656]LogWorld: Game class is 'GameMode_C'
[2016.07.13-14.03.23:223][656]LogWorld: Bringing World /Game/Maps/UEDPIE_0_MainMap.MainMap up for play (max tick rate 0) at 2016.07.13-23.03.23
[2016.07.13-14.03.23:224][656]LogWorld: Bringing up level for play took: 0.018164
[2016.07.13-14.03.23:225][656]LogSpawn:Warning: SpawnActor failed because no class was specified
[2016.07.13-14.03.23:227][656]LogBlueprintUserMessages: [CameraManager_353] 1207.0
[2016.07.13-14.03.23:227][656]LogBlueprintUserMessages: [CameraManager_353] 578.0
[2016.07.13-14.03.23:227][656]PIE: 정보 /Game/Maps/UEDPIE_0_MainMap 에 대한 에디터에서 플레이 시작 시간: 0.187
[2016.07.13-14.04.10:098][625]BlueprintLog: New page: WeaponInventory 컴파일
[2016.07.13-14.04.10:470][625]BlueprintEditorCompileResults: 정보 [1067.64] WeaponInventory 컴파일에 성공했습니다! [소요시간 371 ms] (/Game/Blueprints/Inventory/WeaponInventory.WeaponInventory)
[2016.07.13-14.04.13:165][784]LogPlayLevel: PlayLevel: No blueprints needed recompiling
[2016.07.13-14.04.13:166][784]PIE: New page: PIE 세션: MainMap (2016. 7. 14. 오전 8:04:13)
[2016.07.13-14.04.13:166][784]LogPlayLevel: Creating play world package: /Game/Maps/UEDPIE_0_MainMap
[2016.07.13-14.04.13:182][784]LogPlayLevel: PIE: StaticDuplicateObject took: (0.015878s)
[2016.07.13-14.04.13:182][784]LogAIModule: Creating AISystem for world MainMap
[2016.07.13-14.04.13:182][784]LogPlayLevel: PIE: World Init took: (0.000653s)
[2016.07.13-14.04.13:182][784]LogPlayLevel: PIE: Created PIE world by copying editor world from /Game/Maps/MainMap.MainMap to /Game/Maps/UEDPIE_0_MainMap.MainMap (0.016773s)
[2016.07.13-14.04.13:214][784]LogInit: XAudio2 using '스피커(VIA HD Audio)' : 2 channels at 48 kHz using 32 bits per sample (channel mask 0x3)
[2016.07.13-14.04.13:228][784]LogInit: FAudioDevice initialized.
[2016.07.13-14.04.13:284][784]LogWorld: Game class is 'GameMode_C'
[2016.07.13-14.04.13:303][784]LogWorld: Bringing World /Game/Maps/UEDPIE_0_MainMap.MainMap up for play (max tick rate 0) at 2016.07.13-23.04.13
[2016.07.13-14.04.13:304][784]LogWorld: Bringing up level for play took: 0.018377
[2016.07.13-14.04.13:306][784]LogSpawn:Warning: SpawnActor failed because no class was specified
[2016.07.13-14.04.13:307][784]LogBlueprintUserMessages: [CameraManager_353] 1207.0
[2016.07.13-14.04.13:307][784]LogBlueprintUserMessages: [CameraManager_353] 578.0
[2016.07.13-14.04.13:308][784]PIE: 정보 /Game/Maps/UEDPIE_0_MainMap 에 대한 에디터에서 플레이 시작 시간: 0.268
[2016.07.13-14.06.45:973][156]BlueprintLog: New page: WeaponInventory 컴파일
[2016.07.13-14.06.46:350][156]BlueprintEditorCompileResults: 정보 [1223.52] WeaponInventory 컴파일에 성공했습니다! [소요시간 377 ms] (/Game/Blueprints/Inventory/WeaponInventory.WeaponInventory)
[2016.07.13-14.06.47:759][236]LogPlayLevel: PlayLevel: No blueprints needed recompiling
[2016.07.13-14.06.47:759][236]PIE: New page: PIE 세션: MainMap (2016. 7. 14. 오전 8:06:47)
[2016.07.13-14.06.47:760][236]LogPlayLevel: Creating play world package: /Game/Maps/UEDPIE_0_MainMap
[2016.07.13-14.06.47:776][236]LogPlayLevel: PIE: StaticDuplicateObject took: (0.016312s)
[2016.07.13-14.06.47:777][236]LogAIModule: Creating AISystem for world MainMap
[2016.07.13-14.06.47:777][236]LogPlayLevel: PIE: World Init took: (0.000729s)
[2016.07.13-14.06.47:777][236]LogPlayLevel: PIE: Created PIE world by copying editor world from /Game/Maps/MainMap.MainMap to /Game/Maps/UEDPIE_0_MainMap.MainMap (0.017306s)
[2016.07.13-14.06.47:811][236]LogInit: XAudio2 using '스피커(VIA HD Audio)' : 2 channels at 48 kHz using 32 bits per sample (channel mask 0x3)
[2016.07.13-14.06.47:825][236]LogInit: FAudioDevice initialized.
[2016.07.13-14.06.47:880][236]LogWorld: Game class is 'GameMode_C'
[2016.07.13-14.06.47:898][236]LogWorld: Bringing World /Game/Maps/UEDPIE_0_MainMap.MainMap up for play (max tick rate 0) at 2016.07.13-23.06.47
[2016.07.13-14.06.47:899][236]LogWorld: Bringing up level for play took: 0.018016
[2016.07.13-14.06.47:901][236]LogSpawn:Warning: SpawnActor failed because no class was specified
[2016.07.13-14.06.47:902][236]LogBlueprintUserMessages: [CameraManager_353] 1207.0
[2016.07.13-14.06.47:902][236]LogBlueprintUserMessages: [CameraManager_353] 578.0
[2016.07.13-14.06.47:903][236]PIE: 정보 /Game/Maps/UEDPIE_0_MainMap 에 대한 에디터에서 플레이 시작 시간: 0.862
[2016.07.13-14.07.47:196][ 15]BlueprintLog: New page: Slot 컴파일
[2016.07.13-14.07.47:400][ 15]BlueprintEditorCompileResults: 정보 [1284.57] Slot 컴파일에 성공했습니다! [소요시간 203 ms] (/Game/Blueprints/Inventory/Slot.Slot)
[2016.07.13-14.07.48:737][ 91]BlueprintLog: New page: 플레이 전 자동 컴파일
[2016.07.13-14.07.48:749][ 91]LogPlayLevel: [PlayLevel] Compiling WeaponInventory before play...
[2016.07.13-14.07.49:108][ 91]LogPlayLevel: PlayLevel: Blueprint regeneration took 370 ms (4 blueprints)
[2016.07.13-14.07.49:111][ 91]LogPlayLevel: [PlayLevel] Compiling GameManager before play...
[2016.07.13-14.07.49:339][ 91]LogBlueprint:Warning: USimpleConstructionScript::FixupRootNodeParentReferences() - Couldn't find inherited parent component 'DefaultSceneRoot' for 'Black' in BlueprintGeneratedClass 'REINST_SceneManager_C_198' (it may have been removed)
[2016.07.13-14.07.49:408][ 91]LogBlueprint:Warning: USimpleConstructionScript::FixupRootNodeParentReferences() - Couldn't find inherited parent component 'DefaultSceneRoot' for 'Camera' in BlueprintGeneratedClass 'REINST_CameraManager_C_200' (it may have been removed)
[2016.07.13-14.07.50:956][ 91]LogPlayLevel: PlayLevel: Blueprint regeneration took 2218 ms (12 blueprints)
[2016.07.13-14.07.50:973][ 91]LogPlayLevel: [PlayLevel] Compiling Slot before play...
[2016.07.13-14.07.51:165][ 91]LogPlayLevel: PlayLevel: Blueprint regeneration took 2428 ms (12 blueprints)
[2016.07.13-14.07.51:166][ 91]LogPlayLevel: [PlayLevel] Compiling SceneManager before play...
[2016.07.13-14.07.51:340][ 91]LogPlayLevel: PlayLevel: Blueprint regeneration took 2603 ms (12 blueprints)
[2016.07.13-14.07.51:359][ 91]LogPlayLevel: [PlayLevel] Compiling GuildMenu before play...
[2016.07.13-14.07.53:031][ 91]LogPlayLevel: PlayLevel: Blueprint regeneration took 4293 ms (12 blueprints)
[2016.07.13-14.07.53:036][ 91]LogPlayLevel: [PlayLevel] Compiling IngredientInventory before play...
[2016.07.13-14.07.53:307][ 91]LogPlayLevel: PlayLevel: Blueprint regeneration took 4569 ms (12 blueprints)
[2016.07.13-14.07.53:309][ 91]LogPlayLevel: [PlayLevel] Compiling MainMenu before play...
[2016.07.13-14.07.53:507][ 91]LogPlayLevel: PlayLevel: Blueprint regeneration took 4768 ms (12 blueprints)
[2016.07.13-14.07.53:508][ 91]LogPlayLevel: [PlayLevel] Compiling TextBar before play...
[2016.07.13-14.07.53:713][ 91]LogPlayLevel: PlayLevel: Blueprint regeneration took 4974 ms (12 blueprints)
[2016.07.13-14.07.53:713][ 91]LogPlayLevel: [PlayLevel] Compiling CameraManager before play...
[2016.07.13-14.07.53:865][ 91]LogPlayLevel: PlayLevel: Blueprint regeneration took 5127 ms (12 blueprints)
[2016.07.13-14.07.53:866][ 91]LogPlayLevel: [PlayLevel] Compiling Initiation before play...
[2016.07.13-14.07.54:035][ 91]LogPlayLevel: PlayLevel: Blueprint regeneration took 5296 ms (12 blueprints)
[2016.07.13-14.07.54:039][ 91]LogPlayLevel: [PlayLevel] Compiling Enhancement before play...
[2016.07.13-14.07.54:564][ 91]LogPlayLevel: PlayLevel: Blueprint regeneration took 5825 ms (12 blueprints)
[2016.07.13-14.07.54:565][ 91]LogPlayLevel: [PlayLevel] Compiling Laboratory before play...
[2016.07.13-14.07.54:893][ 91]LogPlayLevel: PlayLevel: Blueprint regeneration took 6154 ms (12 blueprints)
[2016.07.13-14.07.55:064][ 91]PIE: New page: PIE 세션: MainMap (2016. 7. 14. 오전 8:07:55)
[2016.07.13-14.07.55:064][ 91]LogPlayLevel: Creating play world package: /Game/Maps/UEDPIE_0_MainMap
[2016.07.13-14.07.55:080][ 91]LogPlayLevel: PIE: StaticDuplicateObject took: (0.015894s)
[2016.07.13-14.07.55:081][ 91]LogAIModule: Creating AISystem for world MainMap
[2016.07.13-14.07.55:081][ 91]LogPlayLevel: PIE: World Init took: (0.000731s)
[2016.07.13-14.07.55:081][ 91]LogPlayLevel: PIE: Created PIE world by copying editor world from /Game/Maps/MainMap.MainMap to /Game/Maps/UEDPIE_0_MainMap.MainMap (0.016862s)
[2016.07.13-14.07.55:113][ 91]LogInit: XAudio2 using '스피커(VIA HD Audio)' : 2 channels at 48 kHz using 32 bits per sample (channel mask 0x3)
[2016.07.13-14.07.55:127][ 91]LogInit: FAudioDevice initialized.
[2016.07.13-14.07.55:182][ 91]LogWorld: Game class is 'GameMode_C'
[2016.07.13-14.07.55:200][ 91]LogWorld: Bringing World /Game/Maps/UEDPIE_0_MainMap.MainMap up for play (max tick rate 0) at 2016.07.13-23.07.55
[2016.07.13-14.07.55:201][ 91]LogWorld: Bringing up level for play took: 0.018359
[2016.07.13-14.07.55:202][ 91]LogSpawn:Warning: SpawnActor failed because no class was specified
[2016.07.13-14.07.55:203][ 91]LogBlueprintUserMessages: [CameraManager_353] 1207.0
[2016.07.13-14.07.55:203][ 91]LogBlueprintUserMessages: [CameraManager_353] 578.0
[2016.07.13-14.07.55:204][ 91]PIE: 정보 /Game/Maps/UEDPIE_0_MainMap 에 대한 에디터에서 플레이 시작 시간: 6.164
[2016.07.13-14.08.21:004][633]BlueprintLog: New page: WeaponInventory 컴파일
[2016.07.13-14.08.21:376][633]BlueprintEditorCompileResults: 정보 [1318.55] WeaponInventory 컴파일에 성공했습니다! [소요시간 371 ms] (/Game/Blueprints/Inventory/WeaponInventory.WeaponInventory)
[2016.07.13-14.08.22:222][674]BlueprintLog: New page: Slot 컴파일
[2016.07.13-14.08.22:423][674]BlueprintEditorCompileResults: 정보 [1319.60] Slot 컴파일에 성공했습니다! [소요시간 199 ms] (/Game/Blueprints/Inventory/Slot.Slot)
[2016.07.13-14.08.23:594][739]LogPlayLevel: PlayLevel: No blueprints needed recompiling
[2016.07.13-14.08.23:594][739]PIE: New page: PIE 세션: MainMap (2016. 7. 14. 오전 8:08:23)
[2016.07.13-14.08.23:594][739]LogPlayLevel: Creating play world package: /Game/Maps/UEDPIE_0_MainMap
[2016.07.13-14.08.23:610][739]LogPlayLevel: PIE: StaticDuplicateObject took: (0.015775s)
[2016.07.13-14.08.23:611][739]LogAIModule: Creating AISystem for world MainMap
[2016.07.13-14.08.23:611][739]LogPlayLevel: PIE: World Init took: (0.000609s)
[2016.07.13-14.08.23:611][739]LogPlayLevel: PIE: Created PIE world by copying editor world from /Game/Maps/MainMap.MainMap to /Game/Maps/UEDPIE_0_MainMap.MainMap (0.016630s)
[2016.07.13-14.08.23:642][739]LogInit: XAudio2 using '스피커(VIA HD Audio)' : 2 channels at 48 kHz using 32 bits per sample (channel mask 0x3)
[2016.07.13-14.08.23:655][739]LogInit: FAudioDevice initialized.
[2016.07.13-14.08.23:713][739]LogWorld: Game class is 'GameMode_C'
[2016.07.13-14.08.23:732][739]LogWorld: Bringing World /Game/Maps/UEDPIE_0_MainMap.MainMap up for play (max tick rate 0) at 2016.07.13-23.08.23
[2016.07.13-14.08.23:733][739]LogWorld: Bringing up level for play took: 0.019275
[2016.07.13-14.08.23:734][739]LogSpawn:Warning: SpawnActor failed because no class was specified
[2016.07.13-14.08.23:736][739]LogBlueprintUserMessages: [CameraManager_353] 1207.0
[2016.07.13-14.08.23:736][739]LogBlueprintUserMessages: [CameraManager_353] 578.0
[2016.07.13-14.08.23:736][739]PIE: 정보 /Game/Maps/UEDPIE_0_MainMap 에 대한 에디터에서 플레이 시작 시간: 0.696
[2016.07.13-14.09.03:677][261]BlueprintLog: New page: WeaponInventory 컴파일
[2016.07.13-14.09.04:055][261]BlueprintEditorCompileResults: 정보 [1361.23] WeaponInventory 컴파일에 성공했습니다! [소요시간 378 ms] (/Game/Blueprints/Inventory/WeaponInventory.WeaponInventory)
[2016.07.13-14.09.57:816][614]BlueprintLog: New page: WeaponInventory 컴파일
[2016.07.13-14.09.58:192][614]BlueprintEditorCompileResults: 정보 [1415.37] WeaponInventory 컴파일에 성공했습니다! [소요시간 375 ms] (/Game/Blueprints/Inventory/WeaponInventory.WeaponInventory)
[2016.07.13-14.10.00:601][791]LogPlayLevel: PlayLevel: No blueprints needed recompiling
[2016.07.13-14.10.00:601][791]PIE: New page: PIE 세션: MainMap (2016. 7. 14. 오전 8:10:00)
[2016.07.13-14.10.00:601][791]LogPlayLevel: Creating play world package: /Game/Maps/UEDPIE_0_MainMap
[2016.07.13-14.10.00:617][791]LogPlayLevel: PIE: StaticDuplicateObject took: (0.015765s)
[2016.07.13-14.10.00:617][791]LogAIModule: Creating AISystem for world MainMap
[2016.07.13-14.10.00:617][791]LogPlayLevel: PIE: World Init took: (0.000702s)
[2016.07.13-14.10.00:618][791]LogPlayLevel: PIE: Created PIE world by copying editor world from /Game/Maps/MainMap.MainMap to /Game/Maps/UEDPIE_0_MainMap.MainMap (0.016743s)
[2016.07.13-14.10.00:649][791]LogInit: XAudio2 using '스피커(VIA HD Audio)' : 2 channels at 48 kHz using 32 bits per sample (channel mask 0x3)
[2016.07.13-14.10.00:663][791]LogInit: FAudioDevice initialized.
[2016.07.13-14.10.00:720][791]LogWorld: Game class is 'GameMode_C'
[2016.07.13-14.10.00:739][791]LogWorld: Bringing World /Game/Maps/UEDPIE_0_MainMap.MainMap up for play (max tick rate 0) at 2016.07.13-23.10.00
[2016.07.13-14.10.00:740][791]LogWorld: Bringing up level for play took: 0.018851
[2016.07.13-14.10.00:742][791]LogSpawn:Warning: SpawnActor failed because no class was specified
[2016.07.13-14.10.00:743][791]LogBlueprintUserMessages: [CameraManager_353] 1207.0
[2016.07.13-14.10.00:743][791]LogBlueprintUserMessages: [CameraManager_353] 578.0
[2016.07.13-14.10.00:743][791]PIE: 정보 /Game/Maps/UEDPIE_0_MainMap 에 대한 에디터에서 플레이 시작 시간: -0.297
[2016.07.13-14.10.19:839][393]BlueprintLog: New page: WeaponInventory 컴파일
[2016.07.13-14.10.20:206][393]BlueprintEditorCompileResults: 정보 [1437.38] WeaponInventory 컴파일에 성공했습니다! [소요시간 367 ms] (/Game/Blueprints/Inventory/WeaponInventory.WeaponInventory)
[2016.07.13-14.10.21:846][447]LogSavePackage: Save=234.17ms
[2016.07.13-14.10.21:846][447]LogSavePackage: Moving '../../../../../../Users/zxc99as/Documents/swordenhancemaster/SwordEnhanceMaster 4.12/Saved/MainMap13DCB25245818C337BF2A792A6E25D6D.tmp' to '../../../../../../Users/zxc99as/Documents/swordenhancemaster/SwordEnhanceMaster 4.12/Content/Maps/MainMap.umap'
[2016.07.13-14.10.21:850][447]LogSavePackage:Display: Finished SavePackage ../../../../../../Users/zxc99as/Documents/swordenhancemaster/SwordEnhanceMaster 4.12/Content/Maps/MainMap.umap
[2016.07.13-14.10.21:888][447]LogFileHelpers: Saving map 'MainMap' took 0.450
[2016.07.13-14.10.22:291][447]LogSavePackage: Save=371.48ms
[2016.07.13-14.10.22:291][447]LogSavePackage: Moving '../../../../../../Users/zxc99as/Documents/swordenhancemaster/SwordEnhanceMaster 4.12/Saved/WeaponInventory664F871D4E01EDD2F120A496B51CA692.tmp' to '../../../../../../Users/zxc99as/Documents/swordenhancemaster/SwordEnhanceMaster 4.12/Content/Blueprints/Inventory/WeaponInventory.uasset'
[2016.07.13-14.10.22:295][447]LogSavePackage:Display: Finished SavePackage ../../../../../../Users/zxc99as/Documents/swordenhancemaster/SwordEnhanceMaster 4.12/Content/Blueprints/Inventory/WeaponInventory.uasset
[2016.07.13-14.10.22:370][447]LogSavePackage: Save=42.47ms
[2016.07.13-14.10.22:370][447]LogSavePackage: Moving '../../../../../../Users/zxc99as/Documents/swordenhancemaster/SwordEnhanceMaster 4.12/Saved/Slot1068CC094989B53E33438E8609262244.tmp' to '../../../../../../Users/zxc99as/Documents/swordenhancemaster/SwordEnhanceMaster 4.12/Content/Blueprints/Inventory/Slot.uasset'
[2016.07.13-14.10.22:373][447]LogSavePackage:Display: Finished SavePackage ../../../../../../Users/zxc99as/Documents/swordenhancemaster/SwordEnhanceMaster 4.12/Content/Blueprints/Inventory/Slot.uasset
[2016.07.13-14.10.24:484][595]LogPlayLevel: PlayLevel: No blueprints needed recompiling
[2016.07.13-14.10.24:484][595]PIE: New page: PIE 세션: MainMap (2016. 7. 14. 오전 8:10:24)
[2016.07.13-14.10.24:484][595]LogPlayLevel: Creating play world package: /Game/Maps/UEDPIE_0_MainMap
[2016.07.13-14.10.24:500][595]LogPlayLevel: PIE: StaticDuplicateObject took: (0.015790s)
[2016.07.13-14.10.24:500][595]LogAIModule: Creating AISystem for world MainMap
[2016.07.13-14.10.24:500][595]LogPlayLevel: PIE: World Init took: (0.000616s)
[2016.07.13-14.10.24:501][595]LogPlayLevel: PIE: Created PIE world by copying editor world from /Game/Maps/MainMap.MainMap to /Game/Maps/UEDPIE_0_MainMap.MainMap (0.016703s)
[2016.07.13-14.10.24:531][595]LogInit: XAudio2 using '스피커(VIA HD Audio)' : 2 channels at 48 kHz using 32 bits per sample (channel mask 0x3)
[2016.07.13-14.10.24:544][595]LogInit: FAudioDevice initialized.
[2016.07.13-14.10.24:601][595]LogWorld: Game class is 'GameMode_C'
[2016.07.13-14.10.24:621][595]LogWorld: Bringing World /Game/Maps/UEDPIE_0_MainMap.MainMap up for play (max tick rate 0) at 2016.07.13-23.10.24
[2016.07.13-14.10.24:622][595]LogWorld: Bringing up level for play took: 0.019624
[2016.07.13-14.10.24:623][595]LogSpawn:Warning: SpawnActor failed because no class was specified
[2016.07.13-14.10.24:625][595]LogBlueprintUserMessages: [CameraManager_353] 1207.0
[2016.07.13-14.10.24:625][595]LogBlueprintUserMessages: [CameraManager_353] 578.0
[2016.07.13-14.10.24:626][595]PIE: 정보 /Game/Maps/UEDPIE_0_MainMap 에 대한 에디터에서 플레이 시작 시간: -0.415
[2016.07.13-14.11.10:995][617]BlueprintLog: New page: Slot 컴파일
[2016.07.13-14.11.11:192][617]BlueprintEditorCompileResults: 정보 [1488.37] Slot 컴파일에 성공했습니다! [소요시간 197 ms] (/Game/Blueprints/Inventory/Slot.Slot)
[2016.07.13-14.11.13:275][754]LogPlayLevel: PlayLevel: No blueprints needed recompiling
[2016.07.13-14.11.13:275][754]PIE: New page: PIE 세션: MainMap (2016. 7. 14. 오전 8:11:13)
[2016.07.13-14.11.13:276][754]LogPlayLevel: Creating play world package: /Game/Maps/UEDPIE_0_MainMap
[2016.07.13-14.11.13:291][754]LogPlayLevel: PIE: StaticDuplicateObject took: (0.015879s)
[2016.07.13-14.11.13:292][754]LogAIModule: Creating AISystem for world MainMap
[2016.07.13-14.11.13:292][754]LogPlayLevel: PIE: World Init took: (0.000648s)
[2016.07.13-14.11.13:292][754]LogPlayLevel: PIE: Created PIE world by copying editor world from /Game/Maps/MainMap.MainMap to /Game/Maps/UEDPIE_0_MainMap.MainMap (0.016767s)
[2016.07.13-14.11.13:326][754]LogInit: XAudio2 using '스피커(VIA HD Audio)' : 2 channels at 48 kHz using 32 bits per sample (channel mask 0x3)
[2016.07.13-14.11.13:339][754]LogInit: FAudioDevice initialized.
[2016.07.13-14.11.13:398][754]LogWorld: Game class is 'GameMode_C'
[2016.07.13-14.11.13:416][754]LogWorld: Bringing World /Game/Maps/UEDPIE_0_MainMap.MainMap up for play (max tick rate 0) at 2016.07.13-23.11.13
[2016.07.13-14.11.13:417][754]LogWorld: Bringing up level for play took: 0.018282
[2016.07.13-14.11.13:418][754]LogSpawn:Warning: SpawnActor failed because no class was specified
[2016.07.13-14.11.13:420][754]LogBlueprintUserMessages: [CameraManager_353] 1207.0
[2016.07.13-14.11.13:420][754]LogBlueprintUserMessages: [CameraManager_353] 578.0
[2016.07.13-14.11.13:420][754]PIE: 정보 /Game/Maps/UEDPIE_0_MainMap 에 대한 에디터에서 플레이 시작 시간: 0.38
[2016.07.13-14.11.28:065][399]LogSavePackage: Save=235.67ms
[2016.07.13-14.11.28:065][399]LogSavePackage: Moving '../../../../../../Users/zxc99as/Documents/swordenhancemaster/SwordEnhanceMaster 4.12/Saved/MainMapD0F1052B446691E88EF9DAABC18D2D7D.tmp' to '../../../../../../Users/zxc99as/Documents/swordenhancemaster/SwordEnhanceMaster 4.12/Content/Maps/MainMap.umap'
[2016.07.13-14.11.28:069][399]LogSavePackage:Display: Finished SavePackage ../../../../../../Users/zxc99as/Documents/swordenhancemaster/SwordEnhanceMaster 4.12/Content/Maps/MainMap.umap
[2016.07.13-14.11.28:106][399]LogFileHelpers: Saving map 'MainMap' took 0.439
[2016.07.13-14.11.28:172][399]LogSavePackage: Save=41.34ms
[2016.07.13-14.11.28:172][399]LogSavePackage: Moving '../../../../../../Users/zxc99as/Documents/swordenhancemaster/SwordEnhanceMaster 4.12/Saved/SlotA378080C41E212AC31748684BA46AF45.tmp' to '../../../../../../Users/zxc99as/Documents/swordenhancemaster/SwordEnhanceMaster 4.12/Content/Blueprints/Inventory/Slot.uasset'
[2016.07.13-14.11.28:175][399]LogSavePackage:Display: Finished SavePackage ../../../../../../Users/zxc99as/Documents/swordenhancemaster/SwordEnhanceMaster 4.12/Content/Blueprints/Inventory/Slot.uasset
[2016.07.13-14.12.02:542][150]LogActorComponent: UnregisterComponent: (/Engine/Transient.EditorFloorComp) Not registered. Aborting.
[2016.07.13-14.12.09:094][813]LogWindowsTextInputMethodSystem:Display: IME system now activated using TSF (Microsoft 입력기).
[2016.07.13-14.12.09:267][814]Cmd: QUIT_EDITOR
[2016.07.13-14.12.09:773][814]LogExit: Preparing to exit.
[2016.07.13-14.12.10:212][814]LogExit: Editor shut down
[2016.07.13-14.12.10:213][814]LogExit: Transaction tracking system shut down
[2016.07.13-14.12.10:425][814]LogObj: Freed 0b from 0 cluster array pools.
[2016.07.13-14.12.10:426][814]LogExit: Object subsystem successfully closed.
[2016.07.13-14.12.10:440][814]LogD3D11RHI: Shutdown
[2016.07.13-14.12.10:440][814]LogD3D11RHI: CleanupD3DDevice
[2016.07.13-14.12.10:522][814]LogD3D11RHI: ~FD3D11DynamicRHI
[2016.07.13-14.12.10:543][814]LogModuleManager: Shutting down and abandoning module BlueprintGraph (215)
[2016.07.13-14.12.10:543][814]LogModuleManager: Shutting down and abandoning module MovieSceneCapture (214)
[2016.07.13-14.12.10:543][814]LogModuleManager: Shutting down and abandoning module HierarchicalLODOutliner (213)
[2016.07.13-14.12.10:543][814]LogModuleManager: Shutting down and abandoning module CrashTracker (212)
[2016.07.13-14.12.10:543][814]LogModuleManager: Shutting down and abandoning module SceneOutliner (211)
[2016.07.13-14.12.10:543][814]LogModuleManager: Shutting down and abandoning module WidgetCarousel (210)
[2016.07.13-14.12.10:543][814]LogModuleManager: Shutting down and abandoning module AddContentDialog (209)
[2016.07.13-14.12.10:544][814]LogModuleManager: Shutting down and abandoning module GameplayTags (208)
[2016.07.13-14.12.10:544][814]LogModuleManager: Shutting down and abandoning module EditorWidgets (207)
[2016.07.13-14.12.10:544][814]LogModuleManager: Shutting down and abandoning module CollectionManager (206)
[2016.07.13-14.12.10:544][814]LogModuleManager: Shutting down and abandoning module StatsViewer (205)
[2016.07.13-14.12.10:544][814]LogModuleManager: Shutting down and abandoning module FoliageEdit (204)
[2016.07.13-14.12.10:544][814]LogModuleManager: Shutting down and abandoning module LandscapeEditor (203)
[2016.07.13-14.12.10:545][814]LogModuleManager: Shutting down and abandoning module SceneDepthPickerMode (202)
[2016.07.13-14.12.10:545][814]LogModuleManager: Shutting down and abandoning module ActorPickerMode (201)
[2016.07.13-14.12.10:545][814]LogModuleManager: Shutting down and abandoning module GeometryMode (200)
[2016.07.13-14.12.10:545][814]LogModuleManager: Shutting down and abandoning module TextureAlignMode (199)
[2016.07.13-14.12.10:545][814]LogModuleManager: Shutting down and abandoning module BspMode (198)
[2016.07.13-14.12.10:545][814]LogModuleManager: Shutting down and abandoning module HardwareSurvey (197)
[2016.07.13-14.12.10:545][814]LogModuleManager: Shutting down and abandoning module SequenceRecorderSections (196)
[2016.07.13-14.12.10:545][814]LogModuleManager: Shutting down and abandoning module SequenceRecorder (195)
[2016.07.13-14.12.10:545][814]LogModuleManager: Shutting down and abandoning module AutomationWorker (194)
[2016.07.13-14.12.10:545][814]LogModuleManager: Shutting down and abandoning module MatineeToLevelSequence (193)
[2016.07.13-14.12.10:545][814]LogModuleManager: Shutting down and abandoning module PlacementMode (192)
[2016.07.13-14.12.10:545][814]LogModuleManager: Shutting down and abandoning module LevelSequenceEditor (191)
[2016.07.13-14.12.10:545][814]LogModuleManager: Shutting down and abandoning module CharacterAI (190)
[2016.07.13-14.12.10:545][814]LogModuleManager: Shutting down and abandoning module SmartSnapping (189)
[2016.07.13-14.12.10:545][814]LogModuleManager: Shutting down and abandoning module SessionServices (188)
[2016.07.13-14.12.10:545][814]LogModuleManager: Shutting down and abandoning module ViewportSnapping (187)
[2016.07.13-14.12.10:545][814]LogModuleManager: Shutting down and abandoning module LogVisualizer (186)
[2016.07.13-14.12.10:545][814]LogModuleManager: Shutting down and abandoning module GameProjectGeneration (185)
[2016.07.13-14.12.10:545][814]LogModuleManager: Shutting down and abandoning module IntroTutorials (184)
[2016.07.13-14.12.10:545][814]LogModuleManager: Shutting down and abandoning module EditorLiveStreaming (183)
[2016.07.13-14.12.10:545][814]LogModuleManager: Shutting down and abandoning module IOSPlatformEditor (182)
[2016.07.13-14.12.10:545][814]LogModuleManager: Shutting down and abandoning module HTML5PlatformEditor (181)
[2016.07.13-14.12.10:545][814]LogModuleManager: Shutting down and abandoning module AndroidDeviceDetection (180)
[2016.07.13-14.12.10:817][814]LogModuleManager: Shutting down and abandoning module AndroidPlatformEditor (179)
[2016.07.13-14.12.10:817][814]LogModuleManager: Shutting down and abandoning module IOSRuntimeSettings (178)
[2016.07.13-14.12.10:817][814]LogModuleManager: Shutting down and abandoning module AndroidRuntimeSettings (177)
[2016.07.13-14.12.10:817][814]LogModuleManager: Shutting down and abandoning module MergeActors (176)
[2016.07.13-14.12.10:817][814]LogModuleManager: Shutting down and abandoning module SizeMap (175)
[2016.07.13-14.12.10:817][814]LogModuleManager: Shutting down and abandoning module TreeMap (174)
[2016.07.13-14.12.10:817][814]LogModuleManager: Shutting down and abandoning module ReferenceViewer (173)
[2016.07.13-14.12.10:817][814]LogModuleManager: Shutting down and abandoning module LocalizationService (172)
[2016.07.13-14.12.10:817][814]LogModuleManager: Shutting down and abandoning module LocalizationDashboard (171)
[2016.07.13-14.12.10:817][814]LogModuleManager: Shutting down and abandoning module HardwareTargeting (170)
[2016.07.13-14.12.10:817][814]LogModuleManager: Shutting down and abandoning module DeviceProfileEditor (169)
[2016.07.13-14.12.10:817][814]LogModuleManager: Shutting down and abandoning module UndoHistory (168)
[2016.07.13-14.12.10:817][814]LogModuleManager: Shutting down and abandoning module UserFeedback (167)
[2016.07.13-14.12.10:817][814]LogModuleManager: Shutting down and abandoning module XmlParser (166)
[2016.07.13-14.12.10:817][814]LogModuleManager: Shutting down and abandoning module Blutility (165)
[2016.07.13-14.12.10:817][814]LogModuleManager: Shutting down and abandoning module ProjectTargetPlatformEditor (164)
[2016.07.13-14.12.10:817][814]LogModuleManager: Shutting down and abandoning module ProjectSettingsViewer (163)
[2016.07.13-14.12.10:817][814]LogModuleManager: Shutting down and abandoning module InputBindingEditor (162)
[2016.07.13-14.12.10:818][814]LogModuleManager: Shutting down and abandoning module EditorSettingsViewer (161)
[2016.07.13-14.12.10:818][814]LogModuleManager: Shutting down and abandoning module SettingsEditor (160)
[2016.07.13-14.12.10:818][814]LogModuleManager: Shutting down and abandoning module ProjectLauncher (159)
[2016.07.13-14.12.10:818][814]LogModuleManager: Shutting down and abandoning module SessionFrontend (158)
[2016.07.13-14.12.10:818][814]LogModuleManager: Shutting down and abandoning module ProfilerClient (157)
[2016.07.13-14.12.10:818][814]LogModuleManager: Shutting down and abandoning module TargetDeviceServices (156)
[2016.07.13-14.12.10:818][814]LogModuleManager: Shutting down and abandoning module DeviceManager (155)
[2016.07.13-14.12.10:851][814]LogModuleManager: Shutting down and abandoning module AutomationController (154)
[2016.07.13-14.12.10:851][814]LogModuleManager: Shutting down and abandoning module AutomationWindow (153)
[2016.07.13-14.12.10:851][814]LogModuleManager: Shutting down and abandoning module Layers (152)
[2016.07.13-14.12.10:851][814]LogModuleManager: Shutting down and abandoning module ComponentVisualizers (151)
[2016.07.13-14.12.10:851][814]LogModuleManager: Shutting down and abandoning module DetailCustomizations (150)
[2016.07.13-14.12.10:851][814]LogModuleManager: Shutting down and abandoning module PackagesDialog (149)
[2016.07.13-14.12.10:851][814]LogModuleManager: Shutting down and abandoning module Persona (148)
[2016.07.13-14.12.10:851][814]LogModuleManager: Shutting down and abandoning module Kismet (147)
[2016.07.13-14.12.10:851][814]LogModuleManager: Shutting down and abandoning module GraphEditor (146)
[2016.07.13-14.12.10:851][814]LogModuleManager: Shutting down and abandoning module ClassViewer (145)
[2016.07.13-14.12.10:851][814]LogModuleManager: Shutting down and abandoning module Toolbox (144)
[2016.07.13-14.12.10:851][814]LogModuleManager: Shutting down and abandoning module ModuleUI (143)
[2016.07.13-14.12.10:851][814]LogModuleManager: Shutting down and abandoning module MovieSceneTools (142)
[2016.07.13-14.12.10:851][814]LogModuleManager: Shutting down and abandoning module OutputLog (141)
[2016.07.13-14.12.10:851][814]LogModuleManager: Shutting down and abandoning module GammaUI (140)
[2016.07.13-14.12.10:851][814]LogModuleManager: Shutting down and abandoning module Documentation (139)
[2016.07.13-14.12.10:851][814]LogModuleManager: Shutting down and abandoning module StreamingPauseRendering (138)
[2016.07.13-14.12.10:851][814]LogModuleManager: Shutting down and abandoning module AnalyticsET (137)
[2016.07.13-14.12.10:851][814]LogModuleManager: Shutting down and abandoning module Analytics (136)
[2016.07.13-14.12.10:851][814]LogModuleManager: Shutting down and abandoning module PortalServices (135)
[2016.07.13-14.12.10:851][814]LogModuleManager: Shutting down and abandoning module PortalRpc (134)
[2016.07.13-14.12.10:851][814]LogModuleManager: Shutting down and abandoning module MessagingRpc (133)
[2016.07.13-14.12.10:851][814]LogModuleManager: Shutting down and abandoning module GameplayDebugger (132)
[2016.07.13-14.12.10:851][814]LogModuleManager: Shutting down and abandoning module AITestSuite (131)
[2016.07.13-14.12.10:851][814]LogModuleManager: Shutting down and abandoning module AIModule (130)
[2016.07.13-14.12.10:851][814]LogModuleManager: Shutting down and abandoning module ProfilerService (129)
[2016.07.13-14.12.11:030][814]LogModuleManager: Shutting down and abandoning module TaskGraph (128)
[2016.07.13-14.12.11:030][814]LogModuleManager: Shutting down and abandoning module SlateRemote (127)
[2016.07.13-14.12.11:030][814]LogModuleManager: Shutting down and abandoning module SteamVRController (126)
[2016.07.13-14.12.11:030][814]LogModuleManager: Shutting down and abandoning module SteamVR (125)
[2016.07.13-14.12.11:030][814]LogModuleManager: Shutting down and abandoning module ProceduralMeshComponent (124)
[2016.07.13-14.12.11:030][814]LogModuleManager: Shutting down and abandoning module OculusLibrary (123)
[2016.07.13-14.12.11:030][814]LogModuleManager: Shutting down and abandoning module OculusInput (122)
[2016.07.13-14.12.11:030][814]LogModuleManager: Shutting down and abandoning module CustomMeshComponent (121)
[2016.07.13-14.12.11:030][814]LogModuleManager: Shutting down and abandoning module CableComponent (120)
[2016.07.13-14.12.11:030][814]LogModuleManager: Shutting down and abandoning module ArchVisCharacter (119)
[2016.07.13-14.12.11:030][814]LogModuleManager: Shutting down and abandoning module MediaPlayerEditor (118)
[2016.07.13-14.12.11:030][814]LogModuleManager: Shutting down and abandoning module HTML5Networking (117)
[2016.07.13-14.12.11:030][814]LogModuleManager: Shutting down and abandoning module SuperSearch (116)
[2016.07.13-14.12.11:030][814]LogModuleManager: Shutting down and abandoning module SuperSearchEditor (115)
[2016.07.13-14.12.11:030][814]LogModuleManager: Shutting down and abandoning module SpeedTreeImporter (114)
[2016.07.13-14.12.11:030][814]LogModuleManager: Shutting down and abandoning module PluginBrowser (113)
[2016.07.13-14.12.11:031][814]LogModuleManager: Shutting down and abandoning module EpicSurvey (112)
[2016.07.13-14.12.11:031][814]LogModuleManager: Shutting down and abandoning module DesktopPlatform (111)
[2016.07.13-14.12.11:031][814]LogModuleManager: Shutting down and abandoning module VisualStudioSourceCodeAccess (110)
[2016.07.13-14.12.11:031][814]LogModuleManager: Shutting down and abandoning module UObjectPlugin (109)
[2016.07.13-14.12.11:031][814]LogModuleManager: Shutting down and abandoning module SubversionSourceControl (108)
[2016.07.13-14.12.11:031][814]LogModuleManager: Shutting down and abandoning module PerforceSourceControl (107)
[2016.07.13-14.12.11:031][814]LogModuleManager: Shutting down and abandoning module SourceControl (106)
[2016.07.13-14.12.11:031][814]LogModuleManager: Shutting down and abandoning module GitSourceControl (105)
[2016.07.13-14.12.11:031][814]LogModuleManager: Shutting down and abandoning module LightPropagationVolumeEditor (104)
[2016.07.13-14.12.11:031][814]LogModuleManager: Shutting down and abandoning module PaperTiledImporter (103)
[2016.07.13-14.12.11:031][814]LogModuleManager: Shutting down and abandoning module PaperSpriteSheetImporter (102)
[2016.07.13-14.12.11:031][814]LogModuleManager: Shutting down and abandoning module MeshPaint (101)
[2016.07.13-14.12.11:031][814]LogModuleManager: Shutting down and abandoning module PixelInspectorModule (100)
[2016.07.13-14.12.11:031][814]LogModuleManager: Shutting down and abandoning module HotReload (99)
[2016.07.13-14.12.11:032][814]LogModuleManager: Shutting down and abandoning module MainFrame (98)
[2016.07.13-14.12.11:032][814]LogModuleManager: Shutting down and abandoning module LevelEditor (97)
[2016.07.13-14.12.11:032][814]LogModuleManager: Shutting down and abandoning module ContentBrowser (96)
[2016.07.13-14.12.11:033][814]LogModuleManager: Shutting down and abandoning module Paper2DEditor (95)
[2016.07.13-14.12.11:033][814]LogModuleManager: Shutting down and abandoning module UdpMessaging (94)
[2016.07.13-14.12.11:134][814]LogModuleManager: Shutting down and abandoning module LightPropagationVolumeRuntime (93)
[2016.07.13-14.12.11:134][814]LogModuleManager: Shutting down and abandoning module Paper2D (92)
[2016.07.13-14.12.11:134][814]LogModuleManager: Shutting down and abandoning module WindowsMoviePlayer (91)
[2016.07.13-14.12.11:134][814]LogModuleManager: Shutting down and abandoning module Media (90)
[2016.07.13-14.12.11:134][814]LogModuleManager: Shutting down and abandoning module WmfMedia (89)
[2016.07.13-14.12.11:134][814]LogModuleManager: Shutting down and abandoning module MediaAssets (88)
[2016.07.13-14.12.11:134][814]LogModuleManager: Shutting down and abandoning module GameLiveStreaming (87)
[2016.07.13-14.12.11:134][814]LogModuleManager: Shutting down and abandoning module GameplayTagsEditor (86)
[2016.07.13-14.12.11:134][814]LogModuleManager: Shutting down and abandoning module OnlineBlueprintSupport (85)
[2016.07.13-14.12.11:134][814]LogModuleManager: Shutting down and abandoning module VREditor (84)
[2016.07.13-14.12.11:134][814]LogModuleManager: Shutting down and abandoning module GameplayTasksEditor (83)
[2016.07.13-14.12.11:134][814]LogModuleManager: Shutting down and abandoning module PropertyEditor (82)
[2016.07.13-14.12.11:134][814]LogModuleManager: Shutting down and abandoning module BehaviorTreeEditor (81)
[2016.07.13-14.12.11:134][814]LogModuleManager: Shutting down and abandoning module FunctionalTesting (80)
[2016.07.13-14.12.11:134][814]LogModuleManager: Shutting down and abandoning module CollisionAnalyzer (79)
[2016.07.13-14.12.11:134][814]LogModuleManager: Shutting down and abandoning module Sequencer (78)
[2016.07.13-14.12.11:134][814]LogModuleManager: Shutting down and abandoning module WorkspaceMenuStructure (77)
[2016.07.13-14.12.11:134][814]LogModuleManager: Shutting down and abandoning module MessageLog (76)
[2016.07.13-14.12.11:134][814]LogModuleManager: Shutting down and abandoning module AssetTools (75)
[2016.07.13-14.12.11:134][814]LogModuleManager: Shutting down and abandoning module UMGEditor (74)
[2016.07.13-14.12.11:134][814]LogModuleManager: Shutting down and abandoning module UMG (73)
[2016.07.13-14.12.11:134][814]LogModuleManager: Shutting down and abandoning module SlateReflector (72)
[2016.07.13-14.12.11:134][814]LogModuleManager: Shutting down and abandoning module Slate (71)
[2016.07.13-14.12.11:135][814]LogModuleManager: Shutting down and abandoning module EditorStyle (70)
[2016.07.13-14.12.11:138][814]LogModuleManager: Shutting down and abandoning module SourceCodeAccess (69)
[2016.07.13-14.12.11:138][814]LogModuleManager: Shutting down and abandoning module HeadMountedDisplay (68)
[2016.07.13-14.12.11:138][814]LogModuleManager: Shutting down and abandoning module XAudio2 (67)
[2016.07.13-14.12.11:138][814]LogModuleManager: Shutting down and abandoning module Networking (65)
[2016.07.13-14.12.11:138][814]LogModuleManager: Shutting down and abandoning module Core (64)
[2016.07.13-14.12.11:138][814]LogModuleManager: Shutting down and abandoning module DirectoryWatcher (63)
[2016.07.13-14.12.11:138][814]LogModuleManager: Shutting down and abandoning module AssetRegistry (62)
[2016.07.13-14.12.11:367][814]LogModuleManager: Shutting down and abandoning module KismetCompiler (61)
[2016.07.13-14.12.11:367][814]LogModuleManager: Shutting down and abandoning module PhysXFormats (60)
[2016.07.13-14.12.11:367][814]LogModuleManager: Shutting down and abandoning module MeshUtilities (59)
[2016.07.13-14.12.11:367][814]LogModuleManager: Shutting down and abandoning module DerivedDataCache (58)
[2016.07.13-14.12.11:465][814]LogDerivedDataCache: Shutdown
[2016.07.13-14.12.11:466][814]LogModuleManager: Shutting down and abandoning module VulkanShaderFormat (57)
[2016.07.13-14.12.11:466][814]LogModuleManager: Shutting down and abandoning module ShaderFormatOpenGL (56)
[2016.07.13-14.12.11:466][814]LogModuleManager: Shutting down and abandoning module ShaderFormatD3D (55)
[2016.07.13-14.12.11:466][814]LogModuleManager: Shutting down and abandoning module MetalShaderFormat (54)
[2016.07.13-14.12.11:466][814]LogModuleManager: Shutting down and abandoning module TextureFormatUncompressed (53)
[2016.07.13-14.12.11:466][814]LogModuleManager: Shutting down and abandoning module TextureFormatPVR (52)
[2016.07.13-14.12.11:466][814]LogModuleManager: Shutting down and abandoning module TextureFormatIntelISPCTexComp (51)
[2016.07.13-14.12.11:466][814]LogModuleManager: Shutting down and abandoning module TextureFormatDXT (50)
[2016.07.13-14.12.11:466][814]LogModuleManager: Shutting down and abandoning module ImageWrapper (49)
[2016.07.13-14.12.11:466][814]LogModuleManager: Shutting down and abandoning module TextureFormatASTC (48)
[2016.07.13-14.12.11:466][814]LogModuleManager: Shutting down and abandoning module TextureFormatAndroid (47)
[2016.07.13-14.12.11:466][814]LogModuleManager: Shutting down and abandoning module AudioFormatOpus (46)
[2016.07.13-14.12.11:467][814]LogModuleManager: Shutting down and abandoning module AudioFormatOgg (45)
[2016.07.13-14.12.11:467][814]LogModuleManager: Shutting down and abandoning module AudioFormatADPCM (44)
[2016.07.13-14.12.11:467][814]LogModuleManager: Shutting down and abandoning module LinuxTargetPlatform (43)
[2016.07.13-14.12.11:467][814]LogModuleManager: Shutting down and abandoning module LinuxServerTargetPlatform (42)
[2016.07.13-14.12.11:467][814]LogModuleManager: Shutting down and abandoning module LinuxNoEditorTargetPlatform (41)
[2016.07.13-14.12.11:467][814]LogModuleManager: Shutting down and abandoning module TVOSTargetPlatform (40)
[2016.07.13-14.12.11:467][814]LogModuleManager: Shutting down and abandoning module Messaging (39)
[2016.07.13-14.12.11:467][814]LogModuleManager: Shutting down and abandoning module IOSTargetPlatform (38)
[2016.07.13-14.12.11:467][814]LogModuleManager: Shutting down and abandoning module HTML5TargetPlatform (37)
[2016.07.13-14.12.11:467][814]LogModuleManager: Shutting down and abandoning module Android_PVRTCTargetPlatform (36)
[2016.07.13-14.12.11:467][814]LogModuleManager: Shutting down and abandoning module Android_MultiTargetPlatform (35)
[2016.07.13-14.12.11:467][814]LogModuleManager: Shutting down and abandoning module Android_ETC2TargetPlatform (34)
[2016.07.13-14.12.11:467][814]LogModuleManager: Shutting down and abandoning module Android_ETC1TargetPlatform (33)
[2016.07.13-14.12.11:467][814]LogModuleManager: Shutting down and abandoning module Android_DXTTargetPlatform (32)
[2016.07.13-14.12.11:467][814]LogModuleManager: Shutting down and abandoning module Android_ATCTargetPlatform (31)
[2016.07.13-14.12.11:467][814]LogModuleManager: Shutting down and abandoning module Android_ASTCTargetPlatform (30)
[2016.07.13-14.12.11:467][814]LogModuleManager: Shutting down and abandoning module AndroidTargetPlatform (29)
[2016.07.13-14.12.11:467][814]LogModuleManager: Shutting down and abandoning module WindowsTargetPlatform (28)
[2016.07.13-14.12.11:467][814]LogModuleManager: Shutting down and abandoning module WindowsServerTargetPlatform (27)
[2016.07.13-14.12.11:468][814]LogModuleManager: Shutting down and abandoning module WindowsNoEditorTargetPlatform (26)
[2016.07.13-14.12.11:468][814]LogModuleManager: Shutting down and abandoning module WindowsClientTargetPlatform (25)
[2016.07.13-14.12.11:468][814]LogModuleManager: Shutting down and abandoning module AllDesktopTargetPlatform (24)
[2016.07.13-14.12.11:468][814]LogModuleManager: Shutting down and abandoning module TargetPlatform (23)
[2016.07.13-14.12.11:468][814]LogModuleManager: Shutting down and abandoning module InputCore (22)
[2016.07.13-14.12.11:468][814]LogModuleManager: Shutting down and abandoning module Settings (21)
[2016.07.13-14.12.11:468][814]LogModuleManager: Shutting down and abandoning module OnlineSubsystem (19)
[2016.07.13-14.12.11:468][814]LogModuleManager: Shutting down and abandoning module HTTP (18)
[2016.07.13-14.12.12:972][814]LogModuleManager: Shutting down and abandoning module XMPP (17)
[2016.07.13-14.12.12:972][814]LogModuleManager: Shutting down and abandoning module OculusRift (16)
[2016.07.13-14.12.12:972][814]LogModuleManager: Shutting down and abandoning module ExampleDeviceProfileSelector (15)
[2016.07.13-14.12.12:972][814]LogModuleManager: Shutting down and abandoning module TextureCompressor (14)
[2016.07.13-14.12.12:972][814]LogModuleManager: Shutting down and abandoning module ShaderCore (13)
[2016.07.13-14.12.12:972][814]LogModuleManager: Shutting down and abandoning module Landscape (12)
[2016.07.13-14.12.12:972][814]LogModuleManager: Shutting down and abandoning module SlateRHIRenderer (11)
[2016.07.13-14.12.12:981][814]LogModuleManager: Shutting down and abandoning module OpenGLDrv (10)
[2016.07.13-14.12.12:981][814]LogModuleManager: Shutting down and abandoning module D3D11RHI (9)
[2016.07.13-14.12.12:981][814]LogModuleManager: Shutting down and abandoning module AnimGraphRuntime (8)
[2016.07.13-14.12.12:981][814]LogModuleManager: Shutting down and abandoning module Renderer (7)
[2016.07.13-14.12.12:981][814]LogModuleManager: Shutting down and abandoning module Engine (6)
[2016.07.13-14.12.12:981][814]LogModuleManager: Shutting down and abandoning module CoreUObject (5)
[2016.07.13-14.12.12:981][814]LogModuleManager: Shutting down and abandoning module NetworkFile (4)
[2016.07.13-14.12.12:981][814]LogModuleManager: Shutting down and abandoning module StreamingFile (3)
[2016.07.13-14.12.12:981][814]LogModuleManager: Shutting down and abandoning module SandboxFile (2)
[2016.07.13-14.12.12:981][814]LogModuleManager: Shutting down and abandoning module PakFile (1)
[2016.07.13-14.12.12:984][814]LogExit: Exiting.
[2016.07.13-14.12.12:987][814]Log file closed, 07/13/16 23:12:12
