Log file open, 07/12/16 15:58:59
LogInit:Display: Running engine for game: SwordEnhanceMaster
LogPlatformFile: Not using cached read wrapper
LogInit:Display: RandInit(939864132) SRandInit(939864136).
LogTaskGraph: Started task graph with 4 named threads and 7 total threads with 1 sets of task threads.
LogStats: Stats thread started at 0.465722
LogInit: Version: 4.12.4-3028348+++UE4+Release-4.12
LogInit: API Version: 2992821
LogInit: Net Version: 3028348
LogDevObjectVersion: Number of dev versions registered: 13
LogDevObjectVersion:   Dev-Blueprints (B0D832E4-1F89-4F0D-ACCF-7EB736FD4AA2): 3
LogDevObjectVersion:   Dev-Build (E1C64328-A22C-4D53-A36C-8E866417BD8C): 0
LogDevObjectVersion:   Dev-Core (375EC13C-06E4-48FB-B500-84F0262A717E): 1
LogDevObjectVersion:   Dev-Editor (E4B068ED-F494-42E9-A231-DA0B2E46BB41): 2
LogDevObjectVersion:   Dev-Framework (CFFC743F-43B0-4480-9391-14DF171D2073): 6
LogDevObjectVersion:   Dev-Mobile (B02B49B5-BB20-44E9-A304-32B752E40360): 0
LogDevObjectVersion:   Dev-Networking (A4E4105C-59A1-49B5-A7C5-40C4547EDFEE): 0
LogDevObjectVersion:   Dev-Online (39C831C9-5AE6-47DC-9A44-9C173E1C8E7C): 0
LogDevObjectVersion:   Dev-Physics (78F01B33-EBEA-4F98-B9B4-84EACCB95AA2): 0
LogDevObjectVersion:   Dev-Platform (6631380F-2D4D-43E0-8009-CF276956A95A): 0
LogDevObjectVersion:   Dev-Rendering (12F88B9F-8875-4AFC-A67C-D90C383ABD29): 2
LogDevObjectVersion:   Dev-Sequencer (7B5AE74C-D270-4C10-A958-57980B212A5A): 0
LogDevObjectVersion:   Dev-VR (D7296918-1DD6-4BDD-9DE2-64A83CC13884): 0
LogInit: Compiled (64-bit): Jun 27 2016 09:29:04
LogInit: Compiled with Visual C++: 19.00.23026.00
LogInit: Build Configuration: Development
LogInit: Branch Name: ++UE4+Release-4.12
LogInit: Command line:  
LogInit: Base directory: C:/Program Files (x86)/Epic Games/4.12/Engine/Binaries/Win64/
LogInit: Installed Engine Build: 1
LogInit: Using libcurl 7.41.0
LogInit:  - built for x86_64-pc-win32
LogInit:  - supports SSL with WinSSL
LogInit:  - other features:
LogInit:      CURL_VERSION_SSL
LogInit:      CURL_VERSION_IPV6
LogInit:      CURL_VERSION_ASYNCHDNS
LogInit:      CURL_VERSION_LARGEFILE
LogInit:      CURL_VERSION_IDN
LogInit:  CurlRequestOptions (configurable via config and command line):
LogInit:  - bVerifyPeer = true  - Libcurl will verify peer certificate
LogInit:  - bUseHttpProxy = false  - Libcurl will NOT use HTTP proxy
LogInit:  - bDontReuseConnections = false  - Libcurl will reuse connections
LogInit:  - CertBundlePath = nullptr  - Libcurl will use whatever was configured at build time.
LogInit: Presizing for max 8388607 objects, including 0 objects not considered by GC, pre-allocating 0 bytes for permanent pool.
LogInit: Object subsystem initialized
[2016.07.12-06.58.59:913][  0]LogInit: Selected Device Profile: [Windows]
[2016.07.12-06.58.59:913][  0]LogInit: Applying CVar settings loaded from the selected device profile: [Windows]
[2016.07.12-06.58.59:967][  0]LogInit: Computer: MIT-PC
[2016.07.12-06.58.59:967][  0]LogInit: User: zxc99as
[2016.07.12-06.58.59:967][  0]LogInit: CPU Page size=65536, Cores=4
[2016.07.12-06.58.59:967][  0]LogInit: High frequency timer resolution =3.312785 MHz
[2016.07.12-06.58.59:967][  0]LogMemory: Memory total: Physical=16.0GB (16GB approx)
[2016.07.12-06.58.59:967][  0]LogMemory: Platform Memory Stats for Windows
[2016.07.12-06.58.59:967][  0]LogMemory: Process Physical Memory: 189.30 MB used, 189.30 MB peak
[2016.07.12-06.58.59:967][  0]LogMemory: Process Virtual Memory: 194.76 MB used, 194.76 MB peak
[2016.07.12-06.58.59:967][  0]LogMemory: Physical Memory: 1890.02 MB used, 16349.19 MB total
[2016.07.12-06.58.59:967][  0]LogMemory: Virtual Memory: 533.71 MB used, 134217728.00 MB total
[2016.07.12-06.59.02:462][  0]LogTextLocalizationManager: No specific translations for ('ko-KR') exist, so ('ko') translations will be used.
[2016.07.12-06.59.02:518][  0]LogTextLocalizationManager:Warning: Loaded localization resources contain conflicting entries for (Namespace:KismetSchema, Key:Default):
Localization Resource: (C:/Program Files (x86)/Epic Games/4.12/Engine/Content/Localization/EditorTutorials/ko/EditorTutorials.locres) Source String Hash: (940523119) Localized String: (디폴트)
Localization Resource: (C:/Program Files (x86)/Epic Games/4.12/Engine/Content/Localization/Engine/ko/Engine.locres) Source String Hash: (940523119) Localized String: (기본)
[2016.07.12-06.59.02:518][  0]LogTextLocalizationManager:Warning: Loaded localization resources contain conflicting entries for (Namespace:UObjectToolTips, Key:AnimNode_AssetPlayerBase:InternalTimeAccumulator):
Localization Resource: (C:/Program Files (x86)/Epic Games/4.12/Engine/Content/Localization/EditorTutorials/ko/EditorTutorials.locres) Source String Hash: (502993589) Localized String: (이 노드에서 애셋을 레퍼런싱하는 데 사용되는 누적 시간입니다.)
Localization Resource: (C:/Program Files (x86)/Epic Games/4.12/Engine/Content/Localization/Engine/ko/Engine.locres) Source String Hash: (502993589) Localized String: (이 노드에서 애셋을 레퍼런싱하는 데 사용된 누적 시간입니다.)
[2016.07.12-06.59.02:518][  0]LogTextLocalizationManager:Warning: Loaded localization resources contain conflicting entries for (Namespace:UObjectToolTips, Key:AnimNode_AssetPlayerBase:bIgnoreForRelevancyTest):
Localization Resource: (C:/Program Files (x86)/Epic Games/4.12/Engine/Content/Localization/EditorTutorials/ko/EditorTutorials.locres) Source String Hash: (319969718) Localized String: (True 면, 스테이트에서 최고 가중치 애니메이션을 찾는 "Relevant anim" 노드는 이 노드를 무시합니다.
 )
Localization Resource: (C:/Program Files (x86)/Epic Games/4.12/Engine/Content/Localization/Engine/ko/Engine.locres) Source String Hash: (319969718) Localized String: (True 면 스테이트 내 최고 웨이팅된 애니메이션을 찾는 "Relevant anim" 노드가 무시됩니다.
 )
[2016.07.12-06.59.02:518][  0]LogTextLocalizationManager:Warning: Loaded localization resources contain conflicting entries for (Namespace:UObjectToolTips, Key:AnimNode_AssetPlayerBase:BlendWeight):
Localization Resource: (C:/Program Files (x86)/Epic Games/4.12/Engine/Content/Localization/EditorTutorials/ko/EditorTutorials.locres) Source String Hash: (-1232800293) Localized String: (이 노드에 마지막 걸린 블렌드웨이트 입니다.)
Localization Resource: (C:/Program Files (x86)/Epic Games/4.12/Engine/Content/Localization/Engine/ko/Engine.locres) Source String Hash: (-1232800293) Localized String: (이 노드에 대해 마지막 접한 블렌드 웨이트)
[2016.07.12-06.59.02:709][  0]LogD3D11RHI: D3D11 adapters:
[2016.07.12-06.59.02:730][  0]LogD3D11RHI:    0. 'NVIDIA GeForce GTX 650' (Feature Level 11_0)
[2016.07.12-06.59.02:730][  0]LogD3D11RHI:       964/0/3072 MB DedicatedVideo/DedicatedSystem/SharedSystem, Outputs:1, VendorId:0x10de
[2016.07.12-06.59.02:731][  0]LogD3D11RHI:    1. 'Microsoft Basic Render Driver' (Feature Level 11_0)
[2016.07.12-06.59.02:731][  0]LogD3D11RHI:       0/0/256 MB DedicatedVideo/DedicatedSystem/SharedSystem, Outputs:0, VendorId:0x1414
[2016.07.12-06.59.02:731][  0]LogD3D11RHI: Chosen D3D11 Adapter: 0
[2016.07.12-06.59.02:733][  0]LogD3D11RHI: Creating new Direct3DDevice
[2016.07.12-06.59.02:733][  0]LogD3D11RHI:     GPU DeviceId: 0xfc6 (for the marketing name, search the web for "GPU Device Id")
[2016.07.12-06.59.02:733][  0]LogWindows: EnumDisplayDevices:
[2016.07.12-06.59.02:734][  0]LogWindows:    0. 'NVIDIA GeForce GTX 650' (P:1 D:1)
[2016.07.12-06.59.02:734][  0]LogWindows:    1. 'NVIDIA GeForce GTX 650' (P:0 D:0)
[2016.07.12-06.59.02:734][  0]LogWindows:    2. 'NVIDIA GeForce GTX 650' (P:0 D:0)
[2016.07.12-06.59.02:734][  0]LogWindows: DebugString: FoundDriverCount:3 
[2016.07.12-06.59.02:734][  0]LogD3D11RHI:     Adapter Name: NVIDIA GeForce GTX 650
[2016.07.12-06.59.02:734][  0]LogD3D11RHI:   Driver Version: 364.51 (internal:10.18.13.6451, unified:364.51)
[2016.07.12-06.59.02:734][  0]LogD3D11RHI:      Driver Date: 3-7-2016
[2016.07.12-06.59.02:734][  0]LogRHI: Texture pool is 675 MB (70% of 964 MB)
[2016.07.12-06.59.02:743][  0]LogD3D11RHI: Async texture creation enabled
[2016.07.12-06.59.02:760][  0]LogD3D11RHI: GPU Timing Frequency: 1000.000000 (Debug: 2 2)
[2016.07.12-06.59.02:760][  0]LogShaderCompilers: Guid format shader working directory is -36 characters bigger than the processId version (../../../../../../Users/zxc99as/Documents/swordenhancemaster/SwordEnhanceMaster 4.12/Intermediate/Shaders/WorkingDirectory/3044/).
[2016.07.12-06.59.02:760][  0]LogShaderCompilers: Cleaned the shader compiler working directory 'C:/Users/zxc99as/AppData/Local/Temp/UnrealShaderWorkingDir/4C6BAFCE483D3A2E76431B8618EE9885/'.
[2016.07.12-06.59.02:760][  0]LogShaderCompilers:Display: Using Local Shader Compiler.
[2016.07.12-06.59.12:058][  0]LogTemp:Display: Loaded TP AllDesktopTargetPlatform
[2016.07.12-06.59.12:078][  0]LogTemp:Display: Loaded TP WindowsClientTargetPlatform
[2016.07.12-06.59.12:098][  0]LogTemp:Display: Loaded TP WindowsNoEditorTargetPlatform
[2016.07.12-06.59.12:117][  0]LogTemp:Display: Loaded TP WindowsServerTargetPlatform
[2016.07.12-06.59.12:136][  0]LogTemp:Display: Loaded TP WindowsTargetPlatform
[2016.07.12-06.59.12:158][  0]LogTemp:Display: Loaded TP AndroidTargetPlatform
[2016.07.12-06.59.12:169][  0]LogTemp:Display: Loaded TP Android_ASTCTargetPlatform
[2016.07.12-06.59.12:176][  0]LogTemp:Display: Loaded TP Android_ATCTargetPlatform
[2016.07.12-06.59.12:184][  0]LogTemp:Display: Loaded TP Android_DXTTargetPlatform
[2016.07.12-06.59.12:191][  0]LogTemp:Display: Loaded TP Android_ETC1TargetPlatform
[2016.07.12-06.59.12:199][  0]LogTemp:Display: Loaded TP Android_ETC2TargetPlatform
[2016.07.12-06.59.12:214][  0]LogTemp:Display: Loaded TP Android_MultiTargetPlatform
[2016.07.12-06.59.12:214][  0]LogTemp:Display: Loaded TP Android_PVRTCTargetPlatform
[2016.07.12-06.59.12:215][  0]LogTemp:Display: Loaded TP HTML5TargetPlatform
[2016.07.12-06.59.12:393][  0]LogTemp:Display: Loaded TP IOSTargetPlatform
[2016.07.12-06.59.12:401][  0]LogTemp:Display: Loaded TP TVOSTargetPlatform
[2016.07.12-06.59.12:408][  0]LogTemp:Display: Loaded TP LinuxNoEditorTargetPlatform
[2016.07.12-06.59.12:417][  0]LogTemp:Display: Loaded TP LinuxServerTargetPlatform
[2016.07.12-06.59.12:428][  0]LogTemp:Display: Loaded TP LinuxTargetPlatform
[2016.07.12-06.59.12:428][  0]LogTargetPlatformManager:Display: Building Assets For Windows
[2016.07.12-06.59.15:654][  0]LogDerivedDataCache:Display: Max Cache Size: 512 MB
[2016.07.12-06.59.24:039][  0]LogDerivedDataCache: Loaded boot cache 8.37s 71MB C:/Users/zxc99as/AppData/Local/UnrealEngine/4.12/DerivedDataCache/Boot.ddc.
[2016.07.12-06.59.24:039][  0]LogDerivedDataCache:Display: Loaded Boot cache: C:/Users/zxc99as/AppData/Local/UnrealEngine/4.12/DerivedDataCache/Boot.ddc
[2016.07.12-06.59.24:081][  0]LogDerivedDataCache: FDerivedDataBackendGraph:  Pak pak cache file ../../../../../../Users/zxc99as/Documents/swordenhancemaster/SwordEnhanceMaster 4.12/DerivedDataCache/DDC.ddp not found, will not use a pak cache.
[2016.07.12-06.59.24:081][  0]LogDerivedDataCache: Unable to find inner node Pak for hierarchical cache Hierarchy.
[2016.07.12-06.59.24:081][  0]LogDerivedDataCache: FDerivedDataBackendGraph:  CompressedPak pak cache file ../../../../../../Users/zxc99as/Documents/swordenhancemaster/SwordEnhanceMaster 4.12/DerivedDataCache/Compressed.ddp not found, will not use a pak cache.
[2016.07.12-06.59.24:081][  0]LogDerivedDataCache: Unable to find inner node CompressedPak for hierarchical cache Hierarchy.
[2016.07.12-06.59.24:590][  0]LogDerivedDataCache:Display: Pak cache opened for reading ../../../Engine/DerivedDataCache/Compressed.ddp.
[2016.07.12-06.59.24:637][  0]LogDerivedDataCache: Using Local data cache path C:/Users/zxc99as/AppData/Local/UnrealEngine/Common/DerivedDataCache: Writable
[2016.07.12-07.00.09:023][  0]LogInit: Selected Device Profile: [Windows]
[2016.07.12-07.00.13:230][  0]LogMeshUtilities: No automatic mesh reduction module available
[2016.07.12-07.00.13:230][  0]LogMeshUtilities: No automatic mesh merging module available
[2016.07.12-07.00.13:230][  0]LogMeshUtilities: No distributed automatic mesh merging module available
[2016.07.12-07.00.18:898][  0]LogAssetRegistry: FAssetRegistry took 0.0258 seconds to start up
[2016.07.12-07.00.19:295][  0]LogPackageLocalizationCache: Processed 3 localized package path(s) for 2 prioritized culture(s) in 0.253070 seconds
[2016.07.12-07.00.19:370][  0]LogUObjectArray: 28739 objects as part of root set at end of initial load.
[2016.07.12-07.00.19:370][  0]LogUObjectAllocator: 5855632 out of 0 bytes used by permanent object pool.
[2016.07.12-07.00.19:370][  0]LogUObjectArray: CloseDisregardForGC: 0/0 objects in disregard for GC pool
[2016.07.12-07.00.19:430][  0]LogInit: WinSock: version 1.1 (2.2), MaxSocks=32767, MaxUdp=65467
[2016.07.12-07.00.32:148][  0]LogSlate: SlateFontCache - WITH_FREETYPE: 1, WITH_HARFBUZZ: 1
[2016.07.12-07.00.32:160][  0]LogSlate: SlateFontCache - WITH_FREETYPE: 1, WITH_HARFBUZZ: 1
[2016.07.12-07.00.43:564][  0]LogUdpMessaging: Initializing bridge on interface 0.0.0.0:0 to multicast group 230.0.0.1:6666.
[2016.07.12-07.00.45:725][  0]SourceControl: 정보 소스 콘트롤이 꺼졌습니다.
[2016.07.12-07.00.46:372][  0]SourceControl: 정보 소스 콘트롤이 꺼졌습니다.
[2016.07.12-07.00.46:443][  0]SourceControl: 정보 소스 콘트롤이 꺼졌습니다.
[2016.07.12-07.00.46:462][  0]SourceControl: 정보 소스 콘트롤이 꺼졌습니다.
[2016.07.12-07.00.48:056][  0]LogEngine: Initializing Engine...
[2016.07.12-07.00.48:321][  0]LogHMD: SteamVR failed to initialize.  Err: 110
[2016.07.12-07.00.48:341][  0]LogHMD: SteamVR failed to initialize.  Err: 110
[2016.07.12-07.00.49:767][  0]LogAIModule: Creating AISystem for world NewWorld
[2016.07.12-07.00.50:168][  0]LogInit: XAudio2 using '스피커(VIA HD Audio)' : 2 channels at 48 kHz using 32 bits per sample (channel mask 0x3)
[2016.07.12-07.00.50:238][  0]LogInit: FAudioDevice initialized.
[2016.07.12-07.00.50:298][  0]LogDerivedDataCache: Saved boot cache 0.06s 71MB C:/Users/zxc99as/AppData/Local/UnrealEngine/4.12/DerivedDataCache/Boot.ddc.
[2016.07.12-07.00.50:316][  0]LogInit: Texture streaming: Disabled
[2016.07.12-07.00.51:994][  0]LogInit: Transaction tracking system initialized
[2016.07.12-07.00.52:802][  0]BlueprintLog: New page: 에디터 로드
[2016.07.12-07.00.54:288][  0]LocalizationService: 정보 현지화 서비스가 비활성화되었습니다.
[2016.07.12-07.00.56:333][  0]LogConsoleResponse:Display: 
[2016.07.12-07.01.02:759][  0]LogFileCache: Scanning file cache for directory 'C:/Users/zxc99as/Documents/swordenhancemaster/SwordEnhanceMaster 4.12/Content/' took 0.02s
[2016.07.12-07.01.02:759][  0]LogCook:Display: Max memory allowance for cook 8192mb
[2016.07.12-07.01.02:759][  0]LogCook:Display: Mobile HDR setting 0
[2016.07.12-07.01.04:807][  0]SourceControl: 정보 소스 콘트롤이 꺼졌습니다.
[2016.07.12-07.01.04:875][  0]Cmd: MAP LOAD FILE="../../../../../../Users/zxc99as/Documents/swordenhancemaster/SwordEnhanceMaster 4.12/Content/Maps/MainMap.umap" TEMPLATE=0 SHOWPROGRESS=1 FEATURELEVEL=3
[2016.07.12-07.01.04:992][  0]LightingResults: New page: 라이팅 빌드
[2016.07.12-07.01.05:267][  0]MapCheck: New page: 맵 체크
[2016.07.12-07.01.05:267][  0]LightingResults: New page: 라이팅 빌드
[2016.07.12-07.01.10:823][  0]LogBlueprint:Warning: USimpleConstructionScript::FixupRootNodeParentReferences() - Couldn't find inherited parent component 'DefaultSceneRoot' for 'Black' in BlueprintGeneratedClass 'REINST_SceneManager_C_39' (it may have been removed)
[2016.07.12-07.01.17:951][  0]LogAIModule: Creating AISystem for world MainMap
[2016.07.12-07.01.18:864][  0]LogEditorServer: Finished looking for orphan Actors (0.000 secs)
[2016.07.12-07.01.18:887][  0]Cmd: MAP CHECKDEP NOCLEARLOG
[2016.07.12-07.01.18:982][  0]MapCheck: 정보 맵 체크 완료: 오류 0 회, 경고 0 회, 소요 시간 94.904ms.
[2016.07.12-07.01.18:982][  0]LogFileHelpers: Loading map 'MainMap' took 14.128
[2016.07.12-07.01.20:948][  0]LogCollectionManager: Loaded 1 collections in 0.013014 seconds
[2016.07.12-07.01.21:128][  0]LogFileCache: Scanning file cache for directory 'C:/Users/zxc99as/Documents/swordenhancemaster/SwordEnhanceMaster 4.12/Saved/Collections/' took 0.01s
[2016.07.12-07.01.21:128][  0]LogFileCache: Scanning file cache for directory 'C:/Users/zxc99as/Documents/swordenhancemaster/SwordEnhanceMaster 4.12/Content/Developers/zxc99as/Collections/' took 0.01s
[2016.07.12-07.01.21:128][  0]LogFileCache: Scanning file cache for directory 'C:/Users/zxc99as/Documents/swordenhancemaster/SwordEnhanceMaster 4.12/Content/Collections/' took 0.01s
[2016.07.12-07.01.21:128][  0]LogCollectionManager: Rebuilt the GUID cache for 1 collections in 0.000011 seconds
[2016.07.12-07.01.21:129][  0]LogCollectionManager: Rebuilt the hierarchy cache for 1 collections in 0.000002 seconds
[2016.07.12-07.01.21:166][  0]LogContentBrowser: Native class hierarchy populated in 0.0188 seconds. Added 2047 classes and 369 folders.
[2016.07.12-07.01.21:232][  0]LogStats: UGameplayTagsManager::ConstructGameplayTagTree: Construct from data asset -  0.000 s
[2016.07.12-07.01.21:233][  0]LogStats: UGameplayTagsManager::ConstructGameplayTagTree: GameplayTagTreeChangedEvent.Broadcast -  0.001 s
[2016.07.12-07.01.21:234][  0]LogContentBrowser: Native class hierarchy updated for 'GameplayTags' in 0.0009 seconds. Added 12 classes and 0 folders.
[2016.07.12-07.01.21:290][  0]LogContentBrowser: Native class hierarchy updated for 'WidgetCarousel' in 0.0007 seconds. Added 0 classes and 0 folders.
[2016.07.12-07.01.22:815][  0]LogContentBrowser: Native class hierarchy updated for 'AddContentDialog' in 0.0008 seconds. Added 0 classes and 0 folders.
[2016.07.12-07.01.22:914][  0]LogContentBrowser: Native class hierarchy updated for 'SceneOutliner' in 0.0008 seconds. Added 1 classes and 2 folders.
[2016.07.12-07.01.23:448][  0]LogCrashTracker: Crashtracker disabled due to settings.
[2016.07.12-07.01.23:619][  0]LogUObjectGlobals:Warning: 'Class 없음.' 오브젝트를 찾는 데 실패했습니다.
[2016.07.12-07.01.23:707][  0]LogContentBrowser: Native class hierarchy updated for 'HierarchicalLODOutliner' in 0.0008 seconds. Added 1 classes and 2 folders.
[2016.07.12-07.01.23:707][  0]LogLoad: Full Startup: 158.35 seconds (BP compile: 3.28 seconds)
[2016.07.12-07.01.23:707][  0]LogExternalProfiler: Found external profiler: VSPerf
[2016.07.12-07.01.23:707][  0]LogExternalProfiler: Using external profiler: VSPerf
[2016.07.12-07.01.24:094][  0]LogOcInput: OculusInput pre-init called
[2016.07.12-07.01.25:768][  0]LogRenderer: Reallocating scene render targets to support 1208x580 (Frame:2).
[2016.07.12-07.01.26:645][  2]LogCollectionManager: Rebuilt the object cache for 1 collections in 0.000010 seconds (found 0 objects)
[2016.07.12-07.01.27:262][  4]LogAssetRegistry: Asset discovery search completed in 68.3872 seconds
[2016.07.12-07.01.27:262][  4]LogCollectionManager: Fixed up redirectors for 1 collections in 0.000012 seconds (updated 0 objects)
[2016.07.12-07.01.36:872][ 31]LogWindowsTextInputMethodSystem:Display: IME system now activated using TSF (Microsoft 입력기).
[2016.07.12-07.01.37:258][ 32]Cmd: QUIT_EDITOR
[2016.07.12-07.01.37:519][ 32]LogExit: Preparing to exit.
[2016.07.12-07.01.39:144][ 32]LogExit: Editor shut down
[2016.07.12-07.01.39:145][ 32]LogExit: Transaction tracking system shut down
[2016.07.12-07.01.39:747][ 32]LogObj: Freed 0b from 0 cluster array pools.
[2016.07.12-07.01.39:747][ 32]LogExit: Object subsystem successfully closed.
[2016.07.12-07.01.39:902][ 32]LogD3D11RHI: Shutdown
[2016.07.12-07.01.39:903][ 32]LogD3D11RHI: CleanupD3DDevice
[2016.07.12-07.01.40:035][ 32]LogD3D11RHI: ~FD3D11DynamicRHI
[2016.07.12-07.01.40:287][ 32]LogModuleManager: Shutting down and abandoning module HierarchicalLODOutliner (213)
[2016.07.12-07.01.40:296][ 32]LogModuleManager: Shutting down and abandoning module CrashTracker (212)
[2016.07.12-07.01.40:296][ 32]LogModuleManager: Shutting down and abandoning module SceneOutliner (211)
[2016.07.12-07.01.40:296][ 32]LogModuleManager: Shutting down and abandoning module WidgetCarousel (210)
[2016.07.12-07.01.40:296][ 32]LogModuleManager: Shutting down and abandoning module AddContentDialog (209)
[2016.07.12-07.01.40:298][ 32]LogModuleManager: Shutting down and abandoning module GameplayTags (208)
[2016.07.12-07.01.40:298][ 32]LogModuleManager: Shutting down and abandoning module EditorWidgets (207)
[2016.07.12-07.01.40:298][ 32]LogModuleManager: Shutting down and abandoning module CollectionManager (206)
[2016.07.12-07.01.40:298][ 32]LogModuleManager: Shutting down and abandoning module StatsViewer (205)
[2016.07.12-07.01.40:304][ 32]LogModuleManager: Shutting down and abandoning module FoliageEdit (204)
[2016.07.12-07.01.40:304][ 32]LogModuleManager: Shutting down and abandoning module LandscapeEditor (203)
[2016.07.12-07.01.40:312][ 32]LogModuleManager: Shutting down and abandoning module SceneDepthPickerMode (202)
[2016.07.12-07.01.40:312][ 32]LogModuleManager: Shutting down and abandoning module ActorPickerMode (201)
[2016.07.12-07.01.40:312][ 32]LogModuleManager: Shutting down and abandoning module GeometryMode (200)
[2016.07.12-07.01.40:312][ 32]LogModuleManager: Shutting down and abandoning module TextureAlignMode (199)
[2016.07.12-07.01.40:312][ 32]LogModuleManager: Shutting down and abandoning module BspMode (198)
[2016.07.12-07.01.40:312][ 32]LogModuleManager: Shutting down and abandoning module HardwareSurvey (197)
[2016.07.12-07.01.40:312][ 32]LogModuleManager: Shutting down and abandoning module SequenceRecorderSections (196)
[2016.07.12-07.01.40:312][ 32]LogModuleManager: Shutting down and abandoning module SequenceRecorder (195)
[2016.07.12-07.01.40:312][ 32]LogModuleManager: Shutting down and abandoning module AutomationWorker (194)
[2016.07.12-07.01.40:312][ 32]LogModuleManager: Shutting down and abandoning module MatineeToLevelSequence (193)
[2016.07.12-07.01.40:312][ 32]LogModuleManager: Shutting down and abandoning module PlacementMode (192)
[2016.07.12-07.01.40:320][ 32]LogModuleManager: Shutting down and abandoning module LevelSequenceEditor (191)
[2016.07.12-07.01.40:321][ 32]LogModuleManager: Shutting down and abandoning module CharacterAI (190)
[2016.07.12-07.01.40:321][ 32]LogModuleManager: Shutting down and abandoning module SmartSnapping (189)
[2016.07.12-07.01.40:321][ 32]LogModuleManager: Shutting down and abandoning module SessionServices (188)
[2016.07.12-07.01.40:321][ 32]LogModuleManager: Shutting down and abandoning module ViewportSnapping (187)
[2016.07.12-07.01.40:321][ 32]LogModuleManager: Shutting down and abandoning module LogVisualizer (186)
[2016.07.12-07.01.40:331][ 32]LogModuleManager: Shutting down and abandoning module GameProjectGeneration (185)
[2016.07.12-07.01.40:342][ 32]LogModuleManager: Shutting down and abandoning module IntroTutorials (184)
[2016.07.12-07.01.40:342][ 32]LogModuleManager: Shutting down and abandoning module EditorLiveStreaming (183)
[2016.07.12-07.01.40:342][ 32]LogModuleManager: Shutting down and abandoning module IOSPlatformEditor (182)
[2016.07.12-07.01.40:342][ 32]LogModuleManager: Shutting down and abandoning module HTML5PlatformEditor (181)
[2016.07.12-07.01.40:342][ 32]LogModuleManager: Shutting down and abandoning module AndroidDeviceDetection (180)
[2016.07.12-07.01.40:373][ 32]LogModuleManager: Shutting down and abandoning module AndroidPlatformEditor (179)
[2016.07.12-07.01.40:373][ 32]LogModuleManager: Shutting down and abandoning module IOSRuntimeSettings (178)
[2016.07.12-07.01.40:373][ 32]LogModuleManager: Shutting down and abandoning module AndroidRuntimeSettings (177)
[2016.07.12-07.01.40:373][ 32]LogModuleManager: Shutting down and abandoning module MergeActors (176)
[2016.07.12-07.01.40:397][ 32]LogModuleManager: Shutting down and abandoning module SizeMap (175)
[2016.07.12-07.01.40:397][ 32]LogModuleManager: Shutting down and abandoning module TreeMap (174)
[2016.07.12-07.01.40:398][ 32]LogModuleManager: Shutting down and abandoning module ReferenceViewer (173)
[2016.07.12-07.01.40:398][ 32]LogModuleManager: Shutting down and abandoning module LocalizationService (172)
[2016.07.12-07.01.40:402][ 32]LogModuleManager: Shutting down and abandoning module LocalizationDashboard (171)
[2016.07.12-07.01.40:406][ 32]LogModuleManager: Shutting down and abandoning module HardwareTargeting (170)
[2016.07.12-07.01.40:406][ 32]LogModuleManager: Shutting down and abandoning module DeviceProfileEditor (169)
[2016.07.12-07.01.40:413][ 32]LogModuleManager: Shutting down and abandoning module UndoHistory (168)
[2016.07.12-07.01.40:423][ 32]LogModuleManager: Shutting down and abandoning module UserFeedback (167)
[2016.07.12-07.01.40:423][ 32]LogModuleManager: Shutting down and abandoning module XmlParser (166)
[2016.07.12-07.01.40:423][ 32]LogModuleManager: Shutting down and abandoning module Blutility (165)
[2016.07.12-07.01.40:423][ 32]LogModuleManager: Shutting down and abandoning module ProjectTargetPlatformEditor (164)
[2016.07.12-07.01.40:423][ 32]LogModuleManager: Shutting down and abandoning module ProjectSettingsViewer (163)
[2016.07.12-07.01.40:423][ 32]LogModuleManager: Shutting down and abandoning module InputBindingEditor (162)
[2016.07.12-07.01.40:424][ 32]LogModuleManager: Shutting down and abandoning module EditorSettingsViewer (161)
[2016.07.12-07.01.40:424][ 32]LogModuleManager: Shutting down and abandoning module SettingsEditor (160)
[2016.07.12-07.01.40:430][ 32]LogModuleManager: Shutting down and abandoning module ProjectLauncher (159)
[2016.07.12-07.01.40:443][ 32]LogModuleManager: Shutting down and abandoning module SessionFrontend (158)
[2016.07.12-07.01.40:450][ 32]LogModuleManager: Shutting down and abandoning module ProfilerClient (157)
[2016.07.12-07.01.40:455][ 32]LogModuleManager: Shutting down and abandoning module TargetDeviceServices (156)
[2016.07.12-07.01.40:455][ 32]LogModuleManager: Shutting down and abandoning module DeviceManager (155)
[2016.07.12-07.01.40:494][ 32]LogModuleManager: Shutting down and abandoning module AutomationController (154)
[2016.07.12-07.01.40:502][ 32]LogModuleManager: Shutting down and abandoning module AutomationWindow (153)
[2016.07.12-07.01.40:509][ 32]LogModuleManager: Shutting down and abandoning module Layers (152)
[2016.07.12-07.01.40:518][ 32]LogModuleManager: Shutting down and abandoning module ComponentVisualizers (151)
[2016.07.12-07.01.40:518][ 32]LogModuleManager: Shutting down and abandoning module DetailCustomizations (150)
[2016.07.12-07.01.40:528][ 32]LogModuleManager: Shutting down and abandoning module PackagesDialog (149)
[2016.07.12-07.01.40:541][ 32]LogModuleManager: Shutting down and abandoning module Persona (148)
[2016.07.12-07.01.40:556][ 32]LogModuleManager: Shutting down and abandoning module Kismet (147)
[2016.07.12-07.01.40:556][ 32]LogModuleManager: Shutting down and abandoning module GraphEditor (146)
[2016.07.12-07.01.40:579][ 32]LogModuleManager: Shutting down and abandoning module ClassViewer (145)
[2016.07.12-07.01.40:592][ 32]LogModuleManager: Shutting down and abandoning module Toolbox (144)
[2016.07.12-07.01.40:592][ 32]LogModuleManager: Shutting down and abandoning module ModuleUI (143)
[2016.07.12-07.01.40:602][ 32]LogModuleManager: Shutting down and abandoning module MovieSceneTools (142)
[2016.07.12-07.01.40:612][ 32]LogModuleManager: Shutting down and abandoning module OutputLog (141)
[2016.07.12-07.01.40:612][ 32]LogModuleManager: Shutting down and abandoning module GammaUI (140)
[2016.07.12-07.01.40:617][ 32]LogModuleManager: Shutting down and abandoning module Documentation (139)
[2016.07.12-07.01.40:617][ 32]LogModuleManager: Shutting down and abandoning module StreamingPauseRendering (138)
[2016.07.12-07.01.40:617][ 32]LogModuleManager: Shutting down and abandoning module AnalyticsET (137)
[2016.07.12-07.01.40:617][ 32]LogModuleManager: Shutting down and abandoning module Analytics (136)
[2016.07.12-07.01.40:617][ 32]LogModuleManager: Shutting down and abandoning module PortalServices (135)
[2016.07.12-07.01.40:617][ 32]LogModuleManager: Shutting down and abandoning module PortalRpc (134)
[2016.07.12-07.01.40:617][ 32]LogModuleManager: Shutting down and abandoning module MessagingRpc (133)
[2016.07.12-07.01.40:617][ 32]LogModuleManager: Shutting down and abandoning module GameplayDebugger (132)
[2016.07.12-07.01.40:617][ 32]LogModuleManager: Shutting down and abandoning module AITestSuite (131)
[2016.07.12-07.01.40:617][ 32]LogModuleManager: Shutting down and abandoning module AIModule (130)
[2016.07.12-07.01.40:617][ 32]LogModuleManager: Shutting down and abandoning module ProfilerService (129)
[2016.07.12-07.01.40:841][ 32]LogModuleManager: Shutting down and abandoning module TaskGraph (128)
[2016.07.12-07.01.40:857][ 32]LogModuleManager: Shutting down and abandoning module SlateRemote (127)
[2016.07.12-07.01.40:857][ 32]LogModuleManager: Shutting down and abandoning module SteamVRController (126)
[2016.07.12-07.01.40:857][ 32]LogModuleManager: Shutting down and abandoning module SteamVR (125)
[2016.07.12-07.01.40:857][ 32]LogModuleManager: Shutting down and abandoning module ProceduralMeshComponent (124)
[2016.07.12-07.01.40:857][ 32]LogModuleManager: Shutting down and abandoning module OculusLibrary (123)
[2016.07.12-07.01.40:857][ 32]LogModuleManager: Shutting down and abandoning module OculusInput (122)
[2016.07.12-07.01.40:857][ 32]LogModuleManager: Shutting down and abandoning module CustomMeshComponent (121)
[2016.07.12-07.01.40:857][ 32]LogModuleManager: Shutting down and abandoning module CableComponent (120)
[2016.07.12-07.01.40:857][ 32]LogModuleManager: Shutting down and abandoning module ArchVisCharacter (119)
[2016.07.12-07.01.40:857][ 32]LogModuleManager: Shutting down and abandoning module MediaPlayerEditor (118)
[2016.07.12-07.01.40:872][ 32]LogModuleManager: Shutting down and abandoning module HTML5Networking (117)
[2016.07.12-07.01.40:872][ 32]LogModuleManager: Shutting down and abandoning module SuperSearch (116)
[2016.07.12-07.01.40:872][ 32]LogModuleManager: Shutting down and abandoning module SuperSearchEditor (115)
[2016.07.12-07.01.40:872][ 32]LogModuleManager: Shutting down and abandoning module SpeedTreeImporter (114)
[2016.07.12-07.01.40:872][ 32]LogModuleManager: Shutting down and abandoning module PluginBrowser (113)
[2016.07.12-07.01.40:872][ 32]LogModuleManager: Shutting down and abandoning module EpicSurvey (112)
[2016.07.12-07.01.40:872][ 32]LogModuleManager: Shutting down and abandoning module DesktopPlatform (111)
[2016.07.12-07.01.40:872][ 32]LogModuleManager: Shutting down and abandoning module VisualStudioSourceCodeAccess (110)
[2016.07.12-07.01.40:872][ 32]LogModuleManager: Shutting down and abandoning module UObjectPlugin (109)
[2016.07.12-07.01.40:873][ 32]LogModuleManager: Shutting down and abandoning module SubversionSourceControl (108)
[2016.07.12-07.01.40:873][ 32]LogModuleManager: Shutting down and abandoning module PerforceSourceControl (107)
[2016.07.12-07.01.40:873][ 32]LogModuleManager: Shutting down and abandoning module SourceControl (106)
[2016.07.12-07.01.40:881][ 32]LogModuleManager: Shutting down and abandoning module GitSourceControl (105)
[2016.07.12-07.01.40:881][ 32]LogModuleManager: Shutting down and abandoning module LightPropagationVolumeEditor (104)
[2016.07.12-07.01.40:881][ 32]LogModuleManager: Shutting down and abandoning module PaperTiledImporter (103)
[2016.07.12-07.01.40:881][ 32]LogModuleManager: Shutting down and abandoning module PaperSpriteSheetImporter (102)
[2016.07.12-07.01.40:881][ 32]LogModuleManager: Shutting down and abandoning module MeshPaint (101)
[2016.07.12-07.01.40:881][ 32]LogModuleManager: Shutting down and abandoning module PixelInspectorModule (100)
[2016.07.12-07.01.40:881][ 32]LogModuleManager: Shutting down and abandoning module HotReload (99)
[2016.07.12-07.01.40:882][ 32]LogModuleManager: Shutting down and abandoning module MainFrame (98)
[2016.07.12-07.01.40:882][ 32]LogModuleManager: Shutting down and abandoning module LevelEditor (97)
[2016.07.12-07.01.40:883][ 32]LogModuleManager: Shutting down and abandoning module ContentBrowser (96)
[2016.07.12-07.01.40:884][ 32]LogModuleManager: Shutting down and abandoning module Paper2DEditor (95)
[2016.07.12-07.01.40:889][ 32]LogModuleManager: Shutting down and abandoning module UdpMessaging (94)
[2016.07.12-07.01.40:989][ 32]LogModuleManager: Shutting down and abandoning module LightPropagationVolumeRuntime (93)
[2016.07.12-07.01.40:989][ 32]LogModuleManager: Shutting down and abandoning module Paper2D (92)
[2016.07.12-07.01.40:989][ 32]LogModuleManager: Shutting down and abandoning module WindowsMoviePlayer (91)
[2016.07.12-07.01.40:989][ 32]LogModuleManager: Shutting down and abandoning module Media (90)
[2016.07.12-07.01.40:989][ 32]LogModuleManager: Shutting down and abandoning module WmfMedia (89)
[2016.07.12-07.01.41:009][ 32]LogModuleManager: Shutting down and abandoning module MediaAssets (88)
[2016.07.12-07.01.41:009][ 32]LogModuleManager: Shutting down and abandoning module GameLiveStreaming (87)
[2016.07.12-07.01.41:009][ 32]LogModuleManager: Shutting down and abandoning module GameplayTagsEditor (86)
[2016.07.12-07.01.41:009][ 32]LogModuleManager: Shutting down and abandoning module OnlineBlueprintSupport (85)
[2016.07.12-07.01.41:009][ 32]LogModuleManager: Shutting down and abandoning module VREditor (84)
[2016.07.12-07.01.41:020][ 32]LogModuleManager: Shutting down and abandoning module GameplayTasksEditor (83)
[2016.07.12-07.01.41:020][ 32]LogModuleManager: Shutting down and abandoning module PropertyEditor (82)
[2016.07.12-07.01.41:029][ 32]LogModuleManager: Shutting down and abandoning module BehaviorTreeEditor (81)
[2016.07.12-07.01.41:043][ 32]LogModuleManager: Shutting down and abandoning module FunctionalTesting (80)
[2016.07.12-07.01.41:054][ 32]LogModuleManager: Shutting down and abandoning module CollisionAnalyzer (79)
[2016.07.12-07.01.41:062][ 32]LogModuleManager: Shutting down and abandoning module Sequencer (78)
[2016.07.12-07.01.41:072][ 32]LogModuleManager: Shutting down and abandoning module WorkspaceMenuStructure (77)
[2016.07.12-07.01.41:072][ 32]LogModuleManager: Shutting down and abandoning module MessageLog (76)
[2016.07.12-07.01.41:084][ 32]LogModuleManager: Shutting down and abandoning module AssetTools (75)
[2016.07.12-07.01.41:106][ 32]LogModuleManager: Shutting down and abandoning module UMGEditor (74)
[2016.07.12-07.01.41:123][ 32]LogModuleManager: Shutting down and abandoning module UMG (73)
[2016.07.12-07.01.41:145][ 32]LogModuleManager: Shutting down and abandoning module SlateReflector (72)
[2016.07.12-07.01.41:153][ 32]LogModuleManager: Shutting down and abandoning module Slate (71)
[2016.07.12-07.01.41:153][ 32]LogModuleManager: Shutting down and abandoning module EditorStyle (70)
[2016.07.12-07.01.41:158][ 32]LogModuleManager: Shutting down and abandoning module SourceCodeAccess (69)
[2016.07.12-07.01.41:158][ 32]LogModuleManager: Shutting down and abandoning module HeadMountedDisplay (68)
[2016.07.12-07.01.41:158][ 32]LogModuleManager: Shutting down and abandoning module XAudio2 (67)
[2016.07.12-07.01.41:158][ 32]LogModuleManager: Shutting down and abandoning module Networking (65)
[2016.07.12-07.01.41:158][ 32]LogModuleManager: Shutting down and abandoning module Core (64)
[2016.07.12-07.01.41:158][ 32]LogModuleManager: Shutting down and abandoning module DirectoryWatcher (63)
[2016.07.12-07.01.41:159][ 32]LogModuleManager: Shutting down and abandoning module AssetRegistry (62)
[2016.07.12-07.01.41:333][ 32]LogModuleManager: Shutting down and abandoning module KismetCompiler (61)
[2016.07.12-07.01.41:333][ 32]LogModuleManager: Shutting down and abandoning module PhysXFormats (60)
[2016.07.12-07.01.41:333][ 32]LogModuleManager: Shutting down and abandoning module MeshUtilities (59)
[2016.07.12-07.01.41:343][ 32]LogModuleManager: Shutting down and abandoning module DerivedDataCache (58)
[2016.07.12-07.01.41:413][ 32]LogDerivedDataCache: Shutdown
[2016.07.12-07.01.41:413][ 32]LogModuleManager: Shutting down and abandoning module VulkanShaderFormat (57)
[2016.07.12-07.01.41:465][ 32]LogModuleManager: Shutting down and abandoning module ShaderFormatOpenGL (56)
[2016.07.12-07.01.41:525][ 32]LogModuleManager: Shutting down and abandoning module ShaderFormatD3D (55)
[2016.07.12-07.01.41:525][ 32]LogModuleManager: Shutting down and abandoning module MetalShaderFormat (54)
[2016.07.12-07.01.41:617][ 32]LogModuleManager: Shutting down and abandoning module TextureFormatUncompressed (53)
[2016.07.12-07.01.41:617][ 32]LogModuleManager: Shutting down and abandoning module TextureFormatPVR (52)
[2016.07.12-07.01.41:617][ 32]LogModuleManager: Shutting down and abandoning module TextureFormatIntelISPCTexComp (51)
[2016.07.12-07.01.41:617][ 32]LogModuleManager: Shutting down and abandoning module TextureFormatDXT (50)
[2016.07.12-07.01.41:617][ 32]LogModuleManager: Shutting down and abandoning module ImageWrapper (49)
[2016.07.12-07.01.41:617][ 32]LogModuleManager: Shutting down and abandoning module TextureFormatASTC (48)
[2016.07.12-07.01.41:617][ 32]LogModuleManager: Shutting down and abandoning module TextureFormatAndroid (47)
[2016.07.12-07.01.41:617][ 32]LogModuleManager: Shutting down and abandoning module AudioFormatOpus (46)
[2016.07.12-07.01.41:617][ 32]LogModuleManager: Shutting down and abandoning module AudioFormatOgg (45)
[2016.07.12-07.01.41:617][ 32]LogModuleManager: Shutting down and abandoning module AudioFormatADPCM (44)
[2016.07.12-07.01.41:617][ 32]LogModuleManager: Shutting down and abandoning module LinuxTargetPlatform (43)
[2016.07.12-07.01.41:617][ 32]LogModuleManager: Shutting down and abandoning module LinuxServerTargetPlatform (42)
[2016.07.12-07.01.41:617][ 32]LogModuleManager: Shutting down and abandoning module LinuxNoEditorTargetPlatform (41)
[2016.07.12-07.01.41:617][ 32]LogModuleManager: Shutting down and abandoning module TVOSTargetPlatform (40)
[2016.07.12-07.01.41:617][ 32]LogModuleManager: Shutting down and abandoning module Messaging (39)
[2016.07.12-07.01.41:617][ 32]LogModuleManager: Shutting down and abandoning module IOSTargetPlatform (38)
[2016.07.12-07.01.41:617][ 32]LogModuleManager: Shutting down and abandoning module HTML5TargetPlatform (37)
[2016.07.12-07.01.41:617][ 32]LogModuleManager: Shutting down and abandoning module Android_PVRTCTargetPlatform (36)
[2016.07.12-07.01.41:617][ 32]LogModuleManager: Shutting down and abandoning module Android_MultiTargetPlatform (35)
[2016.07.12-07.01.41:617][ 32]LogModuleManager: Shutting down and abandoning module Android_ETC2TargetPlatform (34)
[2016.07.12-07.01.41:617][ 32]LogModuleManager: Shutting down and abandoning module Android_ETC1TargetPlatform (33)
[2016.07.12-07.01.41:617][ 32]LogModuleManager: Shutting down and abandoning module Android_DXTTargetPlatform (32)
[2016.07.12-07.01.41:617][ 32]LogModuleManager: Shutting down and abandoning module Android_ATCTargetPlatform (31)
[2016.07.12-07.01.41:617][ 32]LogModuleManager: Shutting down and abandoning module Android_ASTCTargetPlatform (30)
[2016.07.12-07.01.41:617][ 32]LogModuleManager: Shutting down and abandoning module AndroidTargetPlatform (29)
[2016.07.12-07.01.41:617][ 32]LogModuleManager: Shutting down and abandoning module WindowsTargetPlatform (28)
[2016.07.12-07.01.41:617][ 32]LogModuleManager: Shutting down and abandoning module WindowsServerTargetPlatform (27)
[2016.07.12-07.01.41:617][ 32]LogModuleManager: Shutting down and abandoning module WindowsNoEditorTargetPlatform (26)
[2016.07.12-07.01.41:617][ 32]LogModuleManager: Shutting down and abandoning module WindowsClientTargetPlatform (25)
[2016.07.12-07.01.41:617][ 32]LogModuleManager: Shutting down and abandoning module AllDesktopTargetPlatform (24)
[2016.07.12-07.01.41:617][ 32]LogModuleManager: Shutting down and abandoning module TargetPlatform (23)
[2016.07.12-07.01.41:617][ 32]LogModuleManager: Shutting down and abandoning module InputCore (22)
[2016.07.12-07.01.41:617][ 32]LogModuleManager: Shutting down and abandoning module Settings (21)
[2016.07.12-07.01.41:617][ 32]LogModuleManager: Shutting down and abandoning module OnlineSubsystem (19)
[2016.07.12-07.01.41:617][ 32]LogModuleManager: Shutting down and abandoning module HTTP (18)
[2016.07.12-07.01.46:137][ 32]LogModuleManager: Shutting down and abandoning module XMPP (17)
[2016.07.12-07.01.46:157][ 32]LogModuleManager: Shutting down and abandoning module OculusRift (16)
[2016.07.12-07.01.46:167][ 32]LogModuleManager: Shutting down and abandoning module ExampleDeviceProfileSelector (15)
[2016.07.12-07.01.46:167][ 32]LogModuleManager: Shutting down and abandoning module TextureCompressor (14)
[2016.07.12-07.01.46:167][ 32]LogModuleManager: Shutting down and abandoning module ShaderCore (13)
[2016.07.12-07.01.46:168][ 32]LogModuleManager: Shutting down and abandoning module Landscape (12)
[2016.07.12-07.01.46:168][ 32]LogModuleManager: Shutting down and abandoning module SlateRHIRenderer (11)
[2016.07.12-07.01.46:182][ 32]LogModuleManager: Shutting down and abandoning module OpenGLDrv (10)
[2016.07.12-07.01.46:207][ 32]LogModuleManager: Shutting down and abandoning module D3D11RHI (9)
[2016.07.12-07.01.46:207][ 32]LogModuleManager: Shutting down and abandoning module AnimGraphRuntime (8)
[2016.07.12-07.01.46:217][ 32]LogModuleManager: Shutting down and abandoning module Renderer (7)
[2016.07.12-07.01.46:217][ 32]LogModuleManager: Shutting down and abandoning module Engine (6)
[2016.07.12-07.01.46:217][ 32]LogModuleManager: Shutting down and abandoning module CoreUObject (5)
[2016.07.12-07.01.46:217][ 32]LogModuleManager: Shutting down and abandoning module NetworkFile (4)
[2016.07.12-07.01.46:217][ 32]LogModuleManager: Shutting down and abandoning module StreamingFile (3)
[2016.07.12-07.01.46:217][ 32]LogModuleManager: Shutting down and abandoning module SandboxFile (2)
[2016.07.12-07.01.46:217][ 32]LogModuleManager: Shutting down and abandoning module PakFile (1)
[2016.07.12-07.01.46:226][ 32]LogExit: Exiting.
[2016.07.12-07.01.46:229][ 32]Log file closed, 07/12/16 16:01:46
