Log file open, 07/08/16 20:06:36
LogInit:Display: Running engine for game: SwordEnhanceMaster
LogPlatformFile: Not using cached read wrapper
LogInit:Display: RandInit(-1840916895) SRandInit(-1840916893).
LogTaskGraph: Started task graph with 4 named threads and 7 total threads with 1 sets of task threads.
LogStats: Stats thread started at 0.070960
LogInit: Version: 4.12.4-3028348+++UE4+Release-4.12
LogInit: API Version: 2992821
LogInit: Net Version: 3028348
LogDevObjectVersion: Number of dev versions registered: 13
LogDevObjectVersion:   Dev-Blueprints (B0D832E4-1F89-4F0D-ACCF-7EB736FD4AA2): 3
LogDevObjectVersion:   Dev-Build (E1C64328-A22C-4D53-A36C-8E866417BD8C): 0
LogDevObjectVersion:   Dev-Core (375EC13C-06E4-48FB-B500-84F0262A717E): 1
LogDevObjectVersion:   Dev-Editor (E4B068ED-F494-42E9-A231-DA0B2E46BB41): 2
LogDevObjectVersion:   Dev-Framework (CFFC743F-43B0-4480-9391-14DF171D2073): 6
LogDevObjectVersion:   Dev-Mobile (B02B49B5-BB20-44E9-A304-32B752E40360): 0
LogDevObjectVersion:   Dev-Networking (A4E4105C-59A1-49B5-A7C5-40C4547EDFEE): 0
LogDevObjectVersion:   Dev-Online (39C831C9-5AE6-47DC-9A44-9C173E1C8E7C): 0
LogDevObjectVersion:   Dev-Physics (78F01B33-EBEA-4F98-B9B4-84EACCB95AA2): 0
LogDevObjectVersion:   Dev-Platform (6631380F-2D4D-43E0-8009-CF276956A95A): 0
LogDevObjectVersion:   Dev-Rendering (12F88B9F-8875-4AFC-A67C-D90C383ABD29): 2
LogDevObjectVersion:   Dev-Sequencer (7B5AE74C-D270-4C10-A958-57980B212A5A): 0
LogDevObjectVersion:   Dev-VR (D7296918-1DD6-4BDD-9DE2-64A83CC13884): 0
LogInit: Compiled (64-bit): Jun 27 2016 09:29:04
LogInit: Compiled with Visual C++: 19.00.23026.00
LogInit: Build Configuration: Development
LogInit: Branch Name: ++UE4+Release-4.12
LogInit: Command line:  
LogInit: Base directory: C:/Program Files (x86)/Epic Games/4.12/Engine/Binaries/Win64/
LogInit: Installed Engine Build: 1
LogInit: Using libcurl 7.41.0
LogInit:  - built for x86_64-pc-win32
LogInit:  - supports SSL with WinSSL
LogInit:  - other features:
LogInit:      CURL_VERSION_SSL
LogInit:      CURL_VERSION_IPV6
LogInit:      CURL_VERSION_ASYNCHDNS
LogInit:      CURL_VERSION_LARGEFILE
LogInit:      CURL_VERSION_IDN
LogInit:  CurlRequestOptions (configurable via config and command line):
LogInit:  - bVerifyPeer = true  - Libcurl will verify peer certificate
LogInit:  - bUseHttpProxy = false  - Libcurl will NOT use HTTP proxy
LogInit:  - bDontReuseConnections = false  - Libcurl will reuse connections
LogInit:  - CertBundlePath = nullptr  - Libcurl will use whatever was configured at build time.
LogInit: Presizing for max 8388607 objects, including 0 objects not considered by GC, pre-allocating 0 bytes for permanent pool.
LogInit: Object subsystem initialized
[2016.07.08-11.06.36:690][  0]LogInit: Selected Device Profile: [Windows]
[2016.07.08-11.06.36:690][  0]LogInit: Applying CVar settings loaded from the selected device profile: [Windows]
[2016.07.08-11.06.36:701][  0]LogInit: Computer: MIT-PC
[2016.07.08-11.06.36:701][  0]LogInit: User: zxc99as
[2016.07.08-11.06.36:701][  0]LogInit: CPU Page size=65536, Cores=4
[2016.07.08-11.06.36:701][  0]LogInit: High frequency timer resolution =3.312790 MHz
[2016.07.08-11.06.36:702][  0]LogMemory: Memory total: Physical=16.0GB (16GB approx)
[2016.07.08-11.06.36:702][  0]LogMemory: Platform Memory Stats for Windows
[2016.07.08-11.06.36:702][  0]LogMemory: Process Physical Memory: 188.29 MB used, 188.29 MB peak
[2016.07.08-11.06.36:702][  0]LogMemory: Process Virtual Memory: 194.74 MB used, 194.74 MB peak
[2016.07.08-11.06.36:702][  0]LogMemory: Physical Memory: 3799.04 MB used, 16349.19 MB total
[2016.07.08-11.06.36:702][  0]LogMemory: Virtual Memory: 533.71 MB used, 134217728.00 MB total
[2016.07.08-11.06.36:729][  0]LogTextLocalizationManager: No specific translations for ('ko-KR') exist, so ('ko') translations will be used.
[2016.07.08-11.06.36:762][  0]LogTextLocalizationManager:Warning: Loaded localization resources contain conflicting entries for (Namespace:KismetSchema, Key:Default):
Localization Resource: (C:/Program Files (x86)/Epic Games/4.12/Engine/Content/Localization/EditorTutorials/ko/EditorTutorials.locres) Source String Hash: (940523119) Localized String: (디폴트)
Localization Resource: (C:/Program Files (x86)/Epic Games/4.12/Engine/Content/Localization/Engine/ko/Engine.locres) Source String Hash: (940523119) Localized String: (기본)
[2016.07.08-11.06.36:762][  0]LogTextLocalizationManager:Warning: Loaded localization resources contain conflicting entries for (Namespace:UObjectToolTips, Key:AnimNode_AssetPlayerBase:InternalTimeAccumulator):
Localization Resource: (C:/Program Files (x86)/Epic Games/4.12/Engine/Content/Localization/EditorTutorials/ko/EditorTutorials.locres) Source String Hash: (502993589) Localized String: (이 노드에서 애셋을 레퍼런싱하는 데 사용되는 누적 시간입니다.)
Localization Resource: (C:/Program Files (x86)/Epic Games/4.12/Engine/Content/Localization/Engine/ko/Engine.locres) Source String Hash: (502993589) Localized String: (이 노드에서 애셋을 레퍼런싱하는 데 사용된 누적 시간입니다.)
[2016.07.08-11.06.36:762][  0]LogTextLocalizationManager:Warning: Loaded localization resources contain conflicting entries for (Namespace:UObjectToolTips, Key:AnimNode_AssetPlayerBase:bIgnoreForRelevancyTest):
Localization Resource: (C:/Program Files (x86)/Epic Games/4.12/Engine/Content/Localization/EditorTutorials/ko/EditorTutorials.locres) Source String Hash: (319969718) Localized String: (True 면, 스테이트에서 최고 가중치 애니메이션을 찾는 "Relevant anim" 노드는 이 노드를 무시합니다.
 )
Localization Resource: (C:/Program Files (x86)/Epic Games/4.12/Engine/Content/Localization/Engine/ko/Engine.locres) Source String Hash: (319969718) Localized String: (True 면 스테이트 내 최고 웨이팅된 애니메이션을 찾는 "Relevant anim" 노드가 무시됩니다.
 )
[2016.07.08-11.06.36:762][  0]LogTextLocalizationManager:Warning: Loaded localization resources contain conflicting entries for (Namespace:UObjectToolTips, Key:AnimNode_AssetPlayerBase:BlendWeight):
Localization Resource: (C:/Program Files (x86)/Epic Games/4.12/Engine/Content/Localization/EditorTutorials/ko/EditorTutorials.locres) Source String Hash: (-1232800293) Localized String: (이 노드에 마지막 걸린 블렌드웨이트 입니다.)
Localization Resource: (C:/Program Files (x86)/Epic Games/4.12/Engine/Content/Localization/Engine/ko/Engine.locres) Source String Hash: (-1232800293) Localized String: (이 노드에 대해 마지막 접한 블렌드 웨이트)
[2016.07.08-11.06.36:849][  0]LogD3D11RHI: D3D11 adapters:
[2016.07.08-11.06.36:865][  0]LogD3D11RHI:    0. 'NVIDIA GeForce GTX 650' (Feature Level 11_0)
[2016.07.08-11.06.36:865][  0]LogD3D11RHI:       964/0/3072 MB DedicatedVideo/DedicatedSystem/SharedSystem, Outputs:1, VendorId:0x10de
[2016.07.08-11.06.36:866][  0]LogD3D11RHI:    1. 'Microsoft Basic Render Driver' (Feature Level 11_0)
[2016.07.08-11.06.36:866][  0]LogD3D11RHI:       0/0/256 MB DedicatedVideo/DedicatedSystem/SharedSystem, Outputs:0, VendorId:0x1414
[2016.07.08-11.06.36:866][  0]LogD3D11RHI: Chosen D3D11 Adapter: 0
[2016.07.08-11.06.36:869][  0]LogD3D11RHI: Creating new Direct3DDevice
[2016.07.08-11.06.36:869][  0]LogD3D11RHI:     GPU DeviceId: 0xfc6 (for the marketing name, search the web for "GPU Device Id")
[2016.07.08-11.06.36:869][  0]LogWindows: EnumDisplayDevices:
[2016.07.08-11.06.36:869][  0]LogWindows:    0. 'NVIDIA GeForce GTX 650' (P:1 D:1)
[2016.07.08-11.06.36:869][  0]LogWindows:    1. 'NVIDIA GeForce GTX 650' (P:0 D:0)
[2016.07.08-11.06.36:869][  0]LogWindows:    2. 'NVIDIA GeForce GTX 650' (P:0 D:0)
[2016.07.08-11.06.36:869][  0]LogWindows: DebugString: FoundDriverCount:3 
[2016.07.08-11.06.36:869][  0]LogD3D11RHI:     Adapter Name: NVIDIA GeForce GTX 650
[2016.07.08-11.06.36:869][  0]LogD3D11RHI:   Driver Version: 364.51 (internal:10.18.13.6451, unified:364.51)
[2016.07.08-11.06.36:869][  0]LogD3D11RHI:      Driver Date: 3-7-2016
[2016.07.08-11.06.36:869][  0]LogRHI: Texture pool is 675 MB (70% of 964 MB)
[2016.07.08-11.06.36:878][  0]LogD3D11RHI: Async texture creation enabled
[2016.07.08-11.06.36:895][  0]LogD3D11RHI: GPU Timing Frequency: 1000.000000 (Debug: 2 2)
[2016.07.08-11.06.36:895][  0]LogShaderCompilers: Guid format shader working directory is -36 characters bigger than the processId version (../../../../../../Users/zxc99as/Documents/swordenhancemaster/SwordEnhanceMaster 4.12/Intermediate/Shaders/WorkingDirectory/6084/).
[2016.07.08-11.06.36:895][  0]LogShaderCompilers: Cleaned the shader compiler working directory 'C:/Users/zxc99as/AppData/Local/Temp/UnrealShaderWorkingDir/AE008CA2403B18D83B4B3B848D68ECBE/'.
[2016.07.08-11.06.36:895][  0]LogShaderCompilers:Display: Using Local Shader Compiler.
[2016.07.08-11.06.37:765][  0]LogTemp:Display: Loaded TP AllDesktopTargetPlatform
[2016.07.08-11.06.37:773][  0]LogTemp:Display: Loaded TP WindowsClientTargetPlatform
[2016.07.08-11.06.37:782][  0]LogTemp:Display: Loaded TP WindowsNoEditorTargetPlatform
[2016.07.08-11.06.37:792][  0]LogTemp:Display: Loaded TP WindowsServerTargetPlatform
[2016.07.08-11.06.37:801][  0]LogTemp:Display: Loaded TP WindowsTargetPlatform
[2016.07.08-11.06.37:809][  0]LogTemp:Display: Loaded TP AndroidTargetPlatform
[2016.07.08-11.06.37:816][  0]LogTemp:Display: Loaded TP Android_ASTCTargetPlatform
[2016.07.08-11.06.37:824][  0]LogTemp:Display: Loaded TP Android_ATCTargetPlatform
[2016.07.08-11.06.37:832][  0]LogTemp:Display: Loaded TP Android_DXTTargetPlatform
[2016.07.08-11.06.37:840][  0]LogTemp:Display: Loaded TP Android_ETC1TargetPlatform
[2016.07.08-11.06.37:847][  0]LogTemp:Display: Loaded TP Android_ETC2TargetPlatform
[2016.07.08-11.06.37:863][  0]LogTemp:Display: Loaded TP Android_MultiTargetPlatform
[2016.07.08-11.06.37:863][  0]LogTemp:Display: Loaded TP Android_PVRTCTargetPlatform
[2016.07.08-11.06.37:864][  0]LogTemp:Display: Loaded TP HTML5TargetPlatform
[2016.07.08-11.06.37:884][  0]LogTemp:Display: Loaded TP IOSTargetPlatform
[2016.07.08-11.06.37:891][  0]LogTemp:Display: Loaded TP TVOSTargetPlatform
[2016.07.08-11.06.37:899][  0]LogTemp:Display: Loaded TP LinuxNoEditorTargetPlatform
[2016.07.08-11.06.37:907][  0]LogTemp:Display: Loaded TP LinuxServerTargetPlatform
[2016.07.08-11.06.37:914][  0]LogTemp:Display: Loaded TP LinuxTargetPlatform
[2016.07.08-11.06.37:914][  0]LogTargetPlatformManager:Display: Building Assets For Windows
[2016.07.08-11.06.37:972][  0]LogDerivedDataCache:Display: Max Cache Size: 512 MB
[2016.07.08-11.06.38:033][  0]LogDerivedDataCache: Loaded boot cache 0.06s 62MB C:/Users/zxc99as/AppData/Local/UnrealEngine/4.12/DerivedDataCache/Boot.ddc.
[2016.07.08-11.06.38:033][  0]LogDerivedDataCache:Display: Loaded Boot cache: C:/Users/zxc99as/AppData/Local/UnrealEngine/4.12/DerivedDataCache/Boot.ddc
[2016.07.08-11.06.38:034][  0]LogDerivedDataCache: FDerivedDataBackendGraph:  Pak pak cache file ../../../../../../Users/zxc99as/Documents/swordenhancemaster/SwordEnhanceMaster 4.12/DerivedDataCache/DDC.ddp not found, will not use a pak cache.
[2016.07.08-11.06.38:034][  0]LogDerivedDataCache: Unable to find inner node Pak for hierarchical cache Hierarchy.
[2016.07.08-11.06.38:034][  0]LogDerivedDataCache: FDerivedDataBackendGraph:  CompressedPak pak cache file ../../../../../../Users/zxc99as/Documents/swordenhancemaster/SwordEnhanceMaster 4.12/DerivedDataCache/Compressed.ddp not found, will not use a pak cache.
[2016.07.08-11.06.38:034][  0]LogDerivedDataCache: Unable to find inner node CompressedPak for hierarchical cache Hierarchy.
[2016.07.08-11.06.38:049][  0]LogDerivedDataCache:Display: Pak cache opened for reading ../../../Engine/DerivedDataCache/Compressed.ddp.
[2016.07.08-11.06.38:062][  0]LogDerivedDataCache: Using Local data cache path C:/Users/zxc99as/AppData/Local/UnrealEngine/Common/DerivedDataCache: Writable
[2016.07.08-11.06.38:253][  0]LogInit: Selected Device Profile: [Windows]
[2016.07.08-11.06.38:404][  0]LogMeshUtilities: No automatic mesh reduction module available
[2016.07.08-11.06.38:404][  0]LogMeshUtilities: No automatic mesh merging module available
[2016.07.08-11.06.38:404][  0]LogMeshUtilities: No distributed automatic mesh merging module available
[2016.07.08-11.06.38:661][  0]LogAssetRegistry: FAssetRegistry took 0.0224 seconds to start up
[2016.07.08-11.06.38:685][  0]LogPackageLocalizationCache: Processed 3 localized package path(s) for 2 prioritized culture(s) in 0.022610 seconds
[2016.07.08-11.06.38:691][  0]LogUObjectArray: 28739 objects as part of root set at end of initial load.
[2016.07.08-11.06.38:691][  0]LogUObjectAllocator: 5855624 out of 0 bytes used by permanent object pool.
[2016.07.08-11.06.38:691][  0]LogUObjectArray: CloseDisregardForGC: 0/0 objects in disregard for GC pool
[2016.07.08-11.06.38:697][  0]LogInit: WinSock: version 1.1 (2.2), MaxSocks=32767, MaxUdp=65467
[2016.07.08-11.06.38:860][  0]LogSlate: SlateFontCache - WITH_FREETYPE: 1, WITH_HARFBUZZ: 1
[2016.07.08-11.06.38:860][  0]LogSlate: SlateFontCache - WITH_FREETYPE: 1, WITH_HARFBUZZ: 1
[2016.07.08-11.06.39:447][  0]LogUdpMessaging: Initializing bridge on interface 0.0.0.0:0 to multicast group 230.0.0.1:6666.
[2016.07.08-11.06.39:637][  0]SourceControl: 정보 소스 콘트롤이 꺼졌습니다.
[2016.07.08-11.06.39:661][  0]SourceControl: 정보 소스 콘트롤이 꺼졌습니다.
[2016.07.08-11.06.39:667][  0]SourceControl: 정보 소스 콘트롤이 꺼졌습니다.
[2016.07.08-11.06.39:673][  0]SourceControl: 정보 소스 콘트롤이 꺼졌습니다.
[2016.07.08-11.06.39:833][  0]LogEngine: Initializing Engine...
[2016.07.08-11.06.39:834][  0]LogHMD: SteamVR failed to initialize.  Err: 110
[2016.07.08-11.06.39:835][  0]LogHMD: SteamVR failed to initialize.  Err: 110
[2016.07.08-11.06.39:966][  0]LogAIModule: Creating AISystem for world NewWorld
[2016.07.08-11.06.39:970][  0]LogInit: XAudio2 using '스피커(VIA HD Audio)' : 2 channels at 48 kHz using 32 bits per sample (channel mask 0x3)
[2016.07.08-11.06.39:986][  0]LogInit: FAudioDevice initialized.
[2016.07.08-11.06.40:019][  0]LogDerivedDataCache: Saved boot cache 0.03s 62MB C:/Users/zxc99as/AppData/Local/UnrealEngine/4.12/DerivedDataCache/Boot.ddc.
[2016.07.08-11.06.40:029][  0]LogInit: Texture streaming: Disabled
[2016.07.08-11.06.40:045][  0]LogInit: Transaction tracking system initialized
[2016.07.08-11.06.40:062][  0]BlueprintLog: New page: 에디터 로드
[2016.07.08-11.06.40:116][  0]LocalizationService: 정보 현지화 서비스가 비활성화되었습니다.
[2016.07.08-11.06.40:169][  0]LogConsoleResponse:Display: 
[2016.07.08-11.06.40:268][  0]LogCook:Display: Max memory allowance for cook 8192mb
[2016.07.08-11.06.40:268][  0]LogCook:Display: Mobile HDR setting 0
[2016.07.08-11.06.40:342][  0]LogFileCache: Scanning file cache for directory 'C:/Users/zxc99as/Documents/swordenhancemaster/SwordEnhanceMaster 4.12/Content/' took 0.01s
[2016.07.08-11.06.40:342][  0]SourceControl: 정보 소스 콘트롤이 꺼졌습니다.
[2016.07.08-11.06.40:342][  0]Cmd: MAP LOAD FILE="../../../../../../Users/zxc99as/Documents/swordenhancemaster/SwordEnhanceMaster 4.12/Content/Maps/MainMap.umap" TEMPLATE=0 SHOWPROGRESS=1 FEATURELEVEL=3
[2016.07.08-11.06.40:342][  0]LightingResults: New page: 라이팅 빌드
[2016.07.08-11.06.40:345][  0]MapCheck: New page: 맵 체크
[2016.07.08-11.06.40:345][  0]LightingResults: New page: 라이팅 빌드
[2016.07.08-11.06.41:729][  0]LogBlueprint:Warning: USimpleConstructionScript::FixupRootNodeParentReferences() - Couldn't find inherited parent component 'DefaultSceneRoot' for 'Black' in BlueprintGeneratedClass 'REINST_SceneManager_C_39' (it may have been removed)
[2016.07.08-11.06.44:327][  0]LogBlueprint:Warning: [Initiation] CreatePinForVariable: 'Text_Mass' variable not found. Base class was probably changed.
[2016.07.08-11.06.44:327][  0]LogBlueprint:Warning: [Initiation] CreatePinForVariable: 'Text_Sharpness' variable not found. Base class was probably changed.
[2016.07.08-11.06.44:327][  0]LogBlueprint:Warning: [Initiation] CreatePinForVariable: 'Text_Material' variable not found. Base class was probably changed.
[2016.07.08-11.06.44:327][  0]LogBlueprint:Warning: [Initiation] CreatePinForVariable: 'Text_Name' variable not found. Base class was probably changed.
[2016.07.08-11.06.44:327][  0]LogBlueprint:Warning: [Initiation] CreatePinForVariable: 'Text_Attack' variable not found. Base class was probably changed.
[2016.07.08-11.06.44:327][  0]LogBlueprint:Warning: [Initiation] CreatePinForVariable: 'Text_Speed' variable not found. Base class was probably changed.
[2016.07.08-11.06.44:327][  0]LogBlueprint:Warning: [Initiation] CreatePinForVariable: 'Text_Critical' variable not found. Base class was probably changed.
[2016.07.08-11.06.44:327][  0]LogBlueprint:Warning: [Initiation] CreatePinForVariable: 'Text_CriticalPercent' variable not found. Base class was probably changed.
[2016.07.08-11.06.44:327][  0]LogBlueprint:Warning: [Initiation] CreatePinForVariable: 'Text_Defense' variable not found. Base class was probably changed.
[2016.07.08-11.06.44:334][  0]LogBlueprint:Warning: Compiler 경고 이름이 "Text_Defense" 인 함수를 'HouseMenu_C' 에서 찾을 수 없었습니다.
'HouseMenu_C' 컴파일이  Text_Defense 구하기  에 대해 되었는지 확인하세요.
[2016.07.08-11.06.44:334][  0]LogBlueprint:Warning: Compiler 경고 이름이 "Text_CriticalPercent" 인 함수를 'HouseMenu_C' 에서 찾을 수 없었습니다.
'HouseMenu_C' 컴파일이  Text_CriticalPercent 구하기  에 대해 되었는지 확인하세요.
[2016.07.08-11.06.44:334][  0]LogBlueprint:Warning: Compiler 경고 이름이 "Text_Critical" 인 함수를 'HouseMenu_C' 에서 찾을 수 없었습니다.
'HouseMenu_C' 컴파일이  Text_Critical 구하기  에 대해 되었는지 확인하세요.
[2016.07.08-11.06.44:334][  0]LogBlueprint:Warning: Compiler 경고 이름이 "Text_Speed" 인 함수를 'HouseMenu_C' 에서 찾을 수 없었습니다.
'HouseMenu_C' 컴파일이  Text_Speed 구하기  에 대해 되었는지 확인하세요.
[2016.07.08-11.06.44:334][  0]LogBlueprint:Warning: Compiler 경고 이름이 "Text_Attack" 인 함수를 'HouseMenu_C' 에서 찾을 수 없었습니다.
'HouseMenu_C' 컴파일이  Text_Attack 구하기  에 대해 되었는지 확인하세요.
[2016.07.08-11.06.44:334][  0]LogBlueprint:Warning: Compiler 경고 이름이 "Text_Name" 인 함수를 'HouseMenu_C' 에서 찾을 수 없었습니다.
'HouseMenu_C' 컴파일이  Text_Name 구하기  에 대해 되었는지 확인하세요.
[2016.07.08-11.06.44:334][  0]LogBlueprint:Warning: Compiler 경고 이름이 "Text_Material" 인 함수를 'HouseMenu_C' 에서 찾을 수 없었습니다.
'HouseMenu_C' 컴파일이  Text_Material 구하기  에 대해 되었는지 확인하세요.
[2016.07.08-11.06.44:334][  0]LogBlueprint:Warning: Compiler 경고 이름이 "Text_Sharpness" 인 함수를 'HouseMenu_C' 에서 찾을 수 없었습니다.
'HouseMenu_C' 컴파일이  Text_Sharpness 구하기  에 대해 되었는지 확인하세요.
[2016.07.08-11.06.44:334][  0]LogBlueprint:Warning: Compiler 경고 이름이 "Text_Mass" 인 함수를 'HouseMenu_C' 에서 찾을 수 없었습니다.
'HouseMenu_C' 컴파일이  Text_Mass 구하기  에 대해 되었는지 확인하세요.
[2016.07.08-11.06.44:335][  0]LogBlueprint:Error: Compiler 오류  Text Defense  와 연관된 프로퍼티를 찾지 못했습니다.
[2016.07.08-11.06.44:335][  0]LogBlueprint:Error: Compiler 오류  Text Name  와 연관된 프로퍼티를 찾지 못했습니다.
[2016.07.08-11.06.44:335][  0]LogBlueprint:Error: Compiler 오류  Text Material  와 연관된 프로퍼티를 찾지 못했습니다.
[2016.07.08-11.06.44:335][  0]LogBlueprint:Error: Compiler 오류  Text Mass  와 연관된 프로퍼티를 찾지 못했습니다.
[2016.07.08-11.06.44:335][  0]LogBlueprint:Error: Compiler 오류  Text Sharpness  와 연관된 프로퍼티를 찾지 못했습니다.
[2016.07.08-11.06.44:335][  0]LogBlueprint:Error: Compiler 오류  Text Attack  와 연관된 프로퍼티를 찾지 못했습니다.
[2016.07.08-11.06.44:335][  0]LogBlueprint:Error: Compiler 오류  Text Speed  와 연관된 프로퍼티를 찾지 못했습니다.
[2016.07.08-11.06.44:335][  0]LogBlueprint:Error: Compiler 오류  Text Critical  와 연관된 프로퍼티를 찾지 못했습니다.
[2016.07.08-11.06.44:335][  0]LogBlueprint:Error: Compiler 오류  Text Critical Percent  와 연관된 프로퍼티를 찾지 못했습니다.
[2016.07.08-11.06.44:341][  0]LogBlueprint:Warning: Compiler 경고 [0008.23] Initiation 컴파일에 실패했습니다. 치명적 문제 9 회, 경고 9 회, [소요시간 12 ms] (/Game/Blueprints/GameManager/Initiation.Initiation)
[2016.07.08-11.06.44:341][  0]LogBlueprint:Warning: Compiler 경고 [0008.23] Initiation 컴파일에 실패했습니다. 치명적 문제 9 회, 경고 10 회, [소요시간 0 ms] (/Game/Blueprints/GameManager/Initiation.Initiation)
[2016.07.08-11.06.44:341][  0]LogBlueprint:Warning: Compiler 경고 [0008.23] Initiation 컴파일에 실패했습니다. 치명적 문제 9 회, 경고 11 회, [소요시간 0 ms] (/Game/Blueprints/GameManager/Initiation.Initiation)
[2016.07.08-11.06.44:342][  0]LogBlueprint:Warning: [Initiation] CreatePinForVariable: 'Text_Mass' variable not found. Base class was probably changed.
[2016.07.08-11.06.44:342][  0]LogBlueprint:Warning: [Initiation] CreatePinForVariable: 'Text_Sharpness' variable not found. Base class was probably changed.
[2016.07.08-11.06.44:342][  0]LogBlueprint:Warning: [Initiation] CreatePinForVariable: 'Text_Material' variable not found. Base class was probably changed.
[2016.07.08-11.06.44:343][  0]LogBlueprint:Warning: [Initiation] CreatePinForVariable: 'Text_Name' variable not found. Base class was probably changed.
[2016.07.08-11.06.44:343][  0]LogBlueprint:Warning: [Initiation] CreatePinForVariable: 'Text_Attack' variable not found. Base class was probably changed.
[2016.07.08-11.06.44:343][  0]LogBlueprint:Warning: [Initiation] CreatePinForVariable: 'Text_Speed' variable not found. Base class was probably changed.
[2016.07.08-11.06.44:343][  0]LogBlueprint:Warning: [Initiation] CreatePinForVariable: 'Text_Critical' variable not found. Base class was probably changed.
[2016.07.08-11.06.44:343][  0]LogBlueprint:Warning: [Initiation] CreatePinForVariable: 'Text_CriticalPercent' variable not found. Base class was probably changed.
[2016.07.08-11.06.44:343][  0]LogBlueprint:Warning: [Initiation] CreatePinForVariable: 'Text_Defense' variable not found. Base class was probably changed.
[2016.07.08-11.06.45:149][  0]LogBlueprint:Error: Compiler 오류 이름이 "검 개방 힌트" 인 함수를 'Laboratory_C' 에서 찾을 수 없었습니다.
'Laboratory_C' 컴파일이  검 개방 힌트  에 대해 되었는지 확인하세요.
[2016.07.08-11.06.45:149][  0]LogBlueprint:Error: Compiler 오류 이름이 "검 개방 힌트" 인 함수를 'Laboratory_C' 에서 찾을 수 없었습니다.
'Laboratory_C' 컴파일이  검 개방 힌트  에 대해 되었는지 확인하세요.
[2016.07.08-11.06.45:185][  0]LogBlueprint:Warning: Compiler 경고 [0009.07] Laboratory 컴파일에 실패했습니다. 치명적 문제 2 회, 경고 0 회, [소요시간 74 ms] (/Game/Blueprints/HouseMenu/Laboratory.Laboratory)
[2016.07.08-11.06.45:185][  0]LogBlueprint:Warning: Compiler 경고 [0009.07] Laboratory 컴파일에 실패했습니다. 치명적 문제 2 회, 경고 1 회, [소요시간 0 ms] (/Game/Blueprints/HouseMenu/Laboratory.Laboratory)
[2016.07.08-11.06.45:185][  0]LogBlueprint:Warning: Compiler 경고 [0009.07] Laboratory 컴파일에 실패했습니다. 치명적 문제 2 회, 경고 2 회, [소요시간 0 ms] (/Game/Blueprints/HouseMenu/Laboratory.Laboratory)
[2016.07.08-11.06.46:546][  0]LogAIModule: Creating AISystem for world MainMap
[2016.07.08-11.06.46:607][  0]LogEditorServer: Finished looking for orphan Actors (0.000 secs)
[2016.07.08-11.06.46:607][  0]Cmd: MAP CHECKDEP NOCLEARLOG
[2016.07.08-11.06.46:670][  0]MapCheck: 정보 맵 체크 완료: 오류 0 회, 경고 0 회, 소요 시간 62.833ms.
[2016.07.08-11.06.46:670][  0]LogFileHelpers: Loading map 'MainMap' took 6.329
[2016.07.08-11.06.46:915][  0]LogCollectionManager: Loaded 1 collections in 0.001537 seconds
[2016.07.08-11.06.46:953][  0]LogFileCache: Scanning file cache for directory 'C:/Users/zxc99as/Documents/swordenhancemaster/SwordEnhanceMaster 4.12/Saved/Collections/' took 0.01s
[2016.07.08-11.06.46:953][  0]LogFileCache: Scanning file cache for directory 'C:/Users/zxc99as/Documents/swordenhancemaster/SwordEnhanceMaster 4.12/Content/Developers/zxc99as/Collections/' took 0.01s
[2016.07.08-11.06.46:953][  0]LogFileCache: Scanning file cache for directory 'C:/Users/zxc99as/Documents/swordenhancemaster/SwordEnhanceMaster 4.12/Content/Collections/' took 0.01s
[2016.07.08-11.06.46:953][  0]LogCollectionManager: Rebuilt the GUID cache for 1 collections in 0.000006 seconds
[2016.07.08-11.06.46:953][  0]LogCollectionManager: Rebuilt the hierarchy cache for 1 collections in 0.000000 seconds
[2016.07.08-11.06.46:962][  0]LogContentBrowser: Native class hierarchy populated in 0.0081 seconds. Added 2047 classes and 369 folders.
[2016.07.08-11.06.46:965][  0]LogStats: UGameplayTagsManager::ConstructGameplayTagTree: Construct from data asset -  0.000 s
[2016.07.08-11.06.46:965][  0]LogStats: UGameplayTagsManager::ConstructGameplayTagTree: GameplayTagTreeChangedEvent.Broadcast -  0.000 s
[2016.07.08-11.06.46:966][  0]LogContentBrowser: Native class hierarchy updated for 'GameplayTags' in 0.0004 seconds. Added 12 classes and 0 folders.
[2016.07.08-11.06.46:969][  0]LogContentBrowser: Native class hierarchy updated for 'WidgetCarousel' in 0.0003 seconds. Added 0 classes and 0 folders.
[2016.07.08-11.06.47:005][  0]LogContentBrowser: Native class hierarchy updated for 'AddContentDialog' in 0.0004 seconds. Added 0 classes and 0 folders.
[2016.07.08-11.06.47:008][  0]LogContentBrowser: Native class hierarchy updated for 'SceneOutliner' in 0.0003 seconds. Added 1 classes and 2 folders.
[2016.07.08-11.06.47:021][  0]LogCrashTracker: Crashtracker disabled due to settings.
[2016.07.08-11.06.47:026][  0]LogUObjectGlobals:Warning: 'Class 없음.' 오브젝트를 찾는 데 실패했습니다.
[2016.07.08-11.06.47:052][  0]LogContentBrowser: Native class hierarchy updated for 'HierarchicalLODOutliner' in 0.0004 seconds. Added 1 classes and 2 folders.
[2016.07.08-11.06.47:052][  0]LogLoad: Full Startup: 10.94 seconds (BP compile: 2.25 seconds)
[2016.07.08-11.06.47:052][  0]LogExternalProfiler: Found external profiler: VSPerf
[2016.07.08-11.06.47:052][  0]LogExternalProfiler: Using external profiler: VSPerf
[2016.07.08-11.06.47:065][  0]LogWindowsTextInputMethodSystem:Display: IME system now activated using TSF (Microsoft 입력기).
[2016.07.08-11.06.47:068][  0]LogOcInput: OculusInput pre-init called
[2016.07.08-11.06.47:242][  0]LogRenderer: Reallocating scene render targets to support 1208x580 (Frame:2).
[2016.07.08-11.06.47:338][  1]LogAssetRegistry: Asset discovery search completed in 8.6997 seconds
[2016.07.08-11.06.47:339][  1]LogCollectionManager: Rebuilt the object cache for 1 collections in 0.000008 seconds (found 0 objects)
[2016.07.08-11.06.47:339][  1]LogCollectionManager: Fixed up redirectors for 1 collections in 0.000037 seconds (updated 0 objects)
[2016.07.08-11.06.50:347][294]LogContentBrowser: Native class hierarchy updated for 'BlueprintGraph' in 0.0008 seconds. Added 111 classes and 0 folders.
[2016.07.08-11.07.39:485][ 80]BlueprintLog: New page: Enhancement 컴파일
[2016.07.08-11.07.39:709][ 80]LogBlueprint:Error: Compiler 오류 Internal Compiler Error:  Tried to create a property ingredientIndex in scope Enhancement_C, but IntProperty /Game/Blueprints/HouseMenu/HouseMenu.HouseMenu_C:ingredientIndex already exists there.
[2016.07.08-11.07.39:803][ 80]LogBlueprint:Error: Compiler 오류 Internal Compiler Error:  Tried to create a property ingredientIndex in scope Enhancement_C, but IntProperty /Game/Blueprints/HouseMenu/HouseMenu.HouseMenu_C:ingredientIndex already exists there.
[2016.07.08-11.07.41:067][ 80]LogBlueprint:Warning: Compiler 경고 [0064.95] Enhancement 컴파일에 실패했습니다. 치명적 문제 1 회, 경고 0 회, [소요시간 1,582 ms] (/Game/Blueprints/HouseMenu/Enhancement.Enhancement)
[2016.07.08-11.07.41:067][ 80]BlueprintEditorCompileResults:Error: 오류 Internal Compiler Error:  Tried to create a property ingredientIndex in scope Enhancement_C, but IntProperty /Game/Blueprints/HouseMenu/HouseMenu.HouseMenu_C:ingredientIndex already exists there.
[2016.07.08-11.07.41:067][ 80]BlueprintEditorCompileResults: 정보 실행 경로가 반환 노드로 끝나지 않습니다.  Row Not Found 
[2016.07.08-11.07.41:067][ 80]BlueprintEditorCompileResults: 정보 실행 경로가 반환 노드로 끝나지 않습니다.  Row Not Found 
[2016.07.08-11.07.41:067][ 80]BlueprintEditorCompileResults:Warning: 경고 [0064.95] Enhancement 컴파일에 실패했습니다. 치명적 문제 1 회, 경고 0 회, [소요시간 1,582 ms] (/Game/Blueprints/HouseMenu/Enhancement.Enhancement)
[2016.07.08-11.07.47:503][448]LogSavePackage: Save=163.67ms
[2016.07.08-11.07.47:503][448]LogSavePackage: Moving '../../../../../../Users/zxc99as/Documents/swordenhancemaster/SwordEnhanceMaster 4.12/Saved/MainMapD56C9E0542407C5B4F092A8722AF242F.tmp' to '../../../../../../Users/zxc99as/Documents/swordenhancemaster/SwordEnhanceMaster 4.12/Content/Maps/MainMap.umap'
[2016.07.08-11.07.47:506][448]LogSavePackage:Display: Finished SavePackage ../../../../../../Users/zxc99as/Documents/swordenhancemaster/SwordEnhanceMaster 4.12/Content/Maps/MainMap.umap
[2016.07.08-11.07.47:539][448]LogFileHelpers: Saving map 'MainMap' took 0.311
[2016.07.08-11.07.47:631][448]LogSavePackage: Save=76.02ms
[2016.07.08-11.07.47:631][448]LogSavePackage: Moving '../../../../../../Users/zxc99as/Documents/swordenhancemaster/SwordEnhanceMaster 4.12/Saved/HouseMenu3D4B50CC43B9AD5818E8719507C34A23.tmp' to '../../../../../../Users/zxc99as/Documents/swordenhancemaster/SwordEnhanceMaster 4.12/Content/Blueprints/HouseMenu/HouseMenu.uasset'
[2016.07.08-11.07.47:634][448]LogSavePackage:Display: Finished SavePackage ../../../../../../Users/zxc99as/Documents/swordenhancemaster/SwordEnhanceMaster 4.12/Content/Blueprints/HouseMenu/HouseMenu.uasset
[2016.07.08-11.07.48:223][448]LogSavePackage: Save=573.16ms
[2016.07.08-11.07.48:223][448]LogSavePackage: Moving '../../../../../../Users/zxc99as/Documents/swordenhancemaster/SwordEnhanceMaster 4.12/Saved/EnhancementD2875F2E4A8CB7AFC41EDA8AB5698C11.tmp' to '../../../../../../Users/zxc99as/Documents/swordenhancemaster/SwordEnhanceMaster 4.12/Content/Blueprints/HouseMenu/Enhancement.uasset'
[2016.07.08-11.07.48:226][448]LogSavePackage:Display: Finished SavePackage ../../../../../../Users/zxc99as/Documents/swordenhancemaster/SwordEnhanceMaster 4.12/Content/Blueprints/HouseMenu/Enhancement.uasset
[2016.07.08-11.07.48:784][482]BlueprintLog: New page: HouseMenu 컴파일
[2016.07.08-11.07.48:930][482]LogBlueprint:Warning: [Initiation] CreatePinForVariable: 'Text_Mass' variable not found. Base class was probably changed.
[2016.07.08-11.07.48:930][482]LogBlueprint:Warning: [Initiation] CreatePinForVariable: 'Text_Sharpness' variable not found. Base class was probably changed.
[2016.07.08-11.07.48:930][482]LogBlueprint:Warning: [Initiation] CreatePinForVariable: 'Text_Material' variable not found. Base class was probably changed.
[2016.07.08-11.07.48:930][482]LogBlueprint:Warning: [Initiation] CreatePinForVariable: 'Text_Name' variable not found. Base class was probably changed.
[2016.07.08-11.07.48:930][482]LogBlueprint:Warning: [Initiation] CreatePinForVariable: 'Text_Attack' variable not found. Base class was probably changed.
[2016.07.08-11.07.48:930][482]LogBlueprint:Warning: [Initiation] CreatePinForVariable: 'Text_Speed' variable not found. Base class was probably changed.
[2016.07.08-11.07.48:930][482]LogBlueprint:Warning: [Initiation] CreatePinForVariable: 'Text_Critical' variable not found. Base class was probably changed.
[2016.07.08-11.07.48:930][482]LogBlueprint:Warning: [Initiation] CreatePinForVariable: 'Text_CriticalPercent' variable not found. Base class was probably changed.
[2016.07.08-11.07.48:930][482]LogBlueprint:Warning: [Initiation] CreatePinForVariable: 'Text_Defense' variable not found. Base class was probably changed.
[2016.07.08-11.07.49:094][482]LogBlueprint:Warning: USimpleConstructionScript::FixupRootNodeParentReferences() - Couldn't find inherited parent component 'Scene' for 'Scene_0' in BlueprintGeneratedClass 'REINST_Enhancement_C_165' (it may have been removed)
[2016.07.08-11.07.49:168][482]LogBlueprint:Error: Compiler 오류  Ingredient Index  와 연관된 프로퍼티를 찾지 못했습니다.
[2016.07.08-11.07.49:174][482]LogBlueprint:Error: Compiler 오류  Ingredient Index  와 연관된 프로퍼티를 찾지 못했습니다.
[2016.07.08-11.07.49:174][482]LogBlueprint:Error: Compiler 오류  Ingredient Index  와 연관된 프로퍼티를 찾지 못했습니다.
[2016.07.08-11.07.49:174][482]LogBlueprint:Error: Compiler 오류  Ingredient Index  와 연관된 프로퍼티를 찾지 못했습니다.
[2016.07.08-11.07.49:174][482]LogBlueprint:Error: Compiler 오류  Ingredient Index  와 연관된 프로퍼티를 찾지 못했습니다.
[2016.07.08-11.07.49:174][482]LogBlueprint:Error: Compiler 오류  Ingredient Index  와 연관된 프로퍼티를 찾지 못했습니다.
[2016.07.08-11.07.49:174][482]LogBlueprint:Error: Compiler 오류  Ingredient Index  와 연관된 프로퍼티를 찾지 못했습니다.
[2016.07.08-11.07.49:175][482]LogBlueprint:Error: Compiler 오류  Ingredient Index  와 연관된 프로퍼티를 찾지 못했습니다.
[2016.07.08-11.07.49:176][482]LogBlueprint:Error: Compiler 오류  Ingredient Index  와 연관된 프로퍼티를 찾지 못했습니다.
[2016.07.08-11.07.49:176][482]LogBlueprint:Error: Compiler 오류  Ingredient Index  와 연관된 프로퍼티를 찾지 못했습니다.
[2016.07.08-11.07.49:177][482]LogBlueprint:Error: Compiler 오류  Ingredient Index  와 연관된 프로퍼티를 찾지 못했습니다.
[2016.07.08-11.07.49:178][482]LogBlueprint:Error: Compiler 오류  Ingredient Index  와 연관된 프로퍼티를 찾지 못했습니다.
[2016.07.08-11.07.49:178][482]LogBlueprint:Error: Compiler 오류  Ingredient Index  와 연관된 프로퍼티를 찾지 못했습니다.
[2016.07.08-11.07.49:335][482]LogBlueprint:Warning: USimpleConstructionScript::FixupRootNodeParentReferences() - Couldn't find inherited parent component 'Scene' for 'Scene_0' in BlueprintGeneratedClass 'REINST_HouseMain_C_169' (it may have been removed)
[2016.07.08-11.07.49:430][482]LogBlueprint:Warning: USimpleConstructionScript::FixupRootNodeParentReferences() - Couldn't find inherited parent component 'Scene' for 'Scene_0' in BlueprintGeneratedClass 'REINST_Laboratory_C_171' (it may have been removed)
[2016.07.08-11.07.49:464][482]LogBlueprint:Error: Compiler 오류 이름이 "검 개방 힌트" 인 함수를 'Laboratory_C' 에서 찾을 수 없었습니다.
'Laboratory_C' 컴파일이  검 개방 힌트  에 대해 되었는지 확인하세요.
[2016.07.08-11.07.49:464][482]LogBlueprint:Error: Compiler 오류 이름이 "검 개방 힌트" 인 함수를 'Laboratory_C' 에서 찾을 수 없었습니다.
'Laboratory_C' 컴파일이  검 개방 힌트  에 대해 되었는지 확인하세요.
[2016.07.08-11.07.49:549][482]LogBlueprint:Warning: Compiler 경고 이름이 "Text_Defense" 인 함수를 'HouseMenu_C' 에서 찾을 수 없었습니다.
'HouseMenu_C' 컴파일이  Text_Defense 구하기  에 대해 되었는지 확인하세요.
[2016.07.08-11.07.49:549][482]LogBlueprint:Warning: Compiler 경고 이름이 "Text_CriticalPercent" 인 함수를 'HouseMenu_C' 에서 찾을 수 없었습니다.
'HouseMenu_C' 컴파일이  Text_CriticalPercent 구하기  에 대해 되었는지 확인하세요.
[2016.07.08-11.07.49:549][482]LogBlueprint:Warning: Compiler 경고 이름이 "Text_Critical" 인 함수를 'HouseMenu_C' 에서 찾을 수 없었습니다.
'HouseMenu_C' 컴파일이  Text_Critical 구하기  에 대해 되었는지 확인하세요.
[2016.07.08-11.07.49:549][482]LogBlueprint:Warning: Compiler 경고 이름이 "Text_Speed" 인 함수를 'HouseMenu_C' 에서 찾을 수 없었습니다.
'HouseMenu_C' 컴파일이  Text_Speed 구하기  에 대해 되었는지 확인하세요.
[2016.07.08-11.07.49:549][482]LogBlueprint:Warning: Compiler 경고 이름이 "Text_Attack" 인 함수를 'HouseMenu_C' 에서 찾을 수 없었습니다.
'HouseMenu_C' 컴파일이  Text_Attack 구하기  에 대해 되었는지 확인하세요.
[2016.07.08-11.07.49:549][482]LogBlueprint:Warning: Compiler 경고 이름이 "Text_Name" 인 함수를 'HouseMenu_C' 에서 찾을 수 없었습니다.
'HouseMenu_C' 컴파일이  Text_Name 구하기  에 대해 되었는지 확인하세요.
[2016.07.08-11.07.49:549][482]LogBlueprint:Warning: Compiler 경고 이름이 "Text_Material" 인 함수를 'HouseMenu_C' 에서 찾을 수 없었습니다.
'HouseMenu_C' 컴파일이  Text_Material 구하기  에 대해 되었는지 확인하세요.
[2016.07.08-11.07.49:550][482]LogBlueprint:Warning: Compiler 경고 이름이 "Text_Sharpness" 인 함수를 'HouseMenu_C' 에서 찾을 수 없었습니다.
'HouseMenu_C' 컴파일이  Text_Sharpness 구하기  에 대해 되었는지 확인하세요.
[2016.07.08-11.07.49:550][482]LogBlueprint:Warning: Compiler 경고 이름이 "Text_Mass" 인 함수를 'HouseMenu_C' 에서 찾을 수 없었습니다.
'HouseMenu_C' 컴파일이  Text_Mass 구하기  에 대해 되었는지 확인하세요.
[2016.07.08-11.07.49:550][482]LogBlueprint:Error: Compiler 오류  Text Defense  와 연관된 프로퍼티를 찾지 못했습니다.
[2016.07.08-11.07.49:550][482]LogBlueprint:Error: Compiler 오류  Text Name  와 연관된 프로퍼티를 찾지 못했습니다.
[2016.07.08-11.07.49:550][482]LogBlueprint:Error: Compiler 오류  Text Material  와 연관된 프로퍼티를 찾지 못했습니다.
[2016.07.08-11.07.49:550][482]LogBlueprint:Error: Compiler 오류  Text Mass  와 연관된 프로퍼티를 찾지 못했습니다.
[2016.07.08-11.07.49:550][482]LogBlueprint:Error: Compiler 오류  Text Sharpness  와 연관된 프로퍼티를 찾지 못했습니다.
[2016.07.08-11.07.49:551][482]LogBlueprint:Error: Compiler 오류  Text Attack  와 연관된 프로퍼티를 찾지 못했습니다.
[2016.07.08-11.07.49:551][482]LogBlueprint:Error: Compiler 오류  Text Speed  와 연관된 프로퍼티를 찾지 못했습니다.
[2016.07.08-11.07.49:551][482]LogBlueprint:Error: Compiler 오류  Text Critical  와 연관된 프로퍼티를 찾지 못했습니다.
[2016.07.08-11.07.49:551][482]LogBlueprint:Error: Compiler 오류  Text Critical Percent  와 연관된 프로퍼티를 찾지 못했습니다.
[2016.07.08-11.07.49:622][482]LogBlueprint:Error: Compiler 오류  Ingredient Index  와 연관된 프로퍼티를 찾지 못했습니다.
[2016.07.08-11.07.49:628][482]LogBlueprint:Error: Compiler 오류  Ingredient Index  와 연관된 프로퍼티를 찾지 못했습니다.
[2016.07.08-11.07.49:628][482]LogBlueprint:Error: Compiler 오류  Ingredient Index  와 연관된 프로퍼티를 찾지 못했습니다.
[2016.07.08-11.07.49:628][482]LogBlueprint:Error: Compiler 오류  Ingredient Index  와 연관된 프로퍼티를 찾지 못했습니다.
[2016.07.08-11.07.49:628][482]LogBlueprint:Error: Compiler 오류  Ingredient Index  와 연관된 프로퍼티를 찾지 못했습니다.
[2016.07.08-11.07.49:628][482]LogBlueprint:Error: Compiler 오류  Ingredient Index  와 연관된 프로퍼티를 찾지 못했습니다.
[2016.07.08-11.07.49:629][482]LogBlueprint:Error: Compiler 오류  Ingredient Index  와 연관된 프로퍼티를 찾지 못했습니다.
[2016.07.08-11.07.49:629][482]LogBlueprint:Error: Compiler 오류  Ingredient Index  와 연관된 프로퍼티를 찾지 못했습니다.
[2016.07.08-11.07.49:630][482]LogBlueprint:Error: Compiler 오류  Ingredient Index  와 연관된 프로퍼티를 찾지 못했습니다.
[2016.07.08-11.07.49:630][482]LogBlueprint:Error: Compiler 오류  Ingredient Index  와 연관된 프로퍼티를 찾지 못했습니다.
[2016.07.08-11.07.49:631][482]LogBlueprint:Error: Compiler 오류  Ingredient Index  와 연관된 프로퍼티를 찾지 못했습니다.
[2016.07.08-11.07.49:632][482]LogBlueprint:Error: Compiler 오류  Ingredient Index  와 연관된 프로퍼티를 찾지 못했습니다.
[2016.07.08-11.07.49:632][482]LogBlueprint:Error: Compiler 오류  Ingredient Index  와 연관된 프로퍼티를 찾지 못했습니다.
[2016.07.08-11.07.49:727][482]LogBlueprint:Error: Compiler 오류 이름이 "검 개방 힌트" 인 함수를 'Laboratory_C' 에서 찾을 수 없었습니다.
'Laboratory_C' 컴파일이  검 개방 힌트  에 대해 되었는지 확인하세요.
[2016.07.08-11.07.49:728][482]LogBlueprint:Error: Compiler 오류 이름이 "검 개방 힌트" 인 함수를 'Laboratory_C' 에서 찾을 수 없었습니다.
'Laboratory_C' 컴파일이  검 개방 힌트  에 대해 되었는지 확인하세요.
[2016.07.08-11.07.50:909][482]BlueprintEditorCompileResults: 정보 [0074.80] HouseMenu 컴파일에 성공했습니다! [소요시간 2,125 ms] (/Game/Blueprints/HouseMenu/HouseMenu.HouseMenu)
[2016.07.08-11.08.01:037][ 93]LogActorComponent: UnregisterComponent: (/Engine/Transient.EditorFloorComp) Not registered. Aborting.
[2016.07.08-11.08.04:042][130]LogSavePackage: Save=189.10ms
[2016.07.08-11.08.04:042][130]LogSavePackage: Moving '../../../../../../Users/zxc99as/Documents/swordenhancemaster/SwordEnhanceMaster 4.12/Saved/MainMap845E6B67431D71896DE915842761478B.tmp' to '../../../../../../Users/zxc99as/Documents/swordenhancemaster/SwordEnhanceMaster 4.12/Content/Maps/MainMap.umap'
[2016.07.08-11.08.04:044][130]LogSavePackage:Display: Finished SavePackage ../../../../../../Users/zxc99as/Documents/swordenhancemaster/SwordEnhanceMaster 4.12/Content/Maps/MainMap.umap
[2016.07.08-11.08.04:076][130]LogFileHelpers: Saving map 'MainMap' took 0.429
[2016.07.08-11.08.04:171][130]LogWindowsTextInputMethodSystem:Display: IME system now activated using TSF (Microsoft 입력기).
[2016.07.08-11.08.04:340][131]Cmd: QUIT_EDITOR
[2016.07.08-11.08.04:406][131]LogExit: Preparing to exit.
[2016.07.08-11.08.05:691][131]LogExit: Editor shut down
[2016.07.08-11.08.05:692][131]LogExit: Transaction tracking system shut down
[2016.07.08-11.08.05:855][131]LogObj: Freed 0b from 0 cluster array pools.
[2016.07.08-11.08.05:856][131]LogExit: Object subsystem successfully closed.
[2016.07.08-11.08.05:869][131]LogD3D11RHI: Shutdown
[2016.07.08-11.08.05:869][131]LogD3D11RHI: CleanupD3DDevice
[2016.07.08-11.08.05:918][131]LogD3D11RHI: ~FD3D11DynamicRHI
[2016.07.08-11.08.05:932][131]LogModuleManager: Shutting down and abandoning module BlueprintGraph (214)
[2016.07.08-11.08.05:932][131]LogModuleManager: Shutting down and abandoning module HierarchicalLODOutliner (213)
[2016.07.08-11.08.05:932][131]LogModuleManager: Shutting down and abandoning module CrashTracker (212)
[2016.07.08-11.08.05:932][131]LogModuleManager: Shutting down and abandoning module SceneOutliner (211)
[2016.07.08-11.08.05:932][131]LogModuleManager: Shutting down and abandoning module WidgetCarousel (210)
[2016.07.08-11.08.05:932][131]LogModuleManager: Shutting down and abandoning module AddContentDialog (209)
[2016.07.08-11.08.05:933][131]LogModuleManager: Shutting down and abandoning module GameplayTags (208)
[2016.07.08-11.08.05:933][131]LogModuleManager: Shutting down and abandoning module EditorWidgets (207)
[2016.07.08-11.08.05:933][131]LogModuleManager: Shutting down and abandoning module CollectionManager (206)
[2016.07.08-11.08.05:933][131]LogModuleManager: Shutting down and abandoning module StatsViewer (205)
[2016.07.08-11.08.05:933][131]LogModuleManager: Shutting down and abandoning module FoliageEdit (204)
[2016.07.08-11.08.05:933][131]LogModuleManager: Shutting down and abandoning module LandscapeEditor (203)
[2016.07.08-11.08.05:933][131]LogModuleManager: Shutting down and abandoning module SceneDepthPickerMode (202)
[2016.07.08-11.08.05:933][131]LogModuleManager: Shutting down and abandoning module ActorPickerMode (201)
[2016.07.08-11.08.05:933][131]LogModuleManager: Shutting down and abandoning module GeometryMode (200)
[2016.07.08-11.08.05:933][131]LogModuleManager: Shutting down and abandoning module TextureAlignMode (199)
[2016.07.08-11.08.05:933][131]LogModuleManager: Shutting down and abandoning module BspMode (198)
[2016.07.08-11.08.05:933][131]LogModuleManager: Shutting down and abandoning module HardwareSurvey (197)
[2016.07.08-11.08.05:933][131]LogModuleManager: Shutting down and abandoning module SequenceRecorderSections (196)
[2016.07.08-11.08.05:933][131]LogModuleManager: Shutting down and abandoning module SequenceRecorder (195)
[2016.07.08-11.08.05:933][131]LogModuleManager: Shutting down and abandoning module AutomationWorker (194)
[2016.07.08-11.08.05:933][131]LogModuleManager: Shutting down and abandoning module MatineeToLevelSequence (193)
[2016.07.08-11.08.05:933][131]LogModuleManager: Shutting down and abandoning module PlacementMode (192)
[2016.07.08-11.08.05:933][131]LogModuleManager: Shutting down and abandoning module LevelSequenceEditor (191)
[2016.07.08-11.08.05:934][131]LogModuleManager: Shutting down and abandoning module CharacterAI (190)
[2016.07.08-11.08.05:934][131]LogModuleManager: Shutting down and abandoning module SmartSnapping (189)
[2016.07.08-11.08.05:934][131]LogModuleManager: Shutting down and abandoning module SessionServices (188)
[2016.07.08-11.08.05:934][131]LogModuleManager: Shutting down and abandoning module ViewportSnapping (187)
[2016.07.08-11.08.05:934][131]LogModuleManager: Shutting down and abandoning module LogVisualizer (186)
[2016.07.08-11.08.05:934][131]LogModuleManager: Shutting down and abandoning module GameProjectGeneration (185)
[2016.07.08-11.08.05:934][131]LogModuleManager: Shutting down and abandoning module IntroTutorials (184)
[2016.07.08-11.08.05:934][131]LogModuleManager: Shutting down and abandoning module EditorLiveStreaming (183)
[2016.07.08-11.08.05:934][131]LogModuleManager: Shutting down and abandoning module IOSPlatformEditor (182)
[2016.07.08-11.08.05:934][131]LogModuleManager: Shutting down and abandoning module HTML5PlatformEditor (181)
[2016.07.08-11.08.05:934][131]LogModuleManager: Shutting down and abandoning module AndroidDeviceDetection (180)
[2016.07.08-11.08.06:266][131]LogModuleManager: Shutting down and abandoning module AndroidPlatformEditor (179)
[2016.07.08-11.08.06:266][131]LogModuleManager: Shutting down and abandoning module IOSRuntimeSettings (178)
[2016.07.08-11.08.06:266][131]LogModuleManager: Shutting down and abandoning module AndroidRuntimeSettings (177)
[2016.07.08-11.08.06:266][131]LogModuleManager: Shutting down and abandoning module MergeActors (176)
[2016.07.08-11.08.06:266][131]LogModuleManager: Shutting down and abandoning module SizeMap (175)
[2016.07.08-11.08.06:266][131]LogModuleManager: Shutting down and abandoning module TreeMap (174)
[2016.07.08-11.08.06:266][131]LogModuleManager: Shutting down and abandoning module ReferenceViewer (173)
[2016.07.08-11.08.06:266][131]LogModuleManager: Shutting down and abandoning module LocalizationService (172)
[2016.07.08-11.08.06:266][131]LogModuleManager: Shutting down and abandoning module LocalizationDashboard (171)
[2016.07.08-11.08.06:266][131]LogModuleManager: Shutting down and abandoning module HardwareTargeting (170)
[2016.07.08-11.08.06:266][131]LogModuleManager: Shutting down and abandoning module DeviceProfileEditor (169)
[2016.07.08-11.08.06:266][131]LogModuleManager: Shutting down and abandoning module UndoHistory (168)
[2016.07.08-11.08.06:266][131]LogModuleManager: Shutting down and abandoning module UserFeedback (167)
[2016.07.08-11.08.06:266][131]LogModuleManager: Shutting down and abandoning module XmlParser (166)
[2016.07.08-11.08.06:266][131]LogModuleManager: Shutting down and abandoning module Blutility (165)
[2016.07.08-11.08.06:266][131]LogModuleManager: Shutting down and abandoning module ProjectTargetPlatformEditor (164)
[2016.07.08-11.08.06:267][131]LogModuleManager: Shutting down and abandoning module ProjectSettingsViewer (163)
[2016.07.08-11.08.06:267][131]LogModuleManager: Shutting down and abandoning module InputBindingEditor (162)
[2016.07.08-11.08.06:267][131]LogModuleManager: Shutting down and abandoning module EditorSettingsViewer (161)
[2016.07.08-11.08.06:267][131]LogModuleManager: Shutting down and abandoning module SettingsEditor (160)
[2016.07.08-11.08.06:267][131]LogModuleManager: Shutting down and abandoning module ProjectLauncher (159)
[2016.07.08-11.08.06:267][131]LogModuleManager: Shutting down and abandoning module SessionFrontend (158)
[2016.07.08-11.08.06:267][131]LogModuleManager: Shutting down and abandoning module ProfilerClient (157)
[2016.07.08-11.08.06:267][131]LogModuleManager: Shutting down and abandoning module TargetDeviceServices (156)
[2016.07.08-11.08.06:267][131]LogModuleManager: Shutting down and abandoning module DeviceManager (155)
[2016.07.08-11.08.06:300][131]LogModuleManager: Shutting down and abandoning module AutomationController (154)
[2016.07.08-11.08.06:300][131]LogModuleManager: Shutting down and abandoning module AutomationWindow (153)
[2016.07.08-11.08.06:300][131]LogModuleManager: Shutting down and abandoning module Layers (152)
[2016.07.08-11.08.06:300][131]LogModuleManager: Shutting down and abandoning module ComponentVisualizers (151)
[2016.07.08-11.08.06:300][131]LogModuleManager: Shutting down and abandoning module DetailCustomizations (150)
[2016.07.08-11.08.06:300][131]LogModuleManager: Shutting down and abandoning module PackagesDialog (149)
[2016.07.08-11.08.06:300][131]LogModuleManager: Shutting down and abandoning module Persona (148)
[2016.07.08-11.08.06:300][131]LogModuleManager: Shutting down and abandoning module Kismet (147)
[2016.07.08-11.08.06:300][131]LogModuleManager: Shutting down and abandoning module GraphEditor (146)
[2016.07.08-11.08.06:300][131]LogModuleManager: Shutting down and abandoning module ClassViewer (145)
[2016.07.08-11.08.06:300][131]LogModuleManager: Shutting down and abandoning module Toolbox (144)
[2016.07.08-11.08.06:300][131]LogModuleManager: Shutting down and abandoning module ModuleUI (143)
[2016.07.08-11.08.06:300][131]LogModuleManager: Shutting down and abandoning module MovieSceneTools (142)
[2016.07.08-11.08.06:300][131]LogModuleManager: Shutting down and abandoning module OutputLog (141)
[2016.07.08-11.08.06:300][131]LogModuleManager: Shutting down and abandoning module GammaUI (140)
[2016.07.08-11.08.06:300][131]LogModuleManager: Shutting down and abandoning module Documentation (139)
[2016.07.08-11.08.06:300][131]LogModuleManager: Shutting down and abandoning module StreamingPauseRendering (138)
[2016.07.08-11.08.06:300][131]LogModuleManager: Shutting down and abandoning module AnalyticsET (137)
[2016.07.08-11.08.06:300][131]LogModuleManager: Shutting down and abandoning module Analytics (136)
[2016.07.08-11.08.06:300][131]LogModuleManager: Shutting down and abandoning module PortalServices (135)
[2016.07.08-11.08.06:300][131]LogModuleManager: Shutting down and abandoning module PortalRpc (134)
[2016.07.08-11.08.06:300][131]LogModuleManager: Shutting down and abandoning module MessagingRpc (133)
[2016.07.08-11.08.06:300][131]LogModuleManager: Shutting down and abandoning module GameplayDebugger (132)
[2016.07.08-11.08.06:300][131]LogModuleManager: Shutting down and abandoning module AITestSuite (131)
[2016.07.08-11.08.06:300][131]LogModuleManager: Shutting down and abandoning module AIModule (130)
[2016.07.08-11.08.06:301][131]LogModuleManager: Shutting down and abandoning module ProfilerService (129)
[2016.07.08-11.08.06:368][131]LogModuleManager: Shutting down and abandoning module TaskGraph (128)
[2016.07.08-11.08.06:368][131]LogModuleManager: Shutting down and abandoning module SlateRemote (127)
[2016.07.08-11.08.06:369][131]LogModuleManager: Shutting down and abandoning module SteamVRController (126)
[2016.07.08-11.08.06:369][131]LogModuleManager: Shutting down and abandoning module SteamVR (125)
[2016.07.08-11.08.06:369][131]LogModuleManager: Shutting down and abandoning module ProceduralMeshComponent (124)
[2016.07.08-11.08.06:369][131]LogModuleManager: Shutting down and abandoning module OculusLibrary (123)
[2016.07.08-11.08.06:369][131]LogModuleManager: Shutting down and abandoning module OculusInput (122)
[2016.07.08-11.08.06:369][131]LogModuleManager: Shutting down and abandoning module CustomMeshComponent (121)
[2016.07.08-11.08.06:369][131]LogModuleManager: Shutting down and abandoning module CableComponent (120)
[2016.07.08-11.08.06:369][131]LogModuleManager: Shutting down and abandoning module ArchVisCharacter (119)
[2016.07.08-11.08.06:369][131]LogModuleManager: Shutting down and abandoning module MediaPlayerEditor (118)
[2016.07.08-11.08.06:369][131]LogModuleManager: Shutting down and abandoning module HTML5Networking (117)
[2016.07.08-11.08.06:369][131]LogModuleManager: Shutting down and abandoning module SuperSearch (116)
[2016.07.08-11.08.06:369][131]LogModuleManager: Shutting down and abandoning module SuperSearchEditor (115)
[2016.07.08-11.08.06:369][131]LogModuleManager: Shutting down and abandoning module SpeedTreeImporter (114)
[2016.07.08-11.08.06:369][131]LogModuleManager: Shutting down and abandoning module PluginBrowser (113)
[2016.07.08-11.08.06:369][131]LogModuleManager: Shutting down and abandoning module EpicSurvey (112)
[2016.07.08-11.08.06:369][131]LogModuleManager: Shutting down and abandoning module DesktopPlatform (111)
[2016.07.08-11.08.06:369][131]LogModuleManager: Shutting down and abandoning module VisualStudioSourceCodeAccess (110)
[2016.07.08-11.08.06:369][131]LogModuleManager: Shutting down and abandoning module UObjectPlugin (109)
[2016.07.08-11.08.06:369][131]LogModuleManager: Shutting down and abandoning module SubversionSourceControl (108)
[2016.07.08-11.08.06:369][131]LogModuleManager: Shutting down and abandoning module PerforceSourceControl (107)
[2016.07.08-11.08.06:369][131]LogModuleManager: Shutting down and abandoning module SourceControl (106)
[2016.07.08-11.08.06:369][131]LogModuleManager: Shutting down and abandoning module GitSourceControl (105)
[2016.07.08-11.08.06:369][131]LogModuleManager: Shutting down and abandoning module LightPropagationVolumeEditor (104)
[2016.07.08-11.08.06:369][131]LogModuleManager: Shutting down and abandoning module PaperTiledImporter (103)
[2016.07.08-11.08.06:369][131]LogModuleManager: Shutting down and abandoning module PaperSpriteSheetImporter (102)
[2016.07.08-11.08.06:369][131]LogModuleManager: Shutting down and abandoning module MeshPaint (101)
[2016.07.08-11.08.06:369][131]LogModuleManager: Shutting down and abandoning module PixelInspectorModule (100)
[2016.07.08-11.08.06:369][131]LogModuleManager: Shutting down and abandoning module HotReload (99)
[2016.07.08-11.08.06:370][131]LogModuleManager: Shutting down and abandoning module MainFrame (98)
[2016.07.08-11.08.06:370][131]LogModuleManager: Shutting down and abandoning module LevelEditor (97)
[2016.07.08-11.08.06:370][131]LogModuleManager: Shutting down and abandoning module ContentBrowser (96)
[2016.07.08-11.08.06:371][131]LogModuleManager: Shutting down and abandoning module Paper2DEditor (95)
[2016.07.08-11.08.06:371][131]LogModuleManager: Shutting down and abandoning module UdpMessaging (94)
[2016.07.08-11.08.06:472][131]LogModuleManager: Shutting down and abandoning module LightPropagationVolumeRuntime (93)
[2016.07.08-11.08.06:472][131]LogModuleManager: Shutting down and abandoning module Paper2D (92)
[2016.07.08-11.08.06:472][131]LogModuleManager: Shutting down and abandoning module WindowsMoviePlayer (91)
[2016.07.08-11.08.06:472][131]LogModuleManager: Shutting down and abandoning module Media (90)
[2016.07.08-11.08.06:472][131]LogModuleManager: Shutting down and abandoning module WmfMedia (89)
[2016.07.08-11.08.06:472][131]LogModuleManager: Shutting down and abandoning module MediaAssets (88)
[2016.07.08-11.08.06:472][131]LogModuleManager: Shutting down and abandoning module GameLiveStreaming (87)
[2016.07.08-11.08.06:472][131]LogModuleManager: Shutting down and abandoning module GameplayTagsEditor (86)
[2016.07.08-11.08.06:472][131]LogModuleManager: Shutting down and abandoning module OnlineBlueprintSupport (85)
[2016.07.08-11.08.06:472][131]LogModuleManager: Shutting down and abandoning module VREditor (84)
[2016.07.08-11.08.06:472][131]LogModuleManager: Shutting down and abandoning module GameplayTasksEditor (83)
[2016.07.08-11.08.06:472][131]LogModuleManager: Shutting down and abandoning module PropertyEditor (82)
[2016.07.08-11.08.06:472][131]LogModuleManager: Shutting down and abandoning module BehaviorTreeEditor (81)
[2016.07.08-11.08.06:472][131]LogModuleManager: Shutting down and abandoning module FunctionalTesting (80)
[2016.07.08-11.08.06:472][131]LogModuleManager: Shutting down and abandoning module CollisionAnalyzer (79)
[2016.07.08-11.08.06:472][131]LogModuleManager: Shutting down and abandoning module Sequencer (78)
[2016.07.08-11.08.06:472][131]LogModuleManager: Shutting down and abandoning module WorkspaceMenuStructure (77)
[2016.07.08-11.08.06:472][131]LogModuleManager: Shutting down and abandoning module MessageLog (76)
[2016.07.08-11.08.06:472][131]LogModuleManager: Shutting down and abandoning module AssetTools (75)
[2016.07.08-11.08.06:472][131]LogModuleManager: Shutting down and abandoning module UMGEditor (74)
[2016.07.08-11.08.06:472][131]LogModuleManager: Shutting down and abandoning module UMG (73)
[2016.07.08-11.08.06:472][131]LogModuleManager: Shutting down and abandoning module SlateReflector (72)
[2016.07.08-11.08.06:472][131]LogModuleManager: Shutting down and abandoning module Slate (71)
[2016.07.08-11.08.06:472][131]LogModuleManager: Shutting down and abandoning module EditorStyle (70)
[2016.07.08-11.08.06:475][131]LogModuleManager: Shutting down and abandoning module SourceCodeAccess (69)
[2016.07.08-11.08.06:475][131]LogModuleManager: Shutting down and abandoning module HeadMountedDisplay (68)
[2016.07.08-11.08.06:475][131]LogModuleManager: Shutting down and abandoning module XAudio2 (67)
[2016.07.08-11.08.06:475][131]LogModuleManager: Shutting down and abandoning module Networking (65)
[2016.07.08-11.08.06:475][131]LogModuleManager: Shutting down and abandoning module Core (64)
[2016.07.08-11.08.06:475][131]LogModuleManager: Shutting down and abandoning module DirectoryWatcher (63)
[2016.07.08-11.08.06:475][131]LogModuleManager: Shutting down and abandoning module AssetRegistry (62)
[2016.07.08-11.08.06:570][131]LogModuleManager: Shutting down and abandoning module KismetCompiler (61)
[2016.07.08-11.08.06:571][131]LogModuleManager: Shutting down and abandoning module PhysXFormats (60)
[2016.07.08-11.08.06:571][131]LogModuleManager: Shutting down and abandoning module MeshUtilities (59)
[2016.07.08-11.08.06:571][131]LogModuleManager: Shutting down and abandoning module DerivedDataCache (58)
[2016.07.08-11.08.06:657][131]LogDerivedDataCache: Shutdown
[2016.07.08-11.08.06:657][131]LogModuleManager: Shutting down and abandoning module VulkanShaderFormat (57)
[2016.07.08-11.08.06:657][131]LogModuleManager: Shutting down and abandoning module ShaderFormatOpenGL (56)
[2016.07.08-11.08.06:657][131]LogModuleManager: Shutting down and abandoning module ShaderFormatD3D (55)
[2016.07.08-11.08.06:657][131]LogModuleManager: Shutting down and abandoning module MetalShaderFormat (54)
[2016.07.08-11.08.06:657][131]LogModuleManager: Shutting down and abandoning module TextureFormatUncompressed (53)
[2016.07.08-11.08.06:657][131]LogModuleManager: Shutting down and abandoning module TextureFormatPVR (52)
[2016.07.08-11.08.06:657][131]LogModuleManager: Shutting down and abandoning module TextureFormatIntelISPCTexComp (51)
[2016.07.08-11.08.06:658][131]LogModuleManager: Shutting down and abandoning module TextureFormatDXT (50)
[2016.07.08-11.08.06:658][131]LogModuleManager: Shutting down and abandoning module ImageWrapper (49)
[2016.07.08-11.08.06:658][131]LogModuleManager: Shutting down and abandoning module TextureFormatASTC (48)
[2016.07.08-11.08.06:658][131]LogModuleManager: Shutting down and abandoning module TextureFormatAndroid (47)
[2016.07.08-11.08.06:658][131]LogModuleManager: Shutting down and abandoning module AudioFormatOpus (46)
[2016.07.08-11.08.06:658][131]LogModuleManager: Shutting down and abandoning module AudioFormatOgg (45)
[2016.07.08-11.08.06:658][131]LogModuleManager: Shutting down and abandoning module AudioFormatADPCM (44)
[2016.07.08-11.08.06:658][131]LogModuleManager: Shutting down and abandoning module LinuxTargetPlatform (43)
[2016.07.08-11.08.06:658][131]LogModuleManager: Shutting down and abandoning module LinuxServerTargetPlatform (42)
[2016.07.08-11.08.06:658][131]LogModuleManager: Shutting down and abandoning module LinuxNoEditorTargetPlatform (41)
[2016.07.08-11.08.06:658][131]LogModuleManager: Shutting down and abandoning module TVOSTargetPlatform (40)
[2016.07.08-11.08.06:658][131]LogModuleManager: Shutting down and abandoning module Messaging (39)
[2016.07.08-11.08.06:658][131]LogModuleManager: Shutting down and abandoning module IOSTargetPlatform (38)
[2016.07.08-11.08.06:658][131]LogModuleManager: Shutting down and abandoning module HTML5TargetPlatform (37)
[2016.07.08-11.08.06:658][131]LogModuleManager: Shutting down and abandoning module Android_PVRTCTargetPlatform (36)
[2016.07.08-11.08.06:658][131]LogModuleManager: Shutting down and abandoning module Android_MultiTargetPlatform (35)
[2016.07.08-11.08.06:658][131]LogModuleManager: Shutting down and abandoning module Android_ETC2TargetPlatform (34)
[2016.07.08-11.08.06:658][131]LogModuleManager: Shutting down and abandoning module Android_ETC1TargetPlatform (33)
[2016.07.08-11.08.06:658][131]LogModuleManager: Shutting down and abandoning module Android_DXTTargetPlatform (32)
[2016.07.08-11.08.06:658][131]LogModuleManager: Shutting down and abandoning module Android_ATCTargetPlatform (31)
[2016.07.08-11.08.06:658][131]LogModuleManager: Shutting down and abandoning module Android_ASTCTargetPlatform (30)
[2016.07.08-11.08.06:658][131]LogModuleManager: Shutting down and abandoning module AndroidTargetPlatform (29)
[2016.07.08-11.08.06:658][131]LogModuleManager: Shutting down and abandoning module WindowsTargetPlatform (28)
[2016.07.08-11.08.06:658][131]LogModuleManager: Shutting down and abandoning module WindowsServerTargetPlatform (27)
[2016.07.08-11.08.06:658][131]LogModuleManager: Shutting down and abandoning module WindowsNoEditorTargetPlatform (26)
[2016.07.08-11.08.06:658][131]LogModuleManager: Shutting down and abandoning module WindowsClientTargetPlatform (25)
[2016.07.08-11.08.06:658][131]LogModuleManager: Shutting down and abandoning module AllDesktopTargetPlatform (24)
[2016.07.08-11.08.06:658][131]LogModuleManager: Shutting down and abandoning module TargetPlatform (23)
[2016.07.08-11.08.06:658][131]LogModuleManager: Shutting down and abandoning module InputCore (22)
[2016.07.08-11.08.06:658][131]LogModuleManager: Shutting down and abandoning module Settings (21)
[2016.07.08-11.08.06:658][131]LogModuleManager: Shutting down and abandoning module OnlineSubsystem (19)
[2016.07.08-11.08.06:658][131]LogModuleManager: Shutting down and abandoning module HTTP (18)
[2016.07.08-11.08.08:162][131]LogModuleManager: Shutting down and abandoning module XMPP (17)
[2016.07.08-11.08.08:162][131]LogModuleManager: Shutting down and abandoning module OculusRift (16)
[2016.07.08-11.08.08:162][131]LogModuleManager: Shutting down and abandoning module ExampleDeviceProfileSelector (15)
[2016.07.08-11.08.08:162][131]LogModuleManager: Shutting down and abandoning module TextureCompressor (14)
[2016.07.08-11.08.08:162][131]LogModuleManager: Shutting down and abandoning module ShaderCore (13)
[2016.07.08-11.08.08:162][131]LogModuleManager: Shutting down and abandoning module Landscape (12)
[2016.07.08-11.08.08:162][131]LogModuleManager: Shutting down and abandoning module SlateRHIRenderer (11)
[2016.07.08-11.08.08:165][131]LogModuleManager: Shutting down and abandoning module OpenGLDrv (10)
[2016.07.08-11.08.08:165][131]LogModuleManager: Shutting down and abandoning module D3D11RHI (9)
[2016.07.08-11.08.08:165][131]LogModuleManager: Shutting down and abandoning module AnimGraphRuntime (8)
[2016.07.08-11.08.08:165][131]LogModuleManager: Shutting down and abandoning module Renderer (7)
[2016.07.08-11.08.08:165][131]LogModuleManager: Shutting down and abandoning module Engine (6)
[2016.07.08-11.08.08:165][131]LogModuleManager: Shutting down and abandoning module CoreUObject (5)
[2016.07.08-11.08.08:165][131]LogModuleManager: Shutting down and abandoning module NetworkFile (4)
[2016.07.08-11.08.08:165][131]LogModuleManager: Shutting down and abandoning module StreamingFile (3)
[2016.07.08-11.08.08:165][131]LogModuleManager: Shutting down and abandoning module SandboxFile (2)
[2016.07.08-11.08.08:165][131]LogModuleManager: Shutting down and abandoning module PakFile (1)
[2016.07.08-11.08.08:166][131]LogExit: Exiting.
[2016.07.08-11.08.08:168][131]Log file closed, 07/08/16 20:08:08
